<?xml version="1.0" encoding="UTF-8"?>
<coverage generated="1619032892808" clover="3.2.0">
  <project timestamp="1619032892809" name="All files">
    <metrics statements="823" coveredstatements="823" conditionals="275" coveredconditionals="275" methods="212" coveredmethods="212" elements="1310" coveredelements="1310" complexity="0" loc="823" ncloc="823" packages="27" files="29" classes="29"/>
    <package name="clio">
      <metrics statements="501" coveredstatements="501" conditionals="259" coveredconditionals="259" methods="88" coveredmethods="88"/>
      <file name="index.js" path="/Users/pouya/Projects/roots/examples/clio/index.js">
        <metrics statements="11" coveredstatements="11" conditionals="1" coveredconditionals="1" methods="2" coveredmethods="2"/>
        <line num="1" count="1" type="stmt"/>
        <line num="2" count="1" type="stmt"/>
        <line num="3" count="1" type="stmt"/>
        <line num="4" count="1" type="stmt"/>
        <line num="13" count="1" type="stmt"/>
        <line num="15" count="1" type="stmt"/>
        <line num="74" count="140" type="stmt"/>
        <line num="75" count="1" type="cond" truecount="1" falsecount="0"/>
        <line num="76" count="146" type="stmt"/>
        <line num="79" count="140" type="stmt"/>
        <line num="114" count="1" type="stmt"/>
      </file>
      <file name="lexer.js" path="/Users/pouya/Projects/roots/examples/clio/lexer.js">
        <metrics statements="232" coveredstatements="232" conditionals="132" coveredconditionals="132" methods="14" coveredmethods="14"/>
        <line num="1" count="1" type="stmt"/>
        <line num="3" count="1" type="stmt"/>
        <line num="4" count="1" type="stmt"/>
        <line num="6" count="1" type="stmt"/>
        <line num="7" count="1" type="stmt"/>
        <line num="8" count="1" type="stmt"/>
        <line num="9" count="1" type="stmt"/>
        <line num="10" count="1" type="stmt"/>
        <line num="11" count="1" type="stmt"/>
        <line num="12" count="1" type="stmt"/>
        <line num="14" count="1" type="stmt"/>
        <line num="15" count="1" type="stmt"/>
        <line num="16" count="1" type="stmt"/>
        <line num="18" count="1" type="cond" truecount="2" falsecount="0"/>
        <line num="19" count="156" type="stmt"/>
        <line num="20" count="156" type="stmt"/>
        <line num="21" count="156" type="stmt"/>
        <line num="22" count="156" type="stmt"/>
        <line num="23" count="156" type="stmt"/>
        <line num="24" count="156" type="stmt"/>
        <line num="25" count="156" type="stmt"/>
        <line num="26" count="156" type="cond" truecount="2" falsecount="0"/>
        <line num="27" count="2130" type="stmt"/>
        <line num="28" count="2130" type="stmt"/>
        <line num="29" count="2130" type="stmt"/>
        <line num="32" count="156" type="stmt"/>
        <line num="33" count="94" type="stmt"/>
        <line num="34" count="94" type="cond" truecount="2" falsecount="0"/>
        <line num="35" count="94" type="stmt"/>
        <line num="38" count="156" type="stmt"/>
        <line num="39" count="10" type="stmt"/>
        <line num="42" count="10" type="stmt"/>
        <line num="43" count="10" type="stmt"/>
        <line num="45" count="34" type="stmt"/>
        <line num="46" count="34" type="cond" truecount="2" falsecount="0"/>
        <line num="47" count="10" type="stmt"/>
        <line num="48" count="10" type="stmt"/>
        <line num="49" count="24" type="cond" truecount="2" falsecount="0"/>
        <line num="50" count="1" type="stmt"/>
        <line num="51" count="23" type="cond" truecount="2" falsecount="0"/>
        <line num="52" count="10" type="stmt"/>
        <line num="53" count="10" type="stmt"/>
        <line num="54" count="10" type="stmt"/>
        <line num="55" count="84" type="cond" truecount="3" falsecount="0"/>
        <line num="57" count="10" type="stmt"/>
        <line num="58" count="10" type="stmt"/>
        <line num="60" count="10" type="stmt"/>
        <line num="61" count="10" type="stmt"/>
        <line num="63" count="64" type="stmt"/>
        <line num="65" count="84" type="stmt"/>
        <line num="66" count="84" type="stmt"/>
        <line num="67" count="84" type="cond" truecount="2" falsecount="0"/>
        <line num="69" count="10" type="stmt"/>
        <line num="70" count="10" type="stmt"/>
        <line num="71" count="10" type="cond" truecount="2" falsecount="0"/>
        <line num="72" count="9" type="stmt"/>
        <line num="73" count="9" type="stmt"/>
        <line num="74" count="9" type="stmt"/>
        <line num="75" count="9" type="stmt"/>
        <line num="79" count="10" type="stmt"/>
        <line num="80" count="10" type="stmt"/>
        <line num="82" count="13" type="stmt"/>
        <line num="85" count="10" type="stmt"/>
        <line num="88" count="156" type="stmt"/>
        <line num="89" count="32" type="cond" truecount="2" falsecount="0"/>
        <line num="90" count="22" type="stmt"/>
        <line num="93" count="22" type="stmt"/>
        <line num="94" count="22" type="stmt"/>
        <line num="97" count="156" type="stmt"/>
        <line num="98" count="9" type="stmt"/>
        <line num="99" count="9" type="cond" truecount="2" falsecount="0"/>
        <line num="100" count="3" type="stmt"/>
        <line num="101" count="3" type="stmt"/>
        <line num="102" count="3" type="cond" truecount="2" falsecount="0"/>
        <line num="104" count="9" type="stmt"/>
        <line num="106" count="156" type="stmt"/>
        <line num="107" count="3" type="stmt"/>
        <line num="108" count="3" type="stmt"/>
        <line num="109" count="3" type="stmt"/>
        <line num="110" count="3" type="stmt"/>
        <line num="111" count="14" type="stmt"/>
        <line num="112" count="14" type="cond" truecount="2" falsecount="0"/>
        <line num="113" count="7" type="stmt"/>
        <line num="114" count="7" type="stmt"/>
        <line num="115" count="7" type="cond" truecount="2" falsecount="0"/>
        <line num="116" count="4" type="stmt"/>
        <line num="117" count="4" type="stmt"/>
        <line num="118" count="4" type="stmt"/>
        <line num="120" count="3" type="stmt"/>
        <line num="121" count="3" type="stmt"/>
        <line num="122" count="3" type="stmt"/>
        <line num="124" count="14" type="cond" truecount="2" falsecount="0"/>
        <line num="125" count="12" type="cond" truecount="4" falsecount="0"/>
        <line num="127" count="2" type="stmt"/>
        <line num="130" count="2" type="stmt"/>
        <line num="133" count="156" type="stmt"/>
        <line num="135" count="97" type="cond" truecount="5" falsecount="0"/>
        <line num="137" count="92" type="stmt"/>
        <line num="138" count="92" type="cond" truecount="2" falsecount="0"/>
        <line num="141" count="8" type="stmt"/>
        <line num="143" count="84" type="cond" truecount="2" falsecount="0"/>
        <line num="145" count="83" type="stmt"/>
        <line num="146" count="83" type="cond" truecount="2" falsecount="0"/>
        <line num="148" count="74" type="stmt"/>
        <line num="150" count="74" type="stmt"/>
        <line num="151" count="74" type="stmt"/>
        <line num="152" count="74" type="cond" truecount="2" falsecount="0"/>
        <line num="154" count="55" type="cond" truecount="2" falsecount="0"/>
        <line num="155" count="12" type="cond" truecount="2" falsecount="0"/>
        <line num="156" count="1" type="stmt"/>
        <line num="157" count="11" type="stmt"/>
        <line num="158" count="12" type="stmt"/>
        <line num="159" count="12" type="stmt"/>
        <line num="163" count="43" type="stmt"/>
        <line num="166" count="43" type="stmt"/>
        <line num="170" count="156" type="stmt"/>
        <line num="171" count="704" type="stmt"/>
        <line num="174" count="704" type="stmt"/>
        <line num="175" count="704" type="stmt"/>
        <line num="178" count="156" type="stmt"/>
        <line num="179" count="563" type="stmt"/>
        <line num="180" count="563" type="cond" truecount="2" falsecount="0"/>
        <line num="181" count="563" type="stmt"/>
        <line num="184" count="156" type="stmt"/>
        <line num="185" count="31" type="stmt"/>
        <line num="186" count="31" type="cond" truecount="2" falsecount="0"/>
        <line num="187" count="31" type="stmt"/>
        <line num="190" count="156" type="stmt"/>
        <line num="191" count="436" type="stmt"/>
        <line num="192" count="436" type="cond" truecount="2" falsecount="0"/>
        <line num="193" count="436" type="stmt"/>
        <line num="196" count="156" type="stmt"/>
        <line num="197" count="448" type="stmt"/>
        <line num="198" count="448" type="cond" truecount="2" falsecount="0"/>
        <line num="199" count="448" type="stmt"/>
        <line num="202" count="156" type="stmt"/>
        <line num="203" count="1905" type="stmt"/>
        <line num="204" count="1905" type="cond" truecount="2" falsecount="0"/>
        <line num="205" count="1038" type="cond" truecount="2" falsecount="0"/>
        <line num="206" count="1028" type="cond" truecount="2" falsecount="0"/>
        <line num="208" count="156" type="stmt"/>
        <line num="209" count="1911" type="stmt"/>
        <line num="210" count="1911" type="cond" truecount="33" falsecount="0"/>
        <line num="212" count="10" type="stmt"/>
        <line num="213" count="10" type="stmt"/>
        <line num="215" count="27" type="cond" truecount="2" falsecount="0"/>
        <line num="216" count="17" type="stmt"/>
        <line num="217" count="27" type="stmt"/>
        <line num="219" count="42" type="stmt"/>
        <line num="220" count="42" type="stmt"/>
        <line num="222" count="3" type="stmt"/>
        <line num="223" count="3" type="stmt"/>
        <line num="224" count="3" type="stmt"/>
        <line num="226" count="4" type="stmt"/>
        <line num="227" count="4" type="stmt"/>
        <line num="228" count="4" type="cond" truecount="2" falsecount="0"/>
        <line num="229" count="3" type="stmt"/>
        <line num="231" count="31" type="cond" truecount="2" falsecount="0"/>
        <line num="232" count="17" type="stmt"/>
        <line num="233" count="17" type="stmt"/>
        <line num="235" count="31" type="stmt"/>
        <line num="237" count="18" type="stmt"/>
        <line num="238" count="18" type="stmt"/>
        <line num="239" count="18" type="cond" truecount="2" falsecount="0"/>
        <line num="240" count="17" type="stmt"/>
        <line num="242" count="28" type="stmt"/>
        <line num="243" count="28" type="stmt"/>
        <line num="244" count="28" type="stmt"/>
        <line num="246" count="29" type="stmt"/>
        <line num="247" count="29" type="stmt"/>
        <line num="248" count="29" type="stmt"/>
        <line num="249" count="29" type="cond" truecount="2" falsecount="0"/>
        <line num="250" count="28" type="stmt"/>
        <line num="252" count="49" type="stmt"/>
        <line num="253" count="49" type="stmt"/>
        <line num="255" count="32" type="stmt"/>
        <line num="256" count="32" type="stmt"/>
        <line num="258" count="76" type="cond" truecount="2" falsecount="0"/>
        <line num="259" count="67" type="stmt"/>
        <line num="260" count="67" type="stmt"/>
        <line num="261" count="9" type="cond" truecount="4" falsecount="0"/>
        <line num="262" count="6" type="stmt"/>
        <line num="264" count="76" type="stmt"/>
        <line num="266" count="30" type="cond" truecount="2" falsecount="0"/>
        <line num="267" count="3" type="stmt"/>
        <line num="269" count="27" type="stmt"/>
        <line num="271" count="29" type="stmt"/>
        <line num="273" count="9" type="cond" truecount="2" falsecount="0"/>
        <line num="274" count="8" type="stmt"/>
        <line num="275" count="9" type="stmt"/>
        <line num="277" count="6" type="cond" truecount="2" falsecount="0"/>
        <line num="278" count="4" type="stmt"/>
        <line num="279" count="6" type="stmt"/>
        <line num="281" count="20" type="cond" truecount="2" falsecount="0"/>
        <line num="282" count="8" type="stmt"/>
        <line num="283" count="8" type="stmt"/>
        <line num="284" count="12" type="cond" truecount="2" falsecount="0"/>
        <line num="285" count="7" type="stmt"/>
        <line num="286" count="20" type="stmt"/>
        <line num="288" count="2" type="stmt"/>
        <line num="289" count="2" type="stmt"/>
        <line num="291" count="2" type="stmt"/>
        <line num="292" count="2" type="stmt"/>
        <line num="294" count="42" type="cond" truecount="2" falsecount="0"/>
        <line num="295" count="41" type="stmt"/>
        <line num="296" count="42" type="stmt"/>
        <line num="307" count="85" type="stmt"/>
        <line num="308" count="85" type="stmt"/>
        <line num="310" count="704" type="stmt"/>
        <line num="311" count="704" type="stmt"/>
        <line num="313" count="2" type="stmt"/>
        <line num="314" count="2" type="stmt"/>
        <line num="315" count="2" type="stmt"/>
        <line num="317" count="97" type="stmt"/>
        <line num="318" count="97" type="stmt"/>
        <line num="319" count="97" type="stmt"/>
        <line num="320" count="97" type="stmt"/>
        <line num="321" count="96" type="stmt"/>
        <line num="323" count="563" type="cond" truecount="5" falsecount="0"/>
        <line num="324" count="1" type="stmt"/>
        <line num="325" count="562" type="stmt"/>
        <line num="327" count="1905" type="stmt"/>
        <line num="329" count="150" type="stmt"/>
        <line num="330" count="30" type="stmt"/>
        <line num="331" count="30" type="stmt"/>
        <line num="333" count="150" type="stmt"/>
        <line num="334" count="150" type="stmt"/>
        <line num="335" count="150" type="stmt"/>
        <line num="336" count="150" type="stmt"/>
        <line num="337" count="150" type="stmt"/>
        <line num="346" count="150" type="stmt"/>
        <line num="349" count="1" type="stmt"/>
      </file>
      <file name="types.js" path="/Users/pouya/Projects/roots/examples/clio/types.js">
        <metrics statements="258" coveredstatements="258" conditionals="126" coveredconditionals="126" methods="72" coveredmethods="72"/>
        <line num="1" count="1" type="stmt"/>
        <line num="2" count="1" type="stmt"/>
        <line num="4" count="87" type="stmt"/>
        <line num="5" count="1" type="stmt"/>
        <line num="6" count="959" type="stmt"/>
        <line num="8" count="1" type="stmt"/>
        <line num="10" count="1" type="stmt"/>
        <line num="11" count="317" type="cond" truecount="2" falsecount="0"/>
        <line num="12" count="10" type="stmt"/>
        <line num="13" count="307" type="cond" truecount="2" falsecount="0"/>
        <line num="16" count="1" type="stmt"/>
        <line num="17" count="133" type="cond" truecount="2" falsecount="0"/>
        <line num="18" count="4" type="cond" truecount="2" falsecount="0"/>
        <line num="19" count="2" type="stmt"/>
        <line num="25" count="2" type="cond" truecount="2" falsecount="0"/>
        <line num="26" count="1" type="stmt"/>
        <line num="34" count="1" type="stmt"/>
        <line num="63" count="129" type="stmt"/>
        <line num="66" count="1" type="stmt"/>
        <line num="68" count="688" type="stmt"/>
        <line num="71" count="102" type="stmt"/>
        <line num="79" count="6" type="cond" truecount="2" falsecount="0"/>
        <line num="82" count="6" type="cond" truecount="2" falsecount="0"/>
        <line num="83" count="1" type="stmt"/>
        <line num="84" count="6" type="stmt"/>
        <line num="90" count="6" type="stmt"/>
        <line num="91" count="6" type="stmt"/>
        <line num="94" count="50" type="stmt"/>
        <line num="95" count="50" type="stmt"/>
        <line num="96" count="54" type="stmt"/>
        <line num="97" count="54" type="stmt"/>
        <line num="98" count="50" type="stmt"/>
        <line num="99" count="50" type="cond" truecount="2" falsecount="0"/>
        <line num="101" count="50" type="cond" truecount="2" falsecount="0"/>
        <line num="102" count="4" type="stmt"/>
        <line num="112" count="46" type="stmt"/>
        <line num="114" count="50" type="stmt"/>
        <line num="122" count="50" type="cond" truecount="2" falsecount="0"/>
        <line num="123" count="26" type="cond" truecount="2" falsecount="0"/>
        <line num="124" count="26" type="cond" truecount="2" falsecount="0"/>
        <line num="125" count="9" type="stmt"/>
        <line num="126" count="26" type="stmt"/>
        <line num="134" count="50" type="cond" truecount="2" falsecount="0"/>
        <line num="135" count="50" type="stmt"/>
        <line num="136" count="4" type="cond" truecount="3" falsecount="0"/>
        <line num="137" count="50" type="stmt"/>
        <line num="140" count="119" type="cond" truecount="2" falsecount="0"/>
        <line num="141" count="36" type="stmt"/>
        <line num="142" count="36" type="stmt"/>
        <line num="144" count="83" type="stmt"/>
        <line num="145" count="83" type="stmt"/>
        <line num="146" count="114" type="stmt"/>
        <line num="147" count="114" type="stmt"/>
        <line num="148" count="83" type="stmt"/>
        <line num="154" count="83" type="cond" truecount="2" falsecount="0"/>
        <line num="155" count="9" type="cond" truecount="2" falsecount="0"/>
        <line num="156" count="9" type="cond" truecount="2" falsecount="0"/>
        <line num="157" count="4" type="stmt"/>
        <line num="158" count="9" type="stmt"/>
        <line num="166" count="83" type="cond" truecount="2" falsecount="0"/>
        <line num="167" count="104" type="cond" truecount="2" falsecount="0"/>
        <line num="168" count="83" type="stmt"/>
        <line num="170" count="6" type="stmt"/>
        <line num="173" count="41" type="stmt"/>
        <line num="174" count="41" type="stmt"/>
        <line num="182" count="59" type="stmt"/>
        <line num="185" count="14" type="stmt"/>
        <line num="187" count="14" type="stmt"/>
        <line num="190" count="14" type="stmt"/>
        <line num="193" count="14" type="stmt"/>
        <line num="194" count="14" type="stmt"/>
        <line num="197" count="35" type="stmt"/>
        <line num="198" count="35" type="stmt"/>
        <line num="199" count="35" type="stmt"/>
        <line num="201" count="4" type="stmt"/>
        <line num="204" count="35" type="cond" truecount="2" falsecount="0"/>
        <line num="205" count="4" type="stmt"/>
        <line num="206" count="4" type="stmt"/>
        <line num="207" count="4" type="cond" truecount="2" falsecount="0"/>
        <line num="208" count="4" type="stmt"/>
        <line num="209" count="31" type="cond" truecount="2" falsecount="0"/>
        <line num="210" count="2" type="cond" truecount="2" falsecount="0"/>
        <line num="211" count="1" type="stmt"/>
        <line num="212" count="2" type="stmt"/>
        <line num="213" count="2" type="stmt"/>
        <line num="215" count="35" type="cond" truecount="2" falsecount="0"/>
        <line num="220" count="35" type="cond" truecount="2" falsecount="0"/>
        <line num="221" count="35" type="stmt"/>
        <line num="228" count="35" type="cond" truecount="2" falsecount="0"/>
        <line num="229" count="35" type="stmt"/>
        <line num="232" count="28" type="stmt"/>
        <line num="233" count="28" type="cond" truecount="2" falsecount="0"/>
        <line num="234" count="28" type="cond" truecount="2" falsecount="0"/>
        <line num="253" count="28" type="stmt"/>
        <line num="266" count="28" type="stmt"/>
        <line num="267" count="28" type="stmt"/>
        <line num="268" count="28" type="stmt"/>
        <line num="269" count="28" type="stmt"/>
        <line num="272" count="4" type="stmt"/>
        <line num="273" count="4" type="stmt"/>
        <line num="279" count="4" type="stmt"/>
        <line num="280" count="4" type="stmt"/>
        <line num="283" count="1" type="stmt"/>
        <line num="284" count="1" type="stmt"/>
        <line num="290" count="1" type="stmt"/>
        <line num="291" count="1" type="stmt"/>
        <line num="298" count="8" type="stmt"/>
        <line num="299" count="8" type="stmt"/>
        <line num="306" count="8" type="cond" truecount="1" falsecount="0"/>
        <line num="310" count="8" type="cond" truecount="2" falsecount="0"/>
        <line num="316" count="8" type="cond" truecount="2" falsecount="0"/>
        <line num="317" count="4" type="stmt"/>
        <line num="337" count="8" type="cond" truecount="2" falsecount="0"/>
        <line num="338" count="4" type="stmt"/>
        <line num="340" count="4" type="stmt"/>
        <line num="342" count="4" type="stmt"/>
        <line num="343" count="9" type="cond" truecount="2" falsecount="0"/>
        <line num="344" count="5" type="stmt"/>
        <line num="345" count="4" type="cond" truecount="2" falsecount="0"/>
        <line num="346" count="2" type="stmt"/>
        <line num="354" count="2" type="stmt"/>
        <line num="360" count="4" type="cond" truecount="2" falsecount="0"/>
        <line num="361" count="4" type="stmt"/>
        <line num="367" count="8" type="stmt"/>
        <line num="370" count="10" type="stmt"/>
        <line num="371" count="10" type="stmt"/>
        <line num="372" count="10" type="stmt"/>
        <line num="373" count="10" type="stmt"/>
        <line num="374" count="198" type="cond" truecount="2" falsecount="0"/>
        <line num="375" count="12" type="stmt"/>
        <line num="376" count="12" type="stmt"/>
        <line num="379" count="10" type="stmt"/>
        <line num="380" count="10" type="stmt"/>
        <line num="393" count="58" type="stmt"/>
        <line num="394" count="58" type="stmt"/>
        <line num="400" count="19" type="stmt"/>
        <line num="401" count="19" type="stmt"/>
        <line num="402" count="19" type="stmt"/>
        <line num="403" count="19" type="stmt"/>
        <line num="415" count="19" type="stmt"/>
        <line num="416" count="19" type="stmt"/>
        <line num="417" count="1" type="cond" truecount="2" falsecount="0"/>
        <line num="418" count="1" type="stmt"/>
        <line num="426" count="1" type="stmt"/>
        <line num="428" count="19" type="stmt"/>
        <line num="429" count="19" type="stmt"/>
        <line num="430" count="19" type="stmt"/>
        <line num="431" count="19" type="stmt"/>
        <line num="434" count="8" type="stmt"/>
        <line num="435" count="8" type="stmt"/>
        <line num="441" count="8" type="stmt"/>
        <line num="442" count="8" type="stmt"/>
        <line num="445" count="4" type="stmt"/>
        <line num="446" count="4" type="stmt"/>
        <line num="451" count="5" type="stmt"/>
        <line num="464" count="4" type="stmt"/>
        <line num="465" count="4" type="stmt"/>
        <line num="466" count="5" type="cond" truecount="2" falsecount="0"/>
        <line num="467" count="4" type="stmt"/>
        <line num="470" count="11" type="stmt"/>
        <line num="471" count="11" type="stmt"/>
        <line num="472" count="11" type="stmt"/>
        <line num="481" count="11" type="stmt"/>
        <line num="482" count="11" type="stmt"/>
        <line num="485" count="5" type="stmt"/>
        <line num="486" count="5" type="stmt"/>
        <line num="487" count="5" type="stmt"/>
        <line num="498" count="5" type="stmt"/>
        <line num="499" count="5" type="stmt"/>
        <line num="502" count="6" type="stmt"/>
        <line num="503" count="6" type="stmt"/>
        <line num="509" count="6" type="stmt"/>
        <line num="510" count="6" type="stmt"/>
        <line num="513" count="5" type="stmt"/>
        <line num="514" count="5" type="stmt"/>
        <line num="515" count="5" type="stmt"/>
        <line num="516" count="5" type="stmt"/>
        <line num="517" count="1" type="cond" truecount="2" falsecount="0"/>
        <line num="518" count="5" type="stmt"/>
        <line num="521" count="6" type="stmt"/>
        <line num="522" count="6" type="stmt"/>
        <line num="523" count="6" type="stmt"/>
        <line num="524" count="6" type="stmt"/>
        <line num="529" count="6" type="stmt"/>
        <line num="532" count="4" type="stmt"/>
        <line num="533" count="6" type="stmt"/>
        <line num="536" count="25" type="stmt"/>
        <line num="537" count="25" type="stmt"/>
        <line num="542" count="25" type="stmt"/>
        <line num="543" count="67" type="stmt"/>
        <line num="545" count="25" type="cond" truecount="2" falsecount="0"/>
        <line num="546" count="1" type="stmt"/>
        <line num="549" count="67" type="stmt"/>
        <line num="550" count="25" type="stmt"/>
        <line num="553" count="16" type="stmt"/>
        <line num="554" count="16" type="stmt"/>
        <line num="555" count="16" type="stmt"/>
        <line num="558" count="21" type="stmt"/>
        <line num="562" count="21" type="stmt"/>
        <line num="563" count="21" type="stmt"/>
        <line num="566" count="12" type="stmt"/>
        <line num="572" count="16" type="stmt"/>
        <line num="573" count="12" type="stmt"/>
        <line num="576" count="32" type="stmt"/>
        <line num="583" count="12" type="cond" truecount="2" falsecount="0"/>
        <line num="584" count="12" type="cond" truecount="2" falsecount="0"/>
        <line num="585" count="12" type="cond" truecount="2" falsecount="0"/>
        <line num="586" count="12" type="stmt"/>
        <line num="587" count="12" type="stmt"/>
        <line num="597" count="12" type="stmt"/>
        <line num="599" count="12" type="stmt"/>
        <line num="602" count="9" type="stmt"/>
        <line num="603" count="9" type="stmt"/>
        <line num="606" count="1" type="stmt"/>
        <line num="609" count="1" type="stmt"/>
        <line num="610" count="1" type="stmt"/>
        <line num="618" count="1" type="cond" truecount="2" falsecount="0"/>
        <line num="619" count="1" type="stmt"/>
        <line num="622" count="3" type="stmt"/>
        <line num="623" count="3" type="stmt"/>
        <line num="633" count="6" type="stmt"/>
        <line num="634" count="3" type="stmt"/>
        <line num="637" count="50" type="cond" truecount="2" falsecount="0"/>
        <line num="638" count="44" type="cond" truecount="4" falsecount="0"/>
        <line num="639" count="2" type="stmt"/>
        <line num="640" count="44" type="stmt"/>
        <line num="641" count="44" type="stmt"/>
        <line num="646" count="44" type="stmt"/>
        <line num="647" count="44" type="stmt"/>
        <line num="648" count="44" type="stmt"/>
        <line num="651" count="7" type="stmt"/>
        <line num="652" count="7" type="stmt"/>
        <line num="659" count="7" type="stmt"/>
        <line num="660" count="7" type="stmt"/>
        <line num="661" count="7" type="stmt"/>
        <line num="664" count="11" type="stmt"/>
        <line num="671" count="11" type="stmt"/>
        <line num="677" count="11" type="stmt"/>
        <line num="678" count="11" type="stmt"/>
        <line num="679" count="11" type="stmt"/>
        <line num="682" count="25" type="stmt"/>
        <line num="690" count="4" type="stmt"/>
        <line num="699" count="14" type="stmt"/>
        <line num="700" count="14" type="stmt"/>
        <line num="701" count="14" type="stmt"/>
        <line num="704" count="19" type="stmt"/>
        <line num="711" count="15" type="cond" truecount="2" falsecount="0"/>
        <line num="714" count="1" type="stmt"/>
        <line num="715" count="1" type="stmt"/>
        <line num="718" count="140" type="stmt"/>
        <line num="719" count="147" type="stmt"/>
        <line num="722" count="140" type="stmt"/>
        <line num="723" count="140" type="stmt"/>
        <line num="731" count="1" type="stmt"/>
        <line num="732" count="1705" type="stmt"/>
        <line num="735" count="1" type="stmt"/>
        <line num="736" count="1" type="stmt"/>
        <line num="737" count="1" type="stmt"/>
      </file>
    </package>
    <package name="clio.syntax">
      <metrics statements="24" coveredstatements="24" conditionals="10" coveredconditionals="10" methods="2" coveredmethods="2"/>
      <file name="common.js" path="/Users/pouya/Projects/roots/examples/clio/syntax/common.js">
        <metrics statements="24" coveredstatements="24" conditionals="10" coveredconditionals="10" methods="2" coveredmethods="2"/>
        <line num="1" count="1" type="stmt"/>
        <line num="2" count="1" type="stmt"/>
        <line num="3" count="124" type="stmt"/>
        <line num="4" count="1435" type="stmt"/>
        <line num="5" count="1435" type="cond" truecount="2" falsecount="0"/>
        <line num="6" count="1435" type="stmt"/>
        <line num="7" count="2870" type="cond" truecount="2" falsecount="0"/>
        <line num="8" count="2816" type="cond" truecount="2" falsecount="0"/>
        <line num="9" count="2804" type="cond" truecount="2" falsecount="0"/>
        <line num="11" count="1435" type="stmt"/>
        <line num="18" count="1435" type="stmt"/>
        <line num="21" count="1" type="stmt"/>
        <line num="23" count="1" type="stmt"/>
        <line num="43" count="1" type="stmt"/>
        <line num="44" count="1" type="stmt"/>
        <line num="52" count="1" type="stmt"/>
        <line num="53" count="1" type="stmt"/>
        <line num="63" count="1" type="stmt"/>
        <line num="64" count="1" type="stmt"/>
        <line num="65" count="1" type="stmt"/>
        <line num="66" count="1" type="stmt"/>
        <line num="67" count="1" type="stmt"/>
        <line num="68" count="1" type="stmt"/>
        <line num="69" count="1" type="stmt"/>
      </file>
    </package>
    <package name="clio.syntax.arrays">
      <metrics statements="11" coveredstatements="11" conditionals="0" coveredconditionals="0" methods="4" coveredmethods="4"/>
      <file name="index.js" path="/Users/pouya/Projects/roots/examples/clio/syntax/arrays/index.js">
        <metrics statements="11" coveredstatements="11" conditionals="0" coveredconditionals="0" methods="4" coveredmethods="4"/>
        <line num="1" count="1" type="stmt"/>
        <line num="2" count="1" type="stmt"/>
        <line num="3" count="1" type="stmt"/>
        <line num="5" count="1" type="stmt"/>
        <line num="12" count="16" type="stmt"/>
        <line num="16" count="1" type="stmt"/>
        <line num="24" count="22" type="stmt"/>
        <line num="25" count="22" type="stmt"/>
        <line num="29" count="16" type="stmt"/>
        <line num="30" count="16" type="stmt"/>
        <line num="31" count="16" type="stmt"/>
      </file>
    </package>
    <package name="clio.syntax.assignments">
      <metrics statements="8" coveredstatements="8" conditionals="0" coveredconditionals="0" methods="2" coveredmethods="2"/>
      <file name="index.js" path="/Users/pouya/Projects/roots/examples/clio/syntax/assignments/index.js">
        <metrics statements="8" coveredstatements="8" conditionals="0" coveredconditionals="0" methods="2" coveredmethods="2"/>
        <line num="1" count="1" type="stmt"/>
        <line num="2" count="1" type="stmt"/>
        <line num="3" count="1" type="stmt"/>
        <line num="5" count="1" type="stmt"/>
        <line num="9" count="7" type="stmt"/>
        <line num="16" count="7" type="stmt"/>
        <line num="17" count="7" type="stmt"/>
        <line num="18" count="7" type="stmt"/>
      </file>
    </package>
    <package name="clio.syntax.await">
      <metrics statements="5" coveredstatements="5" conditionals="0" coveredconditionals="0" methods="2" coveredmethods="2"/>
      <file name="index.js" path="/Users/pouya/Projects/roots/examples/clio/syntax/await/index.js">
        <metrics statements="5" coveredstatements="5" conditionals="0" coveredconditionals="0" methods="2" coveredmethods="2"/>
        <line num="1" count="1" type="stmt"/>
        <line num="2" count="1" type="stmt"/>
        <line num="4" count="1" type="stmt"/>
        <line num="10" count="17" type="stmt"/>
        <line num="18" count="14" type="stmt"/>
      </file>
    </package>
    <package name="clio.syntax.blocks">
      <metrics statements="9" coveredstatements="9" conditionals="0" coveredconditionals="0" methods="4" coveredmethods="4"/>
      <file name="index.js" path="/Users/pouya/Projects/roots/examples/clio/syntax/blocks/index.js">
        <metrics statements="9" coveredstatements="9" conditionals="0" coveredconditionals="0" methods="4" coveredmethods="4"/>
        <line num="1" count="1" type="stmt"/>
        <line num="2" count="1" type="stmt"/>
        <line num="4" count="1" type="stmt"/>
        <line num="7" count="1" type="stmt"/>
        <line num="13" count="36" type="stmt"/>
        <line num="22" count="4" type="stmt"/>
        <line num="23" count="4" type="stmt"/>
        <line num="27" count="36" type="stmt"/>
        <line num="28" count="36" type="stmt"/>
      </file>
    </package>
    <package name="clio.syntax.boosters">
      <metrics statements="3" coveredstatements="3" conditionals="0" coveredconditionals="0" methods="0" coveredmethods="0"/>
      <file name="index.js" path="/Users/pouya/Projects/roots/examples/clio/syntax/boosters/index.js">
        <metrics statements="3" coveredstatements="3" conditionals="0" coveredconditionals="0" methods="0" coveredmethods="0"/>
        <line num="1" count="1" type="stmt"/>
        <line num="2" count="1" type="stmt"/>
        <line num="4" count="1" type="stmt"/>
      </file>
    </package>
    <package name="clio.syntax.calls">
      <metrics statements="28" coveredstatements="28" conditionals="2" coveredconditionals="2" methods="9" coveredmethods="9"/>
      <file name="index.js" path="/Users/pouya/Projects/roots/examples/clio/syntax/calls/index.js">
        <metrics statements="28" coveredstatements="28" conditionals="2" coveredconditionals="2" methods="9" coveredmethods="9"/>
        <line num="1" count="1" type="stmt"/>
        <line num="2" count="1" type="stmt"/>
        <line num="4" count="1" type="stmt"/>
        <line num="11" count="45" type="stmt"/>
        <line num="12" count="45" type="stmt"/>
        <line num="24" count="25" type="stmt"/>
        <line num="25" count="25" type="stmt"/>
        <line num="31" count="81" type="stmt"/>
        <line num="32" count="81" type="stmt"/>
        <line num="38" count="5" type="stmt"/>
        <line num="39" count="5" type="stmt"/>
        <line num="40" count="5" type="stmt"/>
        <line num="41" count="5" type="stmt"/>
        <line num="46" count="36" type="stmt"/>
        <line num="47" count="36" type="stmt"/>
        <line num="57" count="26" type="stmt"/>
        <line num="58" count="26" type="cond" truecount="2" falsecount="0"/>
        <line num="59" count="1" type="stmt"/>
        <line num="60" count="1" type="stmt"/>
        <line num="61" count="1" type="stmt"/>
        <line num="62" count="1" type="stmt"/>
        <line num="63" count="1" type="stmt"/>
        <line num="64" count="1" type="stmt"/>
        <line num="65" count="1" type="stmt"/>
        <line num="67" count="25" type="stmt"/>
        <line num="81" count="36" type="stmt"/>
        <line num="89" count="29" type="stmt"/>
        <line num="95" count="36" type="stmt"/>
      </file>
    </package>
    <package name="clio.syntax.clio">
      <metrics statements="9" coveredstatements="9" conditionals="0" coveredconditionals="0" methods="4" coveredmethods="4"/>
      <file name="index.js" path="/Users/pouya/Projects/roots/examples/clio/syntax/clio/index.js">
        <metrics statements="9" coveredstatements="9" conditionals="0" coveredconditionals="0" methods="4" coveredmethods="4"/>
        <line num="1" count="1" type="stmt"/>
        <line num="2" count="1" type="stmt"/>
        <line num="3" count="1" type="stmt"/>
        <line num="5" count="1" type="stmt"/>
        <line num="9" count="50" type="stmt"/>
        <line num="12" count="97" type="stmt"/>
        <line num="13" count="97" type="stmt"/>
        <line num="17" count="7" type="stmt"/>
        <line num="19" count="90" type="stmt"/>
      </file>
    </package>
    <package name="clio.syntax.comparisons">
      <metrics statements="7" coveredstatements="7" conditionals="0" coveredconditionals="0" methods="3" coveredmethods="3"/>
      <file name="index.js" path="/Users/pouya/Projects/roots/examples/clio/syntax/comparisons/index.js">
        <metrics statements="7" coveredstatements="7" conditionals="0" coveredconditionals="0" methods="3" coveredmethods="3"/>
        <line num="1" count="1" type="stmt"/>
        <line num="2" count="1" type="stmt"/>
        <line num="3" count="1" type="stmt"/>
        <line num="5" count="1" type="stmt"/>
        <line num="11" count="19" type="stmt"/>
        <line num="25" count="20" type="stmt"/>
        <line num="41" count="1" type="stmt"/>
      </file>
    </package>
    <package name="clio.syntax.conditionals">
      <metrics statements="29" coveredstatements="29" conditionals="0" coveredconditionals="0" methods="15" coveredmethods="15"/>
      <file name="index.js" path="/Users/pouya/Projects/roots/examples/clio/syntax/conditionals/index.js">
        <metrics statements="29" coveredstatements="29" conditionals="0" coveredconditionals="0" methods="15" coveredmethods="15"/>
        <line num="1" count="1" type="stmt"/>
        <line num="2" count="1" type="stmt"/>
        <line num="3" count="1" type="stmt"/>
        <line num="5" count="1" type="stmt"/>
        <line num="11" count="9" type="stmt"/>
        <line num="21" count="2" type="stmt"/>
        <line num="31" count="11" type="stmt"/>
        <line num="32" count="11" type="stmt"/>
        <line num="38" count="6" type="stmt"/>
        <line num="47" count="5" type="stmt"/>
        <line num="48" count="5" type="stmt"/>
        <line num="57" count="5" type="stmt"/>
        <line num="59" count="11" type="stmt"/>
        <line num="69" count="6" type="stmt"/>
        <line num="70" count="6" type="stmt"/>
        <line num="73" count="5" type="stmt"/>
        <line num="74" count="5" type="stmt"/>
        <line num="75" count="5" type="stmt"/>
        <line num="82" count="5" type="stmt"/>
        <line num="83" count="5" type="stmt"/>
        <line num="84" count="5" type="stmt"/>
        <line num="90" count="5" type="stmt"/>
        <line num="91" count="5" type="stmt"/>
        <line num="97" count="3" type="stmt"/>
        <line num="110" count="2" type="stmt"/>
        <line num="111" count="2" type="stmt"/>
        <line num="123" count="3" type="stmt"/>
        <line num="133" count="3" type="stmt"/>
        <line num="134" count="3" type="stmt"/>
      </file>
    </package>
    <package name="clio.syntax.exports">
      <metrics statements="4" coveredstatements="4" conditionals="0" coveredconditionals="0" methods="2" coveredmethods="2"/>
      <file name="index.js" path="/Users/pouya/Projects/roots/examples/clio/syntax/exports/index.js">
        <metrics statements="4" coveredstatements="4" conditionals="0" coveredconditionals="0" methods="2" coveredmethods="2"/>
        <line num="1" count="1" type="stmt"/>
        <line num="3" count="1" type="stmt"/>
        <line num="7" count="4" type="stmt"/>
        <line num="15" count="1" type="stmt"/>
      </file>
    </package>
    <package name="clio.syntax.fatAssignments">
      <metrics statements="11" coveredstatements="11" conditionals="0" coveredconditionals="0" methods="5" coveredmethods="5"/>
      <file name="index.js" path="/Users/pouya/Projects/roots/examples/clio/syntax/fatAssignments/index.js">
        <metrics statements="11" coveredstatements="11" conditionals="0" coveredconditionals="0" methods="5" coveredmethods="5"/>
        <line num="1" count="1" type="stmt"/>
        <line num="2" count="1" type="stmt"/>
        <line num="3" count="1" type="stmt"/>
        <line num="5" count="1" type="stmt"/>
        <line num="8" count="79" type="stmt"/>
        <line num="10" count="8" type="stmt"/>
        <line num="19" count="8" type="stmt"/>
        <line num="20" count="8" type="stmt"/>
        <line num="21" count="8" type="stmt"/>
        <line num="27" count="2" type="stmt"/>
        <line num="32" count="4" type="stmt"/>
      </file>
    </package>
    <package name="clio.syntax.formattedStrings">
      <metrics statements="18" coveredstatements="18" conditionals="0" coveredconditionals="0" methods="8" coveredmethods="8"/>
      <file name="index.js" path="/Users/pouya/Projects/roots/examples/clio/syntax/formattedStrings/index.js">
        <metrics statements="18" coveredstatements="18" conditionals="0" coveredconditionals="0" methods="8" coveredmethods="8"/>
        <line num="1" count="1" type="stmt"/>
        <line num="2" count="1" type="stmt"/>
        <line num="3" count="1" type="stmt"/>
        <line num="4" count="1" type="stmt"/>
        <line num="6" count="1" type="stmt"/>
        <line num="10" count="10" type="stmt"/>
        <line num="15" count="10" type="stmt"/>
        <line num="16" count="10" type="stmt"/>
        <line num="23" count="24" type="stmt"/>
        <line num="24" count="24" type="stmt"/>
        <line num="28" count="10" type="stmt"/>
        <line num="29" count="10" type="stmt"/>
        <line num="38" count="9" type="stmt"/>
        <line num="42" count="1" type="stmt"/>
        <line num="44" count="1" type="stmt"/>
        <line num="49" count="9" type="stmt"/>
        <line num="50" count="9" type="stmt"/>
        <line num="51" count="9" type="stmt"/>
      </file>
    </package>
    <package name="clio.syntax.functions">
      <metrics statements="20" coveredstatements="20" conditionals="0" coveredconditionals="0" methods="7" coveredmethods="7"/>
      <file name="index.js" path="/Users/pouya/Projects/roots/examples/clio/syntax/functions/index.js">
        <metrics statements="20" coveredstatements="20" conditionals="0" coveredconditionals="0" methods="7" coveredmethods="7"/>
        <line num="1" count="1" type="stmt"/>
        <line num="2" count="1" type="stmt"/>
        <line num="3" count="1" type="stmt"/>
        <line num="5" count="1" type="stmt"/>
        <line num="9" count="26" type="stmt"/>
        <line num="14" count="44" type="stmt"/>
        <line num="15" count="44" type="stmt"/>
        <line num="18" count="26" type="stmt"/>
        <line num="19" count="26" type="stmt"/>
        <line num="25" count="24" type="stmt"/>
        <line num="26" count="24" type="stmt"/>
        <line num="27" count="24" type="stmt"/>
        <line num="28" count="24" type="stmt"/>
        <line num="33" count="2" type="stmt"/>
        <line num="34" count="2" type="stmt"/>
        <line num="35" count="2" type="stmt"/>
        <line num="42" count="3" type="stmt"/>
        <line num="43" count="3" type="stmt"/>
        <line num="46" count="1" type="stmt"/>
        <line num="47" count="1" type="stmt"/>
      </file>
    </package>
    <package name="clio.syntax.hashmaps">
      <metrics statements="32" coveredstatements="32" conditionals="4" coveredconditionals="4" methods="10" coveredmethods="10"/>
      <file name="index.js" path="/Users/pouya/Projects/roots/examples/clio/syntax/hashmaps/index.js">
        <metrics statements="32" coveredstatements="32" conditionals="4" coveredconditionals="4" methods="10" coveredmethods="10"/>
        <line num="1" count="1" type="stmt"/>
        <line num="2" count="1" type="stmt"/>
        <line num="3" count="1" type="stmt"/>
        <line num="4" count="1" type="stmt"/>
        <line num="6" count="1" type="stmt"/>
        <line num="10" count="8" type="stmt"/>
        <line num="18" count="2" type="stmt"/>
        <line num="30" count="8" type="stmt"/>
        <line num="31" count="8" type="stmt"/>
        <line num="38" count="8" type="stmt"/>
        <line num="42" count="1" type="stmt"/>
        <line num="52" count="1" type="stmt"/>
        <line num="53" count="1" type="stmt"/>
        <line num="54" count="1" type="stmt"/>
        <line num="57" count="2" type="stmt"/>
        <line num="58" count="2" type="stmt"/>
        <line num="59" count="2" type="stmt"/>
        <line num="68" count="6" type="stmt"/>
        <line num="69" count="6" type="stmt"/>
        <line num="76" count="6" type="stmt"/>
        <line num="80" count="1" type="stmt"/>
        <line num="91" count="7" type="stmt"/>
        <line num="92" count="7" type="stmt"/>
        <line num="93" count="7" type="stmt"/>
        <line num="96" count="6" type="stmt"/>
        <line num="97" count="6" type="cond" truecount="2" falsecount="0"/>
        <line num="98" count="4" type="stmt"/>
        <line num="99" count="4" type="stmt"/>
        <line num="101" count="2" type="stmt"/>
        <line num="102" count="2" type="cond" truecount="2" falsecount="0"/>
        <line num="103" count="2" type="stmt"/>
        <line num="110" count="2" type="stmt"/>
      </file>
    </package>
    <package name="clio.syntax.imports">
      <metrics statements="17" coveredstatements="17" conditionals="0" coveredconditionals="0" methods="7" coveredmethods="7"/>
      <file name="index.js" path="/Users/pouya/Projects/roots/examples/clio/syntax/imports/index.js">
        <metrics statements="17" coveredstatements="17" conditionals="0" coveredconditionals="0" methods="7" coveredmethods="7"/>
        <line num="1" count="1" type="stmt"/>
        <line num="2" count="1" type="stmt"/>
        <line num="4" count="1" type="stmt"/>
        <line num="10" count="4" type="stmt"/>
        <line num="14" count="4" type="stmt"/>
        <line num="21" count="5" type="stmt"/>
        <line num="22" count="5" type="stmt"/>
        <line num="26" count="4" type="stmt"/>
        <line num="27" count="4" type="stmt"/>
        <line num="28" count="4" type="stmt"/>
        <line num="33" count="4" type="stmt"/>
        <line num="34" count="4" type="stmt"/>
        <line num="35" count="4" type="stmt"/>
        <line num="40" count="4" type="stmt"/>
        <line num="45" count="4" type="stmt"/>
        <line num="46" count="4" type="stmt"/>
        <line num="47" count="4" type="stmt"/>
      </file>
    </package>
    <package name="clio.syntax.in">
      <metrics statements="7" coveredstatements="7" conditionals="0" coveredconditionals="0" methods="2" coveredmethods="2"/>
      <file name="index.js" path="/Users/pouya/Projects/roots/examples/clio/syntax/in/index.js">
        <metrics statements="7" coveredstatements="7" conditionals="0" coveredconditionals="0" methods="2" coveredmethods="2"/>
        <line num="1" count="1" type="stmt"/>
        <line num="2" count="1" type="stmt"/>
        <line num="4" count="1" type="stmt"/>
        <line num="8" count="4" type="stmt"/>
        <line num="15" count="4" type="stmt"/>
        <line num="16" count="4" type="stmt"/>
        <line num="17" count="4" type="stmt"/>
      </file>
    </package>
    <package name="clio.syntax.logicals">
      <metrics statements="8" coveredstatements="8" conditionals="0" coveredconditionals="0" methods="4" coveredmethods="4"/>
      <file name="index.js" path="/Users/pouya/Projects/roots/examples/clio/syntax/logicals/index.js">
        <metrics statements="8" coveredstatements="8" conditionals="0" coveredconditionals="0" methods="4" coveredmethods="4"/>
        <line num="1" count="1" type="stmt"/>
        <line num="2" count="1" type="stmt"/>
        <line num="3" count="1" type="stmt"/>
        <line num="5" count="1" type="stmt"/>
        <line num="11" count="4" type="stmt"/>
        <line num="25" count="5" type="stmt"/>
        <line num="38" count="1" type="stmt"/>
        <line num="52" count="8" type="stmt"/>
      </file>
    </package>
    <package name="clio.syntax.math">
      <metrics statements="12" coveredstatements="12" conditionals="0" coveredconditionals="0" methods="8" coveredmethods="8"/>
      <file name="index.js" path="/Users/pouya/Projects/roots/examples/clio/syntax/math/index.js">
        <metrics statements="12" coveredstatements="12" conditionals="0" coveredconditionals="0" methods="8" coveredmethods="8"/>
        <line num="1" count="1" type="stmt"/>
        <line num="2" count="1" type="stmt"/>
        <line num="3" count="1" type="stmt"/>
        <line num="5" count="1" type="stmt"/>
        <line num="15" count="1" type="stmt"/>
        <line num="18" count="3" type="stmt"/>
        <line num="21" count="2" type="stmt"/>
        <line num="24" count="27" type="stmt"/>
        <line num="27" count="6" type="stmt"/>
        <line num="30" count="2" type="stmt"/>
        <line num="33" count="6" type="stmt"/>
        <line num="40" count="41" type="stmt"/>
      </file>
    </package>
    <package name="clio.syntax.methods">
      <metrics statements="4" coveredstatements="4" conditionals="0" coveredconditionals="0" methods="1" coveredmethods="1"/>
      <file name="index.js" path="/Users/pouya/Projects/roots/examples/clio/syntax/methods/index.js">
        <metrics statements="4" coveredstatements="4" conditionals="0" coveredconditionals="0" methods="1" coveredmethods="1"/>
        <line num="1" count="1" type="stmt"/>
        <line num="2" count="1" type="stmt"/>
        <line num="4" count="1" type="stmt"/>
        <line num="10" count="4" type="stmt"/>
      </file>
    </package>
    <package name="clio.syntax.parallelFns">
      <metrics statements="5" coveredstatements="5" conditionals="0" coveredconditionals="0" methods="2" coveredmethods="2"/>
      <file name="index.js" path="/Users/pouya/Projects/roots/examples/clio/syntax/parallelFns/index.js">
        <metrics statements="5" coveredstatements="5" conditionals="0" coveredconditionals="0" methods="2" coveredmethods="2"/>
        <line num="1" count="1" type="stmt"/>
        <line num="2" count="1" type="stmt"/>
        <line num="4" count="1" type="stmt"/>
        <line num="8" count="21" type="stmt"/>
        <line num="13" count="21" type="stmt"/>
      </file>
    </package>
    <package name="clio.syntax.properties">
      <metrics statements="5" coveredstatements="5" conditionals="0" coveredconditionals="0" methods="2" coveredmethods="2"/>
      <file name="index.js" path="/Users/pouya/Projects/roots/examples/clio/syntax/properties/index.js">
        <metrics statements="5" coveredstatements="5" conditionals="0" coveredconditionals="0" methods="2" coveredmethods="2"/>
        <line num="1" count="1" type="stmt"/>
        <line num="2" count="1" type="stmt"/>
        <line num="4" count="1" type="stmt"/>
        <line num="8" count="13" type="stmt"/>
        <line num="13" count="13" type="stmt"/>
      </file>
    </package>
    <package name="clio.syntax.ranges">
      <metrics statements="17" coveredstatements="17" conditionals="0" coveredconditionals="0" methods="11" coveredmethods="11"/>
      <file name="index.js" path="/Users/pouya/Projects/roots/examples/clio/syntax/ranges/index.js">
        <metrics statements="17" coveredstatements="17" conditionals="0" coveredconditionals="0" methods="11" coveredmethods="11"/>
        <line num="1" count="1" type="stmt"/>
        <line num="2" count="1" type="stmt"/>
        <line num="3" count="1" type="stmt"/>
        <line num="5" count="1" type="stmt"/>
        <line num="9" count="22" type="stmt"/>
        <line num="11" count="2" type="stmt"/>
        <line num="15" count="1" type="stmt"/>
        <line num="19" count="22" type="stmt"/>
        <line num="22" count="6" type="stmt"/>
        <line num="28" count="22" type="stmt"/>
        <line num="30" count="4" type="stmt"/>
        <line num="31" count="4" type="stmt"/>
        <line num="32" count="4" type="stmt"/>
        <line num="36" count="2" type="stmt"/>
        <line num="41" count="1" type="stmt"/>
        <line num="46" count="22" type="stmt"/>
        <line num="48" count="6" type="stmt"/>
      </file>
    </package>
    <package name="clio.syntax.sets">
      <metrics statements="11" coveredstatements="11" conditionals="0" coveredconditionals="0" methods="4" coveredmethods="4"/>
      <file name="index.js" path="/Users/pouya/Projects/roots/examples/clio/syntax/sets/index.js">
        <metrics statements="11" coveredstatements="11" conditionals="0" coveredconditionals="0" methods="4" coveredmethods="4"/>
        <line num="1" count="1" type="stmt"/>
        <line num="2" count="1" type="stmt"/>
        <line num="3" count="1" type="stmt"/>
        <line num="5" count="1" type="stmt"/>
        <line num="12" count="2" type="stmt"/>
        <line num="16" count="1" type="stmt"/>
        <line num="24" count="4" type="stmt"/>
        <line num="25" count="4" type="stmt"/>
        <line num="29" count="2" type="stmt"/>
        <line num="30" count="2" type="stmt"/>
        <line num="31" count="2" type="stmt"/>
      </file>
    </package>
    <package name="clio.syntax.slices">
      <metrics statements="8" coveredstatements="8" conditionals="0" coveredconditionals="0" methods="2" coveredmethods="2"/>
      <file name="index.js" path="/Users/pouya/Projects/roots/examples/clio/syntax/slices/index.js">
        <metrics statements="8" coveredstatements="8" conditionals="0" coveredconditionals="0" methods="2" coveredmethods="2"/>
        <line num="1" count="1" type="stmt"/>
        <line num="2" count="1" type="stmt"/>
        <line num="3" count="1" type="stmt"/>
        <line num="5" count="1" type="stmt"/>
        <line num="9" count="1" type="stmt"/>
        <line num="10" count="1" type="stmt"/>
        <line num="11" count="1" type="stmt"/>
        <line num="16" count="1" type="stmt"/>
      </file>
    </package>
    <package name="clio.syntax.wrapped">
      <metrics statements="10" coveredstatements="10" conditionals="0" coveredconditionals="0" methods="4" coveredmethods="4"/>
      <file name="index.js" path="/Users/pouya/Projects/roots/examples/clio/syntax/wrapped/index.js">
        <metrics statements="10" coveredstatements="10" conditionals="0" coveredconditionals="0" methods="4" coveredmethods="4"/>
        <line num="1" count="1" type="stmt"/>
        <line num="2" count="1" type="stmt"/>
        <line num="3" count="1" type="stmt"/>
        <line num="5" count="1" type="stmt"/>
        <line num="12" count="26" type="stmt"/>
        <line num="16" count="2" type="stmt"/>
        <line num="18" count="2" type="stmt"/>
        <line num="23" count="26" type="stmt"/>
        <line num="24" count="26" type="stmt"/>
        <line num="25" count="26" type="stmt"/>
      </file>
    </package>
  </project>
</coverage>
