{"/Users/pouya/Projects/roots/examples/clio/index.js": {"path":"/Users/pouya/Projects/roots/examples/clio/index.js","statementMap":{"0":{"start":{"line":1,"column":50},"end":{"line":1,"column":72}},"1":{"start":{"line":2,"column":19},"end":{"line":2,"column":41}},"2":{"start":{"line":3,"column":12},"end":{"line":3,"column":30}},"3":{"start":{"line":4,"column":14},"end":{"line":4,"column":32}},"4":{"start":{"line":13,"column":4},"end":{"line":13,"column":30}},"5":{"start":{"line":15,"column":14},"end":{"line":41,"column":1}},"6":{"start":{"line":74,"column":14},"end":{"line":74,"column":45}},"7":{"start":{"line":74,"column":26},"end":{"line":74,"column":45}},"8":{"start":{"line":75,"column":16},"end":{"line":91,"column":1}},"9":{"start":{"line":76,"column":17},"end":{"line":76,"column":34}},"10":{"start":{"line":79,"column":17},"end":{"line":79,"column":30}},"11":{"start":{"line":114,"column":0},"end":{"line":114,"column":33}}},"fnMap":{"0":{"name":"(anonymous_0)","decl":{"start":{"line":74,"column":14},"end":{"line":74,"column":15}},"loc":{"start":{"line":74,"column":26},"end":{"line":74,"column":45}},"line":74},"1":{"name":"(anonymous_1)","decl":{"start":{"line":75,"column":16},"end":{"line":75,"column":17}},"loc":{"start":{"line":75,"column":49},"end":{"line":91,"column":1}},"line":75}},"branchMap":{"0":{"loc":{"start":{"line":75,"column":31},"end":{"line":75,"column":44}},"type":"default-arg","locations":[{"start":{"line":75,"column":39},"end":{"line":75,"column":44}}],"line":75}},"s":{"0":1,"1":1,"2":1,"3":1,"4":1,"5":1,"6":1,"7":140,"8":1,"9":146,"10":140,"11":1},"f":{"0":140,"1":146},"b":{"0":[146]},"_coverageSchema":"1a1c01bbd47fc00a2c39e90264f33305004495a9","hash":"b153fecdd401021bc46bae6819b0af8ef567260e"}
,"/Users/pouya/Projects/roots/examples/clio/lexer.js": {"path":"/Users/pouya/Projects/roots/examples/clio/lexer.js","statementMap":{"0":{"start":{"line":1,"column":17},"end":{"line":1,"column":39}},"1":{"start":{"line":3,"column":19},"end":{"line":3,"column":57}},"2":{"start":{"line":4,"column":19},"end":{"line":4,"column":72}},"3":{"start":{"line":6,"column":23},"end":{"line":6,"column":116}},"4":{"start":{"line":7,"column":22},"end":{"line":7,"column":48}},"5":{"start":{"line":8,"column":25},"end":{"line":8,"column":52}},"6":{"start":{"line":9,"column":23},"end":{"line":9,"column":39}},"7":{"start":{"line":10,"column":28},"end":{"line":10,"column":66}},"8":{"start":{"line":11,"column":19},"end":{"line":11,"column":54}},"9":{"start":{"line":12,"column":24},"end":{"line":12,"column":36}},"10":{"start":{"line":14,"column":15},"end":{"line":14,"column":78}},"11":{"start":{"line":15,"column":14},"end":{"line":15,"column":45}},"12":{"start":{"line":16,"column":17},"end":{"line":16,"column":55}},"13":{"start":{"line":18,"column":12},"end":{"line":347,"column":1}},"14":{"start":{"line":19,"column":17},"end":{"line":19,"column":25}},"15":{"start":{"line":20,"column":17},"end":{"line":20,"column":20}},"16":{"start":{"line":21,"column":13},"end":{"line":21,"column":22}},"17":{"start":{"line":22,"column":15},"end":{"line":22,"column":26}},"18":{"start":{"line":23,"column":16},"end":{"line":23,"column":17}},"19":{"start":{"line":24,"column":16},"end":{"line":24,"column":17}},"20":{"start":{"line":25,"column":15},"end":{"line":25,"column":16}},"21":{"start":{"line":26,"column":16},"end":{"line":30,"column":3}},"22":{"start":{"line":27,"column":4},"end":{"line":27,"column":53}},"23":{"start":{"line":28,"column":4},"end":{"line":28,"column":34}},"24":{"start":{"line":29,"column":4},"end":{"line":29,"column":21}},"25":{"start":{"line":32,"column":17},"end":{"line":36,"column":3}},"26":{"start":{"line":33,"column":18},"end":{"line":33,"column":42}},"27":{"start":{"line":34,"column":4},"end":{"line":34,"column":41}},"28":{"start":{"line":34,"column":15},"end":{"line":34,"column":41}},"29":{"start":{"line":35,"column":4},"end":{"line":35,"column":19}},"30":{"start":{"line":38,"column":26},"end":{"line":86,"column":3}},"31":{"start":{"line":39,"column":18},"end":{"line":39,"column":42}},"32":{"start":{"line":42,"column":4},"end":{"line":42,"column":30}},"33":{"start":{"line":43,"column":4},"end":{"line":84,"column":5}},"34":{"start":{"line":45,"column":20},"end":{"line":45,"column":57}},"35":{"start":{"line":46,"column":6},"end":{"line":83,"column":7}},"36":{"start":{"line":47,"column":8},"end":{"line":47,"column":32}},"37":{"start":{"line":48,"column":8},"end":{"line":48,"column":14}},"38":{"start":{"line":49,"column":13},"end":{"line":83,"column":7}},"39":{"start":{"line":50,"column":8},"end":{"line":50,"column":40}},"40":{"start":{"line":51,"column":13},"end":{"line":83,"column":7}},"41":{"start":{"line":52,"column":20},"end":{"line":52,"column":21}},"42":{"start":{"line":53,"column":20},"end":{"line":53,"column":22}},"43":{"start":{"line":54,"column":8},"end":{"line":68,"column":9}},"44":{"start":{"line":55,"column":10},"end":{"line":64,"column":11}},"45":{"start":{"line":57,"column":14},"end":{"line":57,"column":22}},"46":{"start":{"line":58,"column":14},"end":{"line":58,"column":20}},"47":{"start":{"line":60,"column":14},"end":{"line":60,"column":22}},"48":{"start":{"line":61,"column":14},"end":{"line":61,"column":20}},"49":{"start":{"line":63,"column":14},"end":{"line":63,"column":20}},"50":{"start":{"line":65,"column":10},"end":{"line":65,"column":29}},"51":{"start":{"line":66,"column":10},"end":{"line":66,"column":35}},"52":{"start":{"line":67,"column":10},"end":{"line":67,"column":32}},"53":{"start":{"line":67,"column":26},"end":{"line":67,"column":32}},"54":{"start":{"line":69,"column":8},"end":{"line":69,"column":37}},"55":{"start":{"line":70,"column":26},"end":{"line":70,"column":69}},"56":{"start":{"line":71,"column":8},"end":{"line":78,"column":9}},"57":{"start":{"line":72,"column":10},"end":{"line":72,"column":52}},"58":{"start":{"line":73,"column":10},"end":{"line":73,"column":45}},"59":{"start":{"line":74,"column":10},"end":{"line":74,"column":45}},"60":{"start":{"line":75,"column":10},"end":{"line":75,"column":39}},"61":{"start":{"line":79,"column":8},"end":{"line":79,"column":30}},"62":{"start":{"line":80,"column":8},"end":{"line":80,"column":35}},"63":{"start":{"line":82,"column":8},"end":{"line":82,"column":34}},"64":{"start":{"line":85,"column":4},"end":{"line":85,"column":16}},"65":{"start":{"line":88,"column":17},"end":{"line":95,"column":3}},"66":{"start":{"line":89,"column":4},"end":{"line":89,"column":70}},"67":{"start":{"line":89,"column":45},"end":{"line":89,"column":70}},"68":{"start":{"line":90,"column":18},"end":{"line":90,"column":42}},"69":{"start":{"line":93,"column":4},"end":{"line":93,"column":30}},"70":{"start":{"line":94,"column":4},"end":{"line":94,"column":16}},"71":{"start":{"line":97,"column":18},"end":{"line":105,"column":3}},"72":{"start":{"line":98,"column":18},"end":{"line":98,"column":46}},"73":{"start":{"line":99,"column":4},"end":{"line":103,"column":5}},"74":{"start":{"line":100,"column":6},"end":{"line":100,"column":45}},"75":{"start":{"line":101,"column":18},"end":{"line":101,"column":42}},"76":{"start":{"line":102,"column":6},"end":{"line":102,"column":45}},"77":{"start":{"line":102,"column":15},"end":{"line":102,"column":45}},"78":{"start":{"line":104,"column":4},"end":{"line":104,"column":19}},"79":{"start":{"line":106,"column":23},"end":{"line":131,"column":3}},"80":{"start":{"line":107,"column":18},"end":{"line":107,"column":36}},"81":{"start":{"line":108,"column":4},"end":{"line":108,"column":29}},"82":{"start":{"line":109,"column":15},"end":{"line":109,"column":16}},"83":{"start":{"line":110,"column":4},"end":{"line":126,"column":5}},"84":{"start":{"line":111,"column":20},"end":{"line":111,"column":53}},"85":{"start":{"line":112,"column":6},"end":{"line":123,"column":7}},"86":{"start":{"line":113,"column":8},"end":{"line":113,"column":28}},"87":{"start":{"line":114,"column":8},"end":{"line":114,"column":47}},"88":{"start":{"line":115,"column":13},"end":{"line":123,"column":7}},"89":{"start":{"line":116,"column":8},"end":{"line":116,"column":15}},"90":{"start":{"line":117,"column":8},"end":{"line":117,"column":24}},"91":{"start":{"line":118,"column":8},"end":{"line":118,"column":33}},"92":{"start":{"line":120,"column":8},"end":{"line":120,"column":15}},"93":{"start":{"line":121,"column":8},"end":{"line":121,"column":24}},"94":{"start":{"line":122,"column":8},"end":{"line":122,"column":33}},"95":{"start":{"line":124,"column":6},"end":{"line":124,"column":23}},"96":{"start":{"line":124,"column":17},"end":{"line":124,"column":23}},"97":{"start":{"line":125,"column":6},"end":{"line":125,"column":61}},"98":{"start":{"line":125,"column":27},"end":{"line":125,"column":61}},"99":{"start":{"line":127,"column":16},"end":{"line":127,"column":40}},"100":{"start":{"line":130,"column":4},"end":{"line":130,"column":16}},"101":{"start":{"line":133,"column":18},"end":{"line":168,"column":3}},"102":{"start":{"line":135,"column":4},"end":{"line":135,"column":45}},"103":{"start":{"line":135,"column":38},"end":{"line":135,"column":45}},"104":{"start":{"line":137,"column":19},"end":{"line":137,"column":46}},"105":{"start":{"line":138,"column":4},"end":{"line":142,"column":5}},"106":{"start":{"line":141,"column":6},"end":{"line":141,"column":13}},"107":{"start":{"line":143,"column":4},"end":{"line":143,"column":63}},"108":{"start":{"line":143,"column":56},"end":{"line":143,"column":63}},"109":{"start":{"line":145,"column":20},"end":{"line":145,"column":49}},"110":{"start":{"line":146,"column":4},"end":{"line":146,"column":24}},"111":{"start":{"line":146,"column":17},"end":{"line":146,"column":24}},"112":{"start":{"line":148,"column":18},"end":{"line":148,"column":37}},"113":{"start":{"line":150,"column":18},"end":{"line":150,"column":33}},"114":{"start":{"line":151,"column":22},"end":{"line":151,"column":31}},"115":{"start":{"line":152,"column":4},"end":{"line":152,"column":35}},"116":{"start":{"line":152,"column":28},"end":{"line":152,"column":35}},"117":{"start":{"line":154,"column":4},"end":{"line":167,"column":5}},"118":{"start":{"line":155,"column":6},"end":{"line":156,"column":52}},"119":{"start":{"line":156,"column":8},"end":{"line":156,"column":52}},"120":{"start":{"line":157,"column":6},"end":{"line":160,"column":7}},"121":{"start":{"line":158,"column":8},"end":{"line":158,"column":23}},"122":{"start":{"line":159,"column":8},"end":{"line":159,"column":25}},"123":{"start":{"line":163,"column":6},"end":{"line":163,"column":28}},"124":{"start":{"line":166,"column":6},"end":{"line":166,"column":22}},"125":{"start":{"line":170,"column":16},"end":{"line":176,"column":3}},"126":{"start":{"line":171,"column":18},"end":{"line":171,"column":36}},"127":{"start":{"line":174,"column":4},"end":{"line":174,"column":29}},"128":{"start":{"line":175,"column":4},"end":{"line":175,"column":16}},"129":{"start":{"line":178,"column":18},"end":{"line":182,"column":3}},"130":{"start":{"line":179,"column":18},"end":{"line":179,"column":46}},"131":{"start":{"line":180,"column":4},"end":{"line":180,"column":41}},"132":{"start":{"line":180,"column":15},"end":{"line":180,"column":41}},"133":{"start":{"line":181,"column":4},"end":{"line":181,"column":19}},"134":{"start":{"line":184,"column":19},"end":{"line":188,"column":3}},"135":{"start":{"line":185,"column":18},"end":{"line":185,"column":47}},"136":{"start":{"line":186,"column":4},"end":{"line":186,"column":43}},"137":{"start":{"line":186,"column":15},"end":{"line":186,"column":43}},"138":{"start":{"line":187,"column":4},"end":{"line":187,"column":19}},"139":{"start":{"line":190,"column":17},"end":{"line":194,"column":3}},"140":{"start":{"line":191,"column":18},"end":{"line":191,"column":45}},"141":{"start":{"line":192,"column":4},"end":{"line":192,"column":41}},"142":{"start":{"line":192,"column":15},"end":{"line":192,"column":41}},"143":{"start":{"line":193,"column":4},"end":{"line":193,"column":19}},"144":{"start":{"line":196,"column":20},"end":{"line":200,"column":3}},"145":{"start":{"line":197,"column":18},"end":{"line":197,"column":48}},"146":{"start":{"line":198,"column":4},"end":{"line":198,"column":44}},"147":{"start":{"line":198,"column":15},"end":{"line":198,"column":44}},"148":{"start":{"line":199,"column":4},"end":{"line":199,"column":19}},"149":{"start":{"line":202,"column":20},"end":{"line":207,"column":3}},"150":{"start":{"line":203,"column":25},"end":{"line":203,"column":67}},"151":{"start":{"line":204,"column":4},"end":{"line":204,"column":29}},"152":{"start":{"line":204,"column":22},"end":{"line":204,"column":29}},"153":{"start":{"line":205,"column":4},"end":{"line":206,"column":54}},"154":{"start":{"line":205,"column":26},"end":{"line":205,"column":49}},"155":{"start":{"line":206,"column":9},"end":{"line":206,"column":54}},"156":{"start":{"line":206,"column":31},"end":{"line":206,"column":54}},"157":{"start":{"line":208,"column":2},"end":{"line":328,"column":3}},"158":{"start":{"line":209,"column":17},"end":{"line":209,"column":26}},"159":{"start":{"line":210,"column":4},"end":{"line":326,"column":5}},"160":{"start":{"line":212,"column":8},"end":{"line":212,"column":31}},"161":{"start":{"line":213,"column":8},"end":{"line":213,"column":14}},"162":{"start":{"line":215,"column":8},"end":{"line":216,"column":35}},"163":{"start":{"line":215,"column":30},"end":{"line":215,"column":55}},"164":{"start":{"line":216,"column":13},"end":{"line":216,"column":35}},"165":{"start":{"line":217,"column":8},"end":{"line":217,"column":14}},"166":{"start":{"line":219,"column":8},"end":{"line":219,"column":31}},"167":{"start":{"line":220,"column":8},"end":{"line":220,"column":14}},"168":{"start":{"line":222,"column":8},"end":{"line":222,"column":33}},"169":{"start":{"line":223,"column":8},"end":{"line":223,"column":18}},"170":{"start":{"line":224,"column":8},"end":{"line":224,"column":14}},"171":{"start":{"line":226,"column":8},"end":{"line":226,"column":33}},"172":{"start":{"line":227,"column":8},"end":{"line":227,"column":18}},"173":{"start":{"line":228,"column":8},"end":{"line":228,"column":68}},"174":{"start":{"line":228,"column":25},"end":{"line":228,"column":68}},"175":{"start":{"line":229,"column":8},"end":{"line":229,"column":14}},"176":{"start":{"line":231,"column":8},"end":{"line":234,"column":9}},"177":{"start":{"line":232,"column":10},"end":{"line":232,"column":36}},"178":{"start":{"line":233,"column":10},"end":{"line":233,"column":20}},"179":{"start":{"line":235,"column":8},"end":{"line":235,"column":14}},"180":{"start":{"line":237,"column":8},"end":{"line":237,"column":34}},"181":{"start":{"line":238,"column":8},"end":{"line":238,"column":18}},"182":{"start":{"line":239,"column":8},"end":{"line":239,"column":69}},"183":{"start":{"line":239,"column":25},"end":{"line":239,"column":69}},"184":{"start":{"line":240,"column":8},"end":{"line":240,"column":14}},"185":{"start":{"line":242,"column":8},"end":{"line":242,"column":33}},"186":{"start":{"line":243,"column":8},"end":{"line":243,"column":17}},"187":{"start":{"line":244,"column":8},"end":{"line":244,"column":14}},"188":{"start":{"line":246,"column":8},"end":{"line":246,"column":30}},"189":{"start":{"line":247,"column":8},"end":{"line":247,"column":33}},"190":{"start":{"line":248,"column":8},"end":{"line":248,"column":17}},"191":{"start":{"line":249,"column":8},"end":{"line":249,"column":66}},"192":{"start":{"line":249,"column":24},"end":{"line":249,"column":66}},"193":{"start":{"line":250,"column":8},"end":{"line":250,"column":14}},"194":{"start":{"line":252,"column":8},"end":{"line":252,"column":32}},"195":{"start":{"line":253,"column":8},"end":{"line":253,"column":14}},"196":{"start":{"line":255,"column":8},"end":{"line":255,"column":17}},"197":{"start":{"line":256,"column":8},"end":{"line":256,"column":14}},"198":{"start":{"line":258,"column":8},"end":{"line":263,"column":9}},"199":{"start":{"line":259,"column":10},"end":{"line":259,"column":32}},"200":{"start":{"line":260,"column":10},"end":{"line":260,"column":34}},"201":{"start":{"line":261,"column":15},"end":{"line":263,"column":9}},"202":{"start":{"line":262,"column":10},"end":{"line":262,"column":34}},"203":{"start":{"line":264,"column":8},"end":{"line":264,"column":14}},"204":{"start":{"line":266,"column":8},"end":{"line":270,"column":9}},"205":{"start":{"line":267,"column":10},"end":{"line":267,"column":25}},"206":{"start":{"line":269,"column":10},"end":{"line":269,"column":34}},"207":{"start":{"line":271,"column":8},"end":{"line":271,"column":14}},"208":{"start":{"line":273,"column":8},"end":{"line":274,"column":34}},"209":{"start":{"line":273,"column":30},"end":{"line":273,"column":52}},"210":{"start":{"line":274,"column":13},"end":{"line":274,"column":34}},"211":{"start":{"line":275,"column":8},"end":{"line":275,"column":14}},"212":{"start":{"line":277,"column":8},"end":{"line":278,"column":34}},"213":{"start":{"line":277,"column":30},"end":{"line":277,"column":52}},"214":{"start":{"line":278,"column":13},"end":{"line":278,"column":34}},"215":{"start":{"line":279,"column":8},"end":{"line":279,"column":14}},"216":{"start":{"line":281,"column":8},"end":{"line":285,"column":38}},"217":{"start":{"line":282,"column":10},"end":{"line":282,"column":32}},"218":{"start":{"line":283,"column":10},"end":{"line":283,"column":37}},"219":{"start":{"line":284,"column":15},"end":{"line":285,"column":38}},"220":{"start":{"line":284,"column":37},"end":{"line":284,"column":58}},"221":{"start":{"line":285,"column":13},"end":{"line":285,"column":38}},"222":{"start":{"line":286,"column":8},"end":{"line":286,"column":14}},"223":{"start":{"line":288,"column":8},"end":{"line":288,"column":32}},"224":{"start":{"line":289,"column":8},"end":{"line":289,"column":14}},"225":{"start":{"line":291,"column":8},"end":{"line":291,"column":32}},"226":{"start":{"line":292,"column":8},"end":{"line":292,"column":14}},"227":{"start":{"line":294,"column":8},"end":{"line":295,"column":36}},"228":{"start":{"line":294,"column":30},"end":{"line":294,"column":54}},"229":{"start":{"line":295,"column":13},"end":{"line":295,"column":36}},"230":{"start":{"line":296,"column":8},"end":{"line":296,"column":14}},"231":{"start":{"line":307,"column":8},"end":{"line":307,"column":17}},"232":{"start":{"line":308,"column":8},"end":{"line":308,"column":14}},"233":{"start":{"line":310,"column":8},"end":{"line":310,"column":16}},"234":{"start":{"line":311,"column":8},"end":{"line":311,"column":14}},"235":{"start":{"line":313,"column":8},"end":{"line":313,"column":33}},"236":{"start":{"line":314,"column":8},"end":{"line":314,"column":17}},"237":{"start":{"line":315,"column":8},"end":{"line":315,"column":14}},"238":{"start":{"line":317,"column":8},"end":{"line":317,"column":36}},"239":{"start":{"line":318,"column":8},"end":{"line":318,"column":15}},"240":{"start":{"line":319,"column":8},"end":{"line":319,"column":19}},"241":{"start":{"line":320,"column":8},"end":{"line":320,"column":18}},"242":{"start":{"line":321,"column":8},"end":{"line":321,"column":14}},"243":{"start":{"line":323,"column":8},"end":{"line":324,"column":60}},"244":{"start":{"line":324,"column":10},"end":{"line":324,"column":60}},"245":{"start":{"line":325,"column":8},"end":{"line":325,"column":14}},"246":{"start":{"line":327,"column":4},"end":{"line":327,"column":16}},"247":{"start":{"line":329,"column":2},"end":{"line":332,"column":3}},"248":{"start":{"line":330,"column":4},"end":{"line":330,"column":39}},"249":{"start":{"line":331,"column":4},"end":{"line":331,"column":37}},"250":{"start":{"line":333,"column":2},"end":{"line":333,"column":37}},"251":{"start":{"line":334,"column":2},"end":{"line":334,"column":31}},"252":{"start":{"line":335,"column":22},"end":{"line":335,"column":28}},"253":{"start":{"line":336,"column":13},"end":{"line":336,"column":20}},"254":{"start":{"line":337,"column":2},"end":{"line":345,"column":3}},"255":{"start":{"line":346,"column":2},"end":{"line":346,"column":16}},"256":{"start":{"line":349,"column":0},"end":{"line":349,"column":21}}},"fnMap":{"0":{"name":"(anonymous_0)","decl":{"start":{"line":18,"column":12},"end":{"line":18,"column":13}},"loc":{"start":{"line":18,"column":62},"end":{"line":347,"column":1}},"line":18},"1":{"name":"(anonymous_1)","decl":{"start":{"line":26,"column":16},"end":{"line":26,"column":17}},"loc":{"start":{"line":26,"column":61},"end":{"line":30,"column":3}},"line":26},"2":{"name":"(anonymous_2)","decl":{"start":{"line":32,"column":17},"end":{"line":32,"column":18}},"loc":{"start":{"line":32,"column":23},"end":{"line":36,"column":3}},"line":32},"3":{"name":"(anonymous_3)","decl":{"start":{"line":38,"column":26},"end":{"line":38,"column":27}},"loc":{"start":{"line":38,"column":32},"end":{"line":86,"column":3}},"line":38},"4":{"name":"(anonymous_4)","decl":{"start":{"line":88,"column":17},"end":{"line":88,"column":18}},"loc":{"start":{"line":88,"column":23},"end":{"line":95,"column":3}},"line":88},"5":{"name":"(anonymous_5)","decl":{"start":{"line":97,"column":18},"end":{"line":97,"column":19}},"loc":{"start":{"line":97,"column":24},"end":{"line":105,"column":3}},"line":97},"6":{"name":"(anonymous_6)","decl":{"start":{"line":106,"column":23},"end":{"line":106,"column":24}},"loc":{"start":{"line":106,"column":29},"end":{"line":131,"column":3}},"line":106},"7":{"name":"(anonymous_7)","decl":{"start":{"line":133,"column":18},"end":{"line":133,"column":19}},"loc":{"start":{"line":133,"column":24},"end":{"line":168,"column":3}},"line":133},"8":{"name":"(anonymous_8)","decl":{"start":{"line":170,"column":16},"end":{"line":170,"column":17}},"loc":{"start":{"line":170,"column":22},"end":{"line":176,"column":3}},"line":170},"9":{"name":"(anonymous_9)","decl":{"start":{"line":178,"column":18},"end":{"line":178,"column":19}},"loc":{"start":{"line":178,"column":24},"end":{"line":182,"column":3}},"line":178},"10":{"name":"(anonymous_10)","decl":{"start":{"line":184,"column":19},"end":{"line":184,"column":20}},"loc":{"start":{"line":184,"column":25},"end":{"line":188,"column":3}},"line":184},"11":{"name":"(anonymous_11)","decl":{"start":{"line":190,"column":17},"end":{"line":190,"column":18}},"loc":{"start":{"line":190,"column":23},"end":{"line":194,"column":3}},"line":190},"12":{"name":"(anonymous_12)","decl":{"start":{"line":196,"column":20},"end":{"line":196,"column":21}},"loc":{"start":{"line":196,"column":26},"end":{"line":200,"column":3}},"line":196},"13":{"name":"(anonymous_13)","decl":{"start":{"line":202,"column":20},"end":{"line":202,"column":21}},"loc":{"start":{"line":202,"column":26},"end":{"line":207,"column":3}},"line":202}},"branchMap":{"0":{"loc":{"start":{"line":18,"column":27},"end":{"line":18,"column":40}},"type":"default-arg","locations":[{"start":{"line":18,"column":39},"end":{"line":18,"column":40}}],"line":18},"1":{"loc":{"start":{"line":18,"column":42},"end":{"line":18,"column":57}},"type":"default-arg","locations":[{"start":{"line":18,"column":56},"end":{"line":18,"column":57}}],"line":18},"2":{"loc":{"start":{"line":26,"column":23},"end":{"line":26,"column":33}},"type":"default-arg","locations":[{"start":{"line":26,"column":31},"end":{"line":26,"column":33}}],"line":26},"3":{"loc":{"start":{"line":26,"column":35},"end":{"line":26,"column":56}},"type":"default-arg","locations":[{"start":{"line":26,"column":44},"end":{"line":26,"column":56}}],"line":26},"4":{"loc":{"start":{"line":34,"column":4},"end":{"line":34,"column":41}},"type":"if","locations":[{"start":{"line":34,"column":4},"end":{"line":34,"column":41}},{"start":{"line":34,"column":4},"end":{"line":34,"column":41}}],"line":34},"5":{"loc":{"start":{"line":46,"column":6},"end":{"line":83,"column":7}},"type":"if","locations":[{"start":{"line":46,"column":6},"end":{"line":83,"column":7}},{"start":{"line":46,"column":6},"end":{"line":83,"column":7}}],"line":46},"6":{"loc":{"start":{"line":49,"column":13},"end":{"line":83,"column":7}},"type":"if","locations":[{"start":{"line":49,"column":13},"end":{"line":83,"column":7}},{"start":{"line":49,"column":13},"end":{"line":83,"column":7}}],"line":49},"7":{"loc":{"start":{"line":51,"column":13},"end":{"line":83,"column":7}},"type":"if","locations":[{"start":{"line":51,"column":13},"end":{"line":83,"column":7}},{"start":{"line":51,"column":13},"end":{"line":83,"column":7}}],"line":51},"8":{"loc":{"start":{"line":55,"column":10},"end":{"line":64,"column":11}},"type":"switch","locations":[{"start":{"line":56,"column":12},"end":{"line":58,"column":20}},{"start":{"line":59,"column":12},"end":{"line":61,"column":20}},{"start":{"line":62,"column":12},"end":{"line":63,"column":20}}],"line":55},"9":{"loc":{"start":{"line":67,"column":10},"end":{"line":67,"column":32}},"type":"if","locations":[{"start":{"line":67,"column":10},"end":{"line":67,"column":32}},{"start":{"line":67,"column":10},"end":{"line":67,"column":32}}],"line":67},"10":{"loc":{"start":{"line":71,"column":8},"end":{"line":78,"column":9}},"type":"if","locations":[{"start":{"line":71,"column":8},"end":{"line":78,"column":9}},{"start":{"line":71,"column":8},"end":{"line":78,"column":9}}],"line":71},"11":{"loc":{"start":{"line":89,"column":4},"end":{"line":89,"column":70}},"type":"if","locations":[{"start":{"line":89,"column":4},"end":{"line":89,"column":70}},{"start":{"line":89,"column":4},"end":{"line":89,"column":70}}],"line":89},"12":{"loc":{"start":{"line":99,"column":4},"end":{"line":103,"column":5}},"type":"if","locations":[{"start":{"line":99,"column":4},"end":{"line":103,"column":5}},{"start":{"line":99,"column":4},"end":{"line":103,"column":5}}],"line":99},"13":{"loc":{"start":{"line":102,"column":6},"end":{"line":102,"column":45}},"type":"if","locations":[{"start":{"line":102,"column":6},"end":{"line":102,"column":45}},{"start":{"line":102,"column":6},"end":{"line":102,"column":45}}],"line":102},"14":{"loc":{"start":{"line":112,"column":6},"end":{"line":123,"column":7}},"type":"if","locations":[{"start":{"line":112,"column":6},"end":{"line":123,"column":7}},{"start":{"line":112,"column":6},"end":{"line":123,"column":7}}],"line":112},"15":{"loc":{"start":{"line":115,"column":13},"end":{"line":123,"column":7}},"type":"if","locations":[{"start":{"line":115,"column":13},"end":{"line":123,"column":7}},{"start":{"line":115,"column":13},"end":{"line":123,"column":7}}],"line":115},"16":{"loc":{"start":{"line":124,"column":6},"end":{"line":124,"column":23}},"type":"if","locations":[{"start":{"line":124,"column":6},"end":{"line":124,"column":23}},{"start":{"line":124,"column":6},"end":{"line":124,"column":23}}],"line":124},"17":{"loc":{"start":{"line":125,"column":6},"end":{"line":125,"column":61}},"type":"if","locations":[{"start":{"line":125,"column":6},"end":{"line":125,"column":61}},{"start":{"line":125,"column":6},"end":{"line":125,"column":61}}],"line":125},"18":{"loc":{"start":{"line":125,"column":10},"end":{"line":125,"column":25}},"type":"binary-expr","locations":[{"start":{"line":125,"column":10},"end":{"line":125,"column":17}},{"start":{"line":125,"column":21},"end":{"line":125,"column":25}}],"line":125},"19":{"loc":{"start":{"line":135,"column":4},"end":{"line":135,"column":45}},"type":"if","locations":[{"start":{"line":135,"column":4},"end":{"line":135,"column":45}},{"start":{"line":135,"column":4},"end":{"line":135,"column":45}}],"line":135},"20":{"loc":{"start":{"line":135,"column":8},"end":{"line":135,"column":36}},"type":"binary-expr","locations":[{"start":{"line":135,"column":8},"end":{"line":135,"column":15}},{"start":{"line":135,"column":19},"end":{"line":135,"column":26}},{"start":{"line":135,"column":30},"end":{"line":135,"column":36}}],"line":135},"21":{"loc":{"start":{"line":138,"column":4},"end":{"line":142,"column":5}},"type":"if","locations":[{"start":{"line":138,"column":4},"end":{"line":142,"column":5}},{"start":{"line":138,"column":4},"end":{"line":142,"column":5}}],"line":138},"22":{"loc":{"start":{"line":143,"column":4},"end":{"line":143,"column":63}},"type":"if","locations":[{"start":{"line":143,"column":4},"end":{"line":143,"column":63}},{"start":{"line":143,"column":4},"end":{"line":143,"column":63}}],"line":143},"23":{"loc":{"start":{"line":146,"column":4},"end":{"line":146,"column":24}},"type":"if","locations":[{"start":{"line":146,"column":4},"end":{"line":146,"column":24}},{"start":{"line":146,"column":4},"end":{"line":146,"column":24}}],"line":146},"24":{"loc":{"start":{"line":152,"column":4},"end":{"line":152,"column":35}},"type":"if","locations":[{"start":{"line":152,"column":4},"end":{"line":152,"column":35}},{"start":{"line":152,"column":4},"end":{"line":152,"column":35}}],"line":152},"25":{"loc":{"start":{"line":154,"column":4},"end":{"line":167,"column":5}},"type":"if","locations":[{"start":{"line":154,"column":4},"end":{"line":167,"column":5}},{"start":{"line":154,"column":4},"end":{"line":167,"column":5}}],"line":154},"26":{"loc":{"start":{"line":155,"column":6},"end":{"line":156,"column":52}},"type":"if","locations":[{"start":{"line":155,"column":6},"end":{"line":156,"column":52}},{"start":{"line":155,"column":6},"end":{"line":156,"column":52}}],"line":155},"27":{"loc":{"start":{"line":180,"column":4},"end":{"line":180,"column":41}},"type":"if","locations":[{"start":{"line":180,"column":4},"end":{"line":180,"column":41}},{"start":{"line":180,"column":4},"end":{"line":180,"column":41}}],"line":180},"28":{"loc":{"start":{"line":186,"column":4},"end":{"line":186,"column":43}},"type":"if","locations":[{"start":{"line":186,"column":4},"end":{"line":186,"column":43}},{"start":{"line":186,"column":4},"end":{"line":186,"column":43}}],"line":186},"29":{"loc":{"start":{"line":192,"column":4},"end":{"line":192,"column":41}},"type":"if","locations":[{"start":{"line":192,"column":4},"end":{"line":192,"column":41}},{"start":{"line":192,"column":4},"end":{"line":192,"column":41}}],"line":192},"30":{"loc":{"start":{"line":198,"column":4},"end":{"line":198,"column":44}},"type":"if","locations":[{"start":{"line":198,"column":4},"end":{"line":198,"column":44}},{"start":{"line":198,"column":4},"end":{"line":198,"column":44}}],"line":198},"31":{"loc":{"start":{"line":204,"column":4},"end":{"line":204,"column":29}},"type":"if","locations":[{"start":{"line":204,"column":4},"end":{"line":204,"column":29}},{"start":{"line":204,"column":4},"end":{"line":204,"column":29}}],"line":204},"32":{"loc":{"start":{"line":205,"column":4},"end":{"line":206,"column":54}},"type":"if","locations":[{"start":{"line":205,"column":4},"end":{"line":206,"column":54}},{"start":{"line":205,"column":4},"end":{"line":206,"column":54}}],"line":205},"33":{"loc":{"start":{"line":206,"column":9},"end":{"line":206,"column":54}},"type":"if","locations":[{"start":{"line":206,"column":9},"end":{"line":206,"column":54}},{"start":{"line":206,"column":9},"end":{"line":206,"column":54}}],"line":206},"34":{"loc":{"start":{"line":210,"column":4},"end":{"line":326,"column":5}},"type":"switch","locations":[{"start":{"line":211,"column":6},"end":{"line":213,"column":14}},{"start":{"line":214,"column":6},"end":{"line":217,"column":14}},{"start":{"line":218,"column":6},"end":{"line":220,"column":14}},{"start":{"line":221,"column":6},"end":{"line":224,"column":14}},{"start":{"line":225,"column":6},"end":{"line":229,"column":14}},{"start":{"line":230,"column":6},"end":{"line":235,"column":14}},{"start":{"line":236,"column":6},"end":{"line":240,"column":14}},{"start":{"line":241,"column":6},"end":{"line":244,"column":14}},{"start":{"line":245,"column":6},"end":{"line":250,"column":14}},{"start":{"line":251,"column":6},"end":{"line":253,"column":14}},{"start":{"line":254,"column":6},"end":{"line":256,"column":14}},{"start":{"line":257,"column":6},"end":{"line":264,"column":14}},{"start":{"line":265,"column":6},"end":{"line":271,"column":14}},{"start":{"line":272,"column":6},"end":{"line":275,"column":14}},{"start":{"line":276,"column":6},"end":{"line":279,"column":14}},{"start":{"line":280,"column":6},"end":{"line":286,"column":14}},{"start":{"line":287,"column":6},"end":{"line":289,"column":14}},{"start":{"line":290,"column":6},"end":{"line":292,"column":14}},{"start":{"line":293,"column":6},"end":{"line":296,"column":14}},{"start":{"line":297,"column":6},"end":{"line":297,"column":15}},{"start":{"line":298,"column":6},"end":{"line":298,"column":15}},{"start":{"line":299,"column":6},"end":{"line":299,"column":15}},{"start":{"line":300,"column":6},"end":{"line":300,"column":15}},{"start":{"line":301,"column":6},"end":{"line":301,"column":15}},{"start":{"line":302,"column":6},"end":{"line":302,"column":15}},{"start":{"line":303,"column":6},"end":{"line":303,"column":15}},{"start":{"line":304,"column":6},"end":{"line":304,"column":15}},{"start":{"line":305,"column":6},"end":{"line":305,"column":15}},{"start":{"line":306,"column":6},"end":{"line":308,"column":14}},{"start":{"line":309,"column":6},"end":{"line":311,"column":14}},{"start":{"line":312,"column":6},"end":{"line":315,"column":14}},{"start":{"line":316,"column":6},"end":{"line":321,"column":14}},{"start":{"line":322,"column":6},"end":{"line":325,"column":14}}],"line":210},"35":{"loc":{"start":{"line":215,"column":8},"end":{"line":216,"column":35}},"type":"if","locations":[{"start":{"line":215,"column":8},"end":{"line":216,"column":35}},{"start":{"line":215,"column":8},"end":{"line":216,"column":35}}],"line":215},"36":{"loc":{"start":{"line":228,"column":8},"end":{"line":228,"column":68}},"type":"if","locations":[{"start":{"line":228,"column":8},"end":{"line":228,"column":68}},{"start":{"line":228,"column":8},"end":{"line":228,"column":68}}],"line":228},"37":{"loc":{"start":{"line":231,"column":8},"end":{"line":234,"column":9}},"type":"if","locations":[{"start":{"line":231,"column":8},"end":{"line":234,"column":9}},{"start":{"line":231,"column":8},"end":{"line":234,"column":9}}],"line":231},"38":{"loc":{"start":{"line":239,"column":8},"end":{"line":239,"column":69}},"type":"if","locations":[{"start":{"line":239,"column":8},"end":{"line":239,"column":69}},{"start":{"line":239,"column":8},"end":{"line":239,"column":69}}],"line":239},"39":{"loc":{"start":{"line":249,"column":8},"end":{"line":249,"column":66}},"type":"if","locations":[{"start":{"line":249,"column":8},"end":{"line":249,"column":66}},{"start":{"line":249,"column":8},"end":{"line":249,"column":66}}],"line":249},"40":{"loc":{"start":{"line":258,"column":8},"end":{"line":263,"column":9}},"type":"if","locations":[{"start":{"line":258,"column":8},"end":{"line":263,"column":9}},{"start":{"line":258,"column":8},"end":{"line":263,"column":9}}],"line":258},"41":{"loc":{"start":{"line":261,"column":15},"end":{"line":263,"column":9}},"type":"if","locations":[{"start":{"line":261,"column":15},"end":{"line":263,"column":9}},{"start":{"line":261,"column":15},"end":{"line":263,"column":9}}],"line":261},"42":{"loc":{"start":{"line":261,"column":19},"end":{"line":261,"column":42}},"type":"binary-expr","locations":[{"start":{"line":261,"column":19},"end":{"line":261,"column":28}},{"start":{"line":261,"column":32},"end":{"line":261,"column":42}}],"line":261},"43":{"loc":{"start":{"line":266,"column":8},"end":{"line":270,"column":9}},"type":"if","locations":[{"start":{"line":266,"column":8},"end":{"line":270,"column":9}},{"start":{"line":266,"column":8},"end":{"line":270,"column":9}}],"line":266},"44":{"loc":{"start":{"line":273,"column":8},"end":{"line":274,"column":34}},"type":"if","locations":[{"start":{"line":273,"column":8},"end":{"line":274,"column":34}},{"start":{"line":273,"column":8},"end":{"line":274,"column":34}}],"line":273},"45":{"loc":{"start":{"line":277,"column":8},"end":{"line":278,"column":34}},"type":"if","locations":[{"start":{"line":277,"column":8},"end":{"line":278,"column":34}},{"start":{"line":277,"column":8},"end":{"line":278,"column":34}}],"line":277},"46":{"loc":{"start":{"line":281,"column":8},"end":{"line":285,"column":38}},"type":"if","locations":[{"start":{"line":281,"column":8},"end":{"line":285,"column":38}},{"start":{"line":281,"column":8},"end":{"line":285,"column":38}}],"line":281},"47":{"loc":{"start":{"line":284,"column":15},"end":{"line":285,"column":38}},"type":"if","locations":[{"start":{"line":284,"column":15},"end":{"line":285,"column":38}},{"start":{"line":284,"column":15},"end":{"line":285,"column":38}}],"line":284},"48":{"loc":{"start":{"line":294,"column":8},"end":{"line":295,"column":36}},"type":"if","locations":[{"start":{"line":294,"column":8},"end":{"line":295,"column":36}},{"start":{"line":294,"column":8},"end":{"line":295,"column":36}}],"line":294},"49":{"loc":{"start":{"line":323,"column":8},"end":{"line":324,"column":60}},"type":"if","locations":[{"start":{"line":323,"column":8},"end":{"line":324,"column":60}},{"start":{"line":323,"column":8},"end":{"line":324,"column":60}}],"line":323},"50":{"loc":{"start":{"line":323,"column":12},"end":{"line":323,"column":51}},"type":"binary-expr","locations":[{"start":{"line":323,"column":12},"end":{"line":323,"column":22}},{"start":{"line":323,"column":26},"end":{"line":323,"column":38}},{"start":{"line":323,"column":42},"end":{"line":323,"column":51}}],"line":323}},"s":{"0":1,"1":1,"2":1,"3":1,"4":1,"5":1,"6":1,"7":1,"8":1,"9":1,"10":1,"11":1,"12":1,"13":1,"14":156,"15":156,"16":156,"17":156,"18":156,"19":156,"20":156,"21":156,"22":2130,"23":2130,"24":2130,"25":156,"26":94,"27":94,"28":85,"29":94,"30":156,"31":10,"32":10,"33":10,"34":34,"35":34,"36":10,"37":10,"38":24,"39":1,"40":23,"41":10,"42":10,"43":10,"44":84,"45":10,"46":10,"47":10,"48":10,"49":64,"50":84,"51":84,"52":84,"53":10,"54":10,"55":10,"56":10,"57":9,"58":9,"59":9,"60":9,"61":10,"62":10,"63":13,"64":10,"65":156,"66":32,"67":10,"68":22,"69":22,"70":22,"71":156,"72":9,"73":9,"74":3,"75":3,"76":3,"77":2,"78":9,"79":156,"80":3,"81":3,"82":3,"83":3,"84":14,"85":14,"86":7,"87":7,"88":7,"89":4,"90":4,"91":4,"92":3,"93":3,"94":3,"95":14,"96":2,"97":12,"98":1,"99":2,"100":2,"101":156,"102":97,"103":5,"104":92,"105":92,"106":8,"107":84,"108":1,"109":83,"110":83,"111":9,"112":74,"113":74,"114":74,"115":74,"116":19,"117":55,"118":12,"119":1,"120":11,"121":12,"122":12,"123":43,"124":43,"125":156,"126":704,"127":704,"128":704,"129":156,"130":563,"131":563,"132":115,"133":563,"134":156,"135":31,"136":31,"137":14,"138":31,"139":156,"140":436,"141":436,"142":435,"143":436,"144":156,"145":448,"146":448,"147":12,"148":448,"149":156,"150":1905,"151":1905,"152":867,"153":1038,"154":10,"155":1028,"156":1,"157":156,"158":1911,"159":1911,"160":10,"161":10,"162":27,"163":10,"164":17,"165":27,"166":42,"167":42,"168":3,"169":3,"170":3,"171":4,"172":4,"173":4,"174":1,"175":3,"176":31,"177":17,"178":17,"179":31,"180":18,"181":18,"182":18,"183":1,"184":17,"185":28,"186":28,"187":28,"188":29,"189":29,"190":29,"191":29,"192":1,"193":28,"194":49,"195":49,"196":32,"197":32,"198":76,"199":67,"200":67,"201":9,"202":6,"203":76,"204":30,"205":3,"206":27,"207":29,"208":9,"209":1,"210":8,"211":9,"212":6,"213":2,"214":4,"215":6,"216":20,"217":8,"218":8,"219":12,"220":5,"221":7,"222":20,"223":2,"224":2,"225":2,"226":2,"227":42,"228":1,"229":41,"230":42,"231":85,"232":85,"233":704,"234":704,"235":2,"236":2,"237":2,"238":97,"239":97,"240":97,"241":97,"242":96,"243":563,"244":1,"245":562,"246":1905,"247":150,"248":30,"249":30,"250":150,"251":150,"252":150,"253":150,"254":150,"255":150,"256":1},"f":{"0":156,"1":2130,"2":94,"3":10,"4":32,"5":9,"6":3,"7":97,"8":704,"9":563,"10":31,"11":436,"12":448,"13":1905},"b":{"0":[146],"1":[146],"2":[55],"3":[1455],"4":[85,9],"5":[10,24],"6":[1,23],"7":[10,13],"8":[10,10,64],"9":[10,74],"10":[9,1],"11":[10,22],"12":[3,6],"13":[2,1],"14":[7,7],"15":[4,3],"16":[2,12],"17":[1,11],"18":[12,1],"19":[5,92],"20":[97,92,92],"21":[8,84],"22":[1,83],"23":[9,74],"24":[19,55],"25":[12,43],"26":[1,11],"27":[115,448],"28":[14,17],"29":[435,1],"30":[12,436],"31":[867,1038],"32":[10,1028],"33":[1,1027],"34":[10,27,42,3,4,31,18,28,29,49,32,76,30,9,6,20,2,2,42,2,22,62,77,84,85,85,85,85,85,704,2,97,563],"35":[10,17],"36":[1,3],"37":[17,14],"38":[1,17],"39":[1,28],"40":[67,9],"41":[6,3],"42":[9,9],"43":[3,27],"44":[1,8],"45":[2,4],"46":[8,12],"47":[5,7],"48":[1,41],"49":[1,562],"50":[563,448,436]},"_coverageSchema":"1a1c01bbd47fc00a2c39e90264f33305004495a9","hash":"4f8b577015f617de25cbc6b1675a117a0c8f7b1d"}
,"/Users/pouya/Projects/roots/examples/clio/types.js": {"path":"/Users/pouya/Projects/roots/examples/clio/types.js","statementMap":{"0":{"start":{"line":1,"column":23},"end":{"line":1,"column":45}},"1":{"start":{"line":2,"column":23},"end":{"line":2,"column":44}},"2":{"start":{"line":4,"column":13},"end":{"line":4,"column":74}},"3":{"start":{"line":4,"column":27},"end":{"line":4,"column":74}},"4":{"start":{"line":5,"column":13},"end":{"line":6,"column":67}},"5":{"start":{"line":6,"column":2},"end":{"line":6,"column":67}},"6":{"start":{"line":8,"column":21},"end":{"line":8,"column":55}},"7":{"start":{"line":10,"column":20},"end":{"line":14,"column":1}},"8":{"start":{"line":11,"column":2},"end":{"line":12,"column":62}},"9":{"start":{"line":12,"column":4},"end":{"line":12,"column":62}},"10":{"start":{"line":13,"column":2},"end":{"line":13,"column":37}},"11":{"start":{"line":16,"column":18},"end":{"line":64,"column":1}},"12":{"start":{"line":17,"column":2},"end":{"line":62,"column":3}},"13":{"start":{"line":18,"column":4},"end":{"line":24,"column":8}},"14":{"start":{"line":19,"column":6},"end":{"line":24,"column":8}},"15":{"start":{"line":25,"column":4},"end":{"line":33,"column":8}},"16":{"start":{"line":26,"column":6},"end":{"line":33,"column":8}},"17":{"start":{"line":34,"column":4},"end":{"line":61,"column":6}},"18":{"start":{"line":63,"column":2},"end":{"line":63,"column":17}},"19":{"start":{"line":66,"column":14},"end":{"line":729,"column":1}},"20":{"start":{"line":68,"column":4},"end":{"line":68,"column":22}},"21":{"start":{"line":71,"column":4},"end":{"line":76,"column":6}},"22":{"start":{"line":79,"column":18},"end":{"line":81,"column":25}},"23":{"start":{"line":82,"column":4},"end":{"line":83,"column":55}},"24":{"start":{"line":83,"column":6},"end":{"line":83,"column":55}},"25":{"start":{"line":84,"column":15},"end":{"line":89,"column":5}},"26":{"start":{"line":90,"column":4},"end":{"line":90,"column":25}},"27":{"start":{"line":91,"column":4},"end":{"line":91,"column":14}},"28":{"start":{"line":94,"column":29},"end":{"line":94,"column":33}},"29":{"start":{"line":95,"column":15},"end":{"line":95,"column":30}},"30":{"start":{"line":96,"column":17},"end":{"line":96,"column":73}},"31":{"start":{"line":96,"column":40},"end":{"line":96,"column":72}},"32":{"start":{"line":97,"column":25},"end":{"line":97,"column":76}},"33":{"start":{"line":97,"column":43},"end":{"line":97,"column":59}},"34":{"start":{"line":98,"column":17},"end":{"line":98,"column":29}},"35":{"start":{"line":99,"column":23},"end":{"line":99,"column":76}},"36":{"start":{"line":99,"column":61},"end":{"line":99,"column":75}},"37":{"start":{"line":101,"column":4},"end":{"line":113,"column":5}},"38":{"start":{"line":102,"column":6},"end":{"line":110,"column":9}},"39":{"start":{"line":112,"column":6},"end":{"line":112,"column":44}},"40":{"start":{"line":114,"column":13},"end":{"line":121,"column":6}},"41":{"start":{"line":122,"column":4},"end":{"line":133,"column":5}},"42":{"start":{"line":123,"column":20},"end":{"line":123,"column":58}},"43":{"start":{"line":124,"column":6},"end":{"line":125,"column":57}},"44":{"start":{"line":125,"column":8},"end":{"line":125,"column":57}},"45":{"start":{"line":126,"column":6},"end":{"line":132,"column":9}},"46":{"start":{"line":134,"column":4},"end":{"line":134,"column":60}},"47":{"start":{"line":134,"column":29},"end":{"line":134,"column":60}},"48":{"start":{"line":135,"column":4},"end":{"line":136,"column":71}},"49":{"start":{"line":136,"column":55},"end":{"line":136,"column":69}},"50":{"start":{"line":137,"column":4},"end":{"line":137,"column":14}},"51":{"start":{"line":140,"column":4},"end":{"line":143,"column":5}},"52":{"start":{"line":141,"column":6},"end":{"line":141,"column":28}},"53":{"start":{"line":142,"column":6},"end":{"line":142,"column":23}},"54":{"start":{"line":144,"column":29},"end":{"line":144,"column":33}},"55":{"start":{"line":145,"column":15},"end":{"line":145,"column":30}},"56":{"start":{"line":146,"column":17},"end":{"line":146,"column":73}},"57":{"start":{"line":146,"column":40},"end":{"line":146,"column":72}},"58":{"start":{"line":147,"column":25},"end":{"line":147,"column":76}},"59":{"start":{"line":147,"column":43},"end":{"line":147,"column":59}},"60":{"start":{"line":148,"column":13},"end":{"line":153,"column":6}},"61":{"start":{"line":154,"column":4},"end":{"line":165,"column":5}},"62":{"start":{"line":155,"column":20},"end":{"line":155,"column":58}},"63":{"start":{"line":156,"column":6},"end":{"line":157,"column":57}},"64":{"start":{"line":157,"column":8},"end":{"line":157,"column":57}},"65":{"start":{"line":158,"column":6},"end":{"line":164,"column":9}},"66":{"start":{"line":166,"column":4},"end":{"line":166,"column":60}},"67":{"start":{"line":166,"column":29},"end":{"line":166,"column":60}},"68":{"start":{"line":167,"column":4},"end":{"line":167,"column":66}},"69":{"start":{"line":167,"column":50},"end":{"line":167,"column":64}},"70":{"start":{"line":168,"column":4},"end":{"line":168,"column":14}},"71":{"start":{"line":170,"column":64},"end":{"line":180,"column":3}},"72":{"start":{"line":173,"column":31},"end":{"line":173,"column":35}},"73":{"start":{"line":174,"column":6},"end":{"line":178,"column":9}},"74":{"start":{"line":182,"column":4},"end":{"line":182,"column":22}},"75":{"start":{"line":185,"column":20},"end":{"line":189,"column":22}},"76":{"start":{"line":187,"column":21},"end":{"line":187,"column":46}},"77":{"start":{"line":190,"column":15},"end":{"line":192,"column":6}},"78":{"start":{"line":193,"column":4},"end":{"line":193,"column":60}},"79":{"start":{"line":193,"column":43},"end":{"line":193,"column":58}},"80":{"start":{"line":194,"column":4},"end":{"line":194,"column":14}},"81":{"start":{"line":197,"column":19},"end":{"line":197,"column":37}},"82":{"start":{"line":198,"column":20},"end":{"line":198,"column":24}},"83":{"start":{"line":199,"column":20},"end":{"line":203,"column":22}},"84":{"start":{"line":201,"column":21},"end":{"line":201,"column":46}},"85":{"start":{"line":204,"column":4},"end":{"line":214,"column":5}},"86":{"start":{"line":205,"column":6},"end":{"line":205,"column":39}},"87":{"start":{"line":206,"column":6},"end":{"line":206,"column":70}},"88":{"start":{"line":206,"column":40},"end":{"line":206,"column":67}},"89":{"start":{"line":207,"column":6},"end":{"line":207,"column":60}},"90":{"start":{"line":207,"column":25},"end":{"line":207,"column":60}},"91":{"start":{"line":208,"column":6},"end":{"line":208,"column":24}},"92":{"start":{"line":209,"column":11},"end":{"line":214,"column":5}},"93":{"start":{"line":210,"column":6},"end":{"line":211,"column":50}},"94":{"start":{"line":211,"column":8},"end":{"line":211,"column":50}},"95":{"start":{"line":212,"column":6},"end":{"line":212,"column":34}},"96":{"start":{"line":213,"column":6},"end":{"line":213,"column":31}},"97":{"start":{"line":215,"column":15},"end":{"line":219,"column":16}},"98":{"start":{"line":220,"column":4},"end":{"line":220,"column":44}},"99":{"start":{"line":220,"column":23},"end":{"line":220,"column":44}},"100":{"start":{"line":221,"column":15},"end":{"line":227,"column":6}},"101":{"start":{"line":228,"column":4},"end":{"line":228,"column":79}},"102":{"start":{"line":228,"column":62},"end":{"line":228,"column":77}},"103":{"start":{"line":229,"column":4},"end":{"line":229,"column":14}},"104":{"start":{"line":232,"column":42},"end":{"line":232,"column":46}},"105":{"start":{"line":233,"column":16},"end":{"line":233,"column":78}},"106":{"start":{"line":234,"column":21},"end":{"line":252,"column":9}},"107":{"start":{"line":253,"column":15},"end":{"line":265,"column":6}},"108":{"start":{"line":266,"column":4},"end":{"line":266,"column":26}},"109":{"start":{"line":267,"column":4},"end":{"line":267,"column":57}},"110":{"start":{"line":268,"column":4},"end":{"line":268,"column":34}},"111":{"start":{"line":269,"column":4},"end":{"line":269,"column":14}},"112":{"start":{"line":272,"column":15},"end":{"line":272,"column":30}},"113":{"start":{"line":273,"column":15},"end":{"line":278,"column":5}},"114":{"start":{"line":279,"column":4},"end":{"line":279,"column":60}},"115":{"start":{"line":280,"column":4},"end":{"line":280,"column":14}},"116":{"start":{"line":283,"column":18},"end":{"line":283,"column":33}},"117":{"start":{"line":284,"column":15},"end":{"line":289,"column":5}},"118":{"start":{"line":290,"column":4},"end":{"line":290,"column":66}},"119":{"start":{"line":291,"column":4},"end":{"line":291,"column":14}},"120":{"start":{"line":298,"column":17},"end":{"line":298,"column":68}},"121":{"start":{"line":299,"column":17},"end":{"line":308,"column":15}},"122":{"start":{"line":306,"column":8},"end":{"line":306,"column":78}},"123":{"start":{"line":310,"column":6},"end":{"line":310,"column":70}},"124":{"start":{"line":316,"column":4},"end":{"line":335,"column":5}},"125":{"start":{"line":317,"column":6},"end":{"line":322,"column":8}},"126":{"start":{"line":337,"column":4},"end":{"line":366,"column":5}},"127":{"start":{"line":338,"column":6},"end":{"line":338,"column":71}},"128":{"start":{"line":340,"column":18},"end":{"line":340,"column":20}},"129":{"start":{"line":342,"column":6},"end":{"line":359,"column":7}},"130":{"start":{"line":343,"column":8},"end":{"line":358,"column":9}},"131":{"start":{"line":344,"column":10},"end":{"line":344,"column":32}},"132":{"start":{"line":345,"column":15},"end":{"line":358,"column":9}},"133":{"start":{"line":346,"column":10},"end":{"line":352,"column":12}},"134":{"start":{"line":354,"column":10},"end":{"line":357,"column":13}},"135":{"start":{"line":360,"column":6},"end":{"line":360,"column":33}},"136":{"start":{"line":360,"column":16},"end":{"line":360,"column":33}},"137":{"start":{"line":361,"column":6},"end":{"line":365,"column":9}},"138":{"start":{"line":367,"column":4},"end":{"line":367,"column":63}},"139":{"start":{"line":370,"column":21},"end":{"line":370,"column":25}},"140":{"start":{"line":371,"column":19},"end":{"line":371,"column":21}},"141":{"start":{"line":372,"column":18},"end":{"line":372,"column":27}},"142":{"start":{"line":373,"column":4},"end":{"line":378,"column":5}},"143":{"start":{"line":374,"column":6},"end":{"line":377,"column":7}},"144":{"start":{"line":375,"column":8},"end":{"line":375,"column":31}},"145":{"start":{"line":376,"column":8},"end":{"line":376,"column":32}},"146":{"start":{"line":379,"column":18},"end":{"line":379,"column":32}},"147":{"start":{"line":380,"column":4},"end":{"line":390,"column":7}},"148":{"start":{"line":393,"column":26},"end":{"line":393,"column":30}},"149":{"start":{"line":394,"column":4},"end":{"line":397,"column":7}},"150":{"start":{"line":400,"column":18},"end":{"line":400,"column":20}},"151":{"start":{"line":401,"column":18},"end":{"line":401,"column":42}},"152":{"start":{"line":402,"column":21},"end":{"line":402,"column":40}},"153":{"start":{"line":403,"column":4},"end":{"line":414,"column":6}},"154":{"start":{"line":415,"column":14},"end":{"line":415,"column":23}},"155":{"start":{"line":416,"column":4},"end":{"line":427,"column":5}},"156":{"start":{"line":417,"column":6},"end":{"line":417,"column":48}},"157":{"start":{"line":418,"column":6},"end":{"line":425,"column":8}},"158":{"start":{"line":426,"column":6},"end":{"line":426,"column":16}},"159":{"start":{"line":428,"column":15},"end":{"line":428,"column":54}},"160":{"start":{"line":429,"column":4},"end":{"line":429,"column":31}},"161":{"start":{"line":430,"column":4},"end":{"line":430,"column":28}},"162":{"start":{"line":431,"column":4},"end":{"line":431,"column":14}},"163":{"start":{"line":434,"column":24},"end":{"line":434,"column":28}},"164":{"start":{"line":435,"column":15},"end":{"line":440,"column":6}},"165":{"start":{"line":441,"column":4},"end":{"line":441,"column":35}},"166":{"start":{"line":442,"column":4},"end":{"line":442,"column":14}},"167":{"start":{"line":445,"column":30},"end":{"line":445,"column":34}},"168":{"start":{"line":446,"column":18},"end":{"line":463,"column":5}},"169":{"start":{"line":451,"column":30},"end":{"line":461,"column":9}},"170":{"start":{"line":464,"column":15},"end":{"line":464,"column":54}},"171":{"start":{"line":465,"column":4},"end":{"line":466,"column":67}},"172":{"start":{"line":466,"column":51},"end":{"line":466,"column":65}},"173":{"start":{"line":467,"column":4},"end":{"line":467,"column":14}},"174":{"start":{"line":470,"column":33},"end":{"line":470,"column":37}},"175":{"start":{"line":471,"column":17},"end":{"line":471,"column":31}},"176":{"start":{"line":472,"column":15},"end":{"line":480,"column":6}},"177":{"start":{"line":481,"column":4},"end":{"line":481,"column":36}},"178":{"start":{"line":482,"column":4},"end":{"line":482,"column":14}},"179":{"start":{"line":485,"column":33},"end":{"line":485,"column":37}},"180":{"start":{"line":486,"column":17},"end":{"line":486,"column":31}},"181":{"start":{"line":487,"column":15},"end":{"line":497,"column":6}},"182":{"start":{"line":498,"column":4},"end":{"line":498,"column":36}},"183":{"start":{"line":499,"column":4},"end":{"line":499,"column":14}},"184":{"start":{"line":502,"column":17},"end":{"line":502,"column":31}},"185":{"start":{"line":503,"column":15},"end":{"line":508,"column":6}},"186":{"start":{"line":509,"column":4},"end":{"line":509,"column":36}},"187":{"start":{"line":510,"column":4},"end":{"line":510,"column":14}},"188":{"start":{"line":513,"column":20},"end":{"line":513,"column":32}},"189":{"start":{"line":514,"column":25},"end":{"line":514,"column":46}},"190":{"start":{"line":515,"column":15},"end":{"line":515,"column":75}},"191":{"start":{"line":516,"column":4},"end":{"line":517,"column":75}},"192":{"start":{"line":517,"column":57},"end":{"line":517,"column":73}},"193":{"start":{"line":518,"column":4},"end":{"line":518,"column":14}},"194":{"start":{"line":521,"column":20},"end":{"line":521,"column":32}},"195":{"start":{"line":522,"column":25},"end":{"line":522,"column":46}},"196":{"start":{"line":523,"column":22},"end":{"line":523,"column":36}},"197":{"start":{"line":524,"column":15},"end":{"line":528,"column":6}},"198":{"start":{"line":529,"column":4},"end":{"line":532,"column":53}},"199":{"start":{"line":532,"column":35},"end":{"line":532,"column":51}},"200":{"start":{"line":533,"column":4},"end":{"line":533,"column":14}},"201":{"start":{"line":536,"column":34},"end":{"line":536,"column":38}},"202":{"start":{"line":537,"column":15},"end":{"line":541,"column":6}},"203":{"start":{"line":542,"column":26},"end":{"line":544,"column":22}},"204":{"start":{"line":543,"column":21},"end":{"line":543,"column":38}},"205":{"start":{"line":545,"column":4},"end":{"line":548,"column":8}},"206":{"start":{"line":546,"column":6},"end":{"line":548,"column":8}},"207":{"start":{"line":549,"column":4},"end":{"line":549,"column":58}},"208":{"start":{"line":549,"column":41},"end":{"line":549,"column":56}},"209":{"start":{"line":550,"column":4},"end":{"line":550,"column":14}},"210":{"start":{"line":553,"column":15},"end":{"line":553,"column":76}},"211":{"start":{"line":554,"column":4},"end":{"line":554,"column":42}},"212":{"start":{"line":555,"column":4},"end":{"line":555,"column":14}},"213":{"start":{"line":558,"column":4},"end":{"line":561,"column":27}},"214":{"start":{"line":562,"column":4},"end":{"line":562,"column":40}},"215":{"start":{"line":563,"column":4},"end":{"line":563,"column":22}},"216":{"start":{"line":566,"column":15},"end":{"line":571,"column":5}},"217":{"start":{"line":572,"column":4},"end":{"line":572,"column":63}},"218":{"start":{"line":572,"column":48},"end":{"line":572,"column":61}},"219":{"start":{"line":573,"column":4},"end":{"line":573,"column":14}},"220":{"start":{"line":576,"column":4},"end":{"line":580,"column":7}},"221":{"start":{"line":583,"column":18},"end":{"line":583,"column":35}},"222":{"start":{"line":584,"column":16},"end":{"line":584,"column":33}},"223":{"start":{"line":585,"column":17},"end":{"line":585,"column":36}},"224":{"start":{"line":586,"column":25},"end":{"line":586,"column":29}},"225":{"start":{"line":587,"column":15},"end":{"line":596,"column":6}},"226":{"start":{"line":597,"column":4},"end":{"line":598,"column":78}},"227":{"start":{"line":599,"column":4},"end":{"line":599,"column":14}},"228":{"start":{"line":602,"column":4},"end":{"line":602,"column":24}},"229":{"start":{"line":603,"column":4},"end":{"line":603,"column":21}},"230":{"start":{"line":606,"column":4},"end":{"line":606,"column":50}},"231":{"start":{"line":609,"column":31},"end":{"line":609,"column":35}},"232":{"start":{"line":610,"column":15},"end":{"line":617,"column":6}},"233":{"start":{"line":618,"column":4},"end":{"line":618,"column":59}},"234":{"start":{"line":619,"column":4},"end":{"line":619,"column":14}},"235":{"start":{"line":622,"column":29},"end":{"line":622,"column":33}},"236":{"start":{"line":623,"column":15},"end":{"line":632,"column":6}},"237":{"start":{"line":633,"column":4},"end":{"line":633,"column":58}},"238":{"start":{"line":633,"column":41},"end":{"line":633,"column":56}},"239":{"start":{"line":634,"column":4},"end":{"line":634,"column":14}},"240":{"start":{"line":637,"column":4},"end":{"line":637,"column":67}},"241":{"start":{"line":637,"column":23},"end":{"line":637,"column":67}},"242":{"start":{"line":638,"column":4},"end":{"line":639,"column":56}},"243":{"start":{"line":639,"column":6},"end":{"line":639,"column":56}},"244":{"start":{"line":639,"column":38},"end":{"line":639,"column":53}},"245":{"start":{"line":640,"column":20},"end":{"line":640,"column":37}},"246":{"start":{"line":641,"column":15},"end":{"line":645,"column":6}},"247":{"start":{"line":646,"column":4},"end":{"line":646,"column":43}},"248":{"start":{"line":647,"column":4},"end":{"line":647,"column":39}},"249":{"start":{"line":648,"column":4},"end":{"line":648,"column":14}},"250":{"start":{"line":651,"column":18},"end":{"line":651,"column":53}},"251":{"start":{"line":652,"column":15},"end":{"line":658,"column":6}},"252":{"start":{"line":659,"column":4},"end":{"line":659,"column":46}},"253":{"start":{"line":660,"column":4},"end":{"line":660,"column":37}},"254":{"start":{"line":661,"column":4},"end":{"line":661,"column":14}},"255":{"start":{"line":664,"column":25},"end":{"line":670,"column":6}},"256":{"start":{"line":671,"column":26},"end":{"line":676,"column":15}},"257":{"start":{"line":677,"column":4},"end":{"line":677,"column":43}},"258":{"start":{"line":678,"column":4},"end":{"line":678,"column":49}},"259":{"start":{"line":679,"column":4},"end":{"line":679,"column":21}},"260":{"start":{"line":682,"column":4},"end":{"line":687,"column":6}},"261":{"start":{"line":690,"column":4},"end":{"line":696,"column":7}},"262":{"start":{"line":699,"column":15},"end":{"line":699,"column":27}},"263":{"start":{"line":700,"column":17},"end":{"line":700,"column":69}},"264":{"start":{"line":701,"column":4},"end":{"line":701,"column":76}},"265":{"start":{"line":704,"column":4},"end":{"line":708,"column":7}},"266":{"start":{"line":711,"column":4},"end":{"line":711,"column":39}},"267":{"start":{"line":714,"column":4},"end":{"line":714,"column":37}},"268":{"start":{"line":715,"column":4},"end":{"line":715,"column":68}},"269":{"start":{"line":718,"column":20},"end":{"line":721,"column":22}},"270":{"start":{"line":719,"column":21},"end":{"line":719,"column":46}},"271":{"start":{"line":722,"column":18},"end":{"line":722,"column":69}},"272":{"start":{"line":723,"column":4},"end":{"line":727,"column":7}},"273":{"start":{"line":731,"column":12},"end":{"line":733,"column":1}},"274":{"start":{"line":732,"column":2},"end":{"line":732,"column":32}},"275":{"start":{"line":735,"column":0},"end":{"line":735,"column":41}},"276":{"start":{"line":736,"column":0},"end":{"line":736,"column":29}},"277":{"start":{"line":737,"column":0},"end":{"line":737,"column":25}}},"fnMap":{"0":{"name":"(anonymous_0)","decl":{"start":{"line":4,"column":13},"end":{"line":4,"column":14}},"loc":{"start":{"line":4,"column":27},"end":{"line":4,"column":74}},"line":4},"1":{"name":"(anonymous_1)","decl":{"start":{"line":5,"column":13},"end":{"line":5,"column":14}},"loc":{"start":{"line":6,"column":2},"end":{"line":6,"column":67}},"line":6},"2":{"name":"(anonymous_2)","decl":{"start":{"line":10,"column":20},"end":{"line":10,"column":21}},"loc":{"start":{"line":10,"column":46},"end":{"line":14,"column":1}},"line":10},"3":{"name":"(anonymous_3)","decl":{"start":{"line":16,"column":18},"end":{"line":16,"column":19}},"loc":{"start":{"line":16,"column":28},"end":{"line":64,"column":1}},"line":16},"4":{"name":"(anonymous_4)","decl":{"start":{"line":67,"column":2},"end":{"line":67,"column":3}},"loc":{"start":{"line":67,"column":15},"end":{"line":69,"column":3}},"line":67},"5":{"name":"(anonymous_5)","decl":{"start":{"line":70,"column":2},"end":{"line":70,"column":3}},"loc":{"start":{"line":70,"column":15},"end":{"line":77,"column":3}},"line":70},"6":{"name":"(anonymous_6)","decl":{"start":{"line":78,"column":2},"end":{"line":78,"column":3}},"loc":{"start":{"line":78,"column":16},"end":{"line":92,"column":3}},"line":78},"7":{"name":"(anonymous_7)","decl":{"start":{"line":93,"column":2},"end":{"line":93,"column":3}},"loc":{"start":{"line":93,"column":16},"end":{"line":138,"column":3}},"line":93},"8":{"name":"(anonymous_8)","decl":{"start":{"line":96,"column":31},"end":{"line":96,"column":32}},"loc":{"start":{"line":96,"column":40},"end":{"line":96,"column":72}},"line":96},"9":{"name":"(anonymous_9)","decl":{"start":{"line":97,"column":34},"end":{"line":97,"column":35}},"loc":{"start":{"line":97,"column":43},"end":{"line":97,"column":59}},"line":97},"10":{"name":"(anonymous_10)","decl":{"start":{"line":99,"column":52},"end":{"line":99,"column":53}},"loc":{"start":{"line":99,"column":61},"end":{"line":99,"column":75}},"line":99},"11":{"name":"(anonymous_11)","decl":{"start":{"line":136,"column":46},"end":{"line":136,"column":47}},"loc":{"start":{"line":136,"column":55},"end":{"line":136,"column":69}},"line":136},"12":{"name":"(anonymous_12)","decl":{"start":{"line":139,"column":2},"end":{"line":139,"column":3}},"loc":{"start":{"line":139,"column":13},"end":{"line":169,"column":3}},"line":139},"13":{"name":"(anonymous_13)","decl":{"start":{"line":146,"column":31},"end":{"line":146,"column":32}},"loc":{"start":{"line":146,"column":40},"end":{"line":146,"column":72}},"line":146},"14":{"name":"(anonymous_14)","decl":{"start":{"line":147,"column":34},"end":{"line":147,"column":35}},"loc":{"start":{"line":147,"column":43},"end":{"line":147,"column":59}},"line":147},"15":{"name":"(anonymous_15)","decl":{"start":{"line":167,"column":41},"end":{"line":167,"column":42}},"loc":{"start":{"line":167,"column":50},"end":{"line":167,"column":64}},"line":167},"16":{"name":"(anonymous_16)","decl":{"start":{"line":170,"column":55},"end":{"line":170,"column":56}},"loc":{"start":{"line":170,"column":64},"end":{"line":180,"column":3}},"line":170},"17":{"name":"(anonymous_17)","decl":{"start":{"line":172,"column":4},"end":{"line":172,"column":5}},"loc":{"start":{"line":172,"column":14},"end":{"line":179,"column":5}},"line":172},"18":{"name":"(anonymous_18)","decl":{"start":{"line":181,"column":2},"end":{"line":181,"column":3}},"loc":{"start":{"line":181,"column":13},"end":{"line":183,"column":3}},"line":181},"19":{"name":"(anonymous_19)","decl":{"start":{"line":184,"column":2},"end":{"line":184,"column":3}},"loc":{"start":{"line":184,"column":14},"end":{"line":195,"column":3}},"line":184},"20":{"name":"(anonymous_20)","decl":{"start":{"line":187,"column":11},"end":{"line":187,"column":12}},"loc":{"start":{"line":187,"column":21},"end":{"line":187,"column":46}},"line":187},"21":{"name":"(anonymous_21)","decl":{"start":{"line":193,"column":33},"end":{"line":193,"column":34}},"loc":{"start":{"line":193,"column":43},"end":{"line":193,"column":58}},"line":193},"22":{"name":"(anonymous_22)","decl":{"start":{"line":196,"column":2},"end":{"line":196,"column":3}},"loc":{"start":{"line":196,"column":15},"end":{"line":230,"column":3}},"line":196},"23":{"name":"(anonymous_23)","decl":{"start":{"line":201,"column":11},"end":{"line":201,"column":12}},"loc":{"start":{"line":201,"column":21},"end":{"line":201,"column":46}},"line":201},"24":{"name":"(anonymous_24)","decl":{"start":{"line":206,"column":27},"end":{"line":206,"column":28}},"loc":{"start":{"line":206,"column":40},"end":{"line":206,"column":67}},"line":206},"25":{"name":"(anonymous_25)","decl":{"start":{"line":228,"column":52},"end":{"line":228,"column":53}},"loc":{"start":{"line":228,"column":62},"end":{"line":228,"column":77}},"line":228},"26":{"name":"(anonymous_26)","decl":{"start":{"line":231,"column":2},"end":{"line":231,"column":3}},"loc":{"start":{"line":231,"column":17},"end":{"line":270,"column":3}},"line":231},"27":{"name":"(anonymous_27)","decl":{"start":{"line":271,"column":2},"end":{"line":271,"column":3}},"loc":{"start":{"line":271,"column":25},"end":{"line":281,"column":3}},"line":271},"28":{"name":"(anonymous_28)","decl":{"start":{"line":282,"column":2},"end":{"line":282,"column":3}},"loc":{"start":{"line":282,"column":17},"end":{"line":292,"column":3}},"line":282},"29":{"name":"(anonymous_29)","decl":{"start":{"line":293,"column":2},"end":{"line":293,"column":3}},"loc":{"start":{"line":293,"column":17},"end":{"line":368,"column":3}},"line":293},"30":{"name":"(anonymous_30)","decl":{"start":{"line":305,"column":11},"end":{"line":305,"column":12}},"loc":{"start":{"line":306,"column":8},"end":{"line":306,"column":78}},"line":306},"31":{"name":"(anonymous_31)","decl":{"start":{"line":369,"column":2},"end":{"line":369,"column":3}},"loc":{"start":{"line":369,"column":15},"end":{"line":391,"column":3}},"line":369},"32":{"name":"(anonymous_32)","decl":{"start":{"line":392,"column":2},"end":{"line":392,"column":3}},"loc":{"start":{"line":392,"column":19},"end":{"line":398,"column":3}},"line":392},"33":{"name":"(anonymous_33)","decl":{"start":{"line":399,"column":2},"end":{"line":399,"column":3}},"loc":{"start":{"line":399,"column":19},"end":{"line":432,"column":3}},"line":399},"34":{"name":"(anonymous_34)","decl":{"start":{"line":433,"column":2},"end":{"line":433,"column":3}},"loc":{"start":{"line":433,"column":19},"end":{"line":443,"column":3}},"line":433},"35":{"name":"(anonymous_35)","decl":{"start":{"line":444,"column":2},"end":{"line":444,"column":3}},"loc":{"start":{"line":444,"column":16},"end":{"line":468,"column":3}},"line":444},"36":{"name":"(anonymous_36)","decl":{"start":{"line":451,"column":13},"end":{"line":451,"column":14}},"loc":{"start":{"line":451,"column":30},"end":{"line":461,"column":9}},"line":451},"37":{"name":"(anonymous_37)","decl":{"start":{"line":466,"column":38},"end":{"line":466,"column":39}},"loc":{"start":{"line":466,"column":51},"end":{"line":466,"column":65}},"line":466},"38":{"name":"(anonymous_38)","decl":{"start":{"line":469,"column":2},"end":{"line":469,"column":3}},"loc":{"start":{"line":469,"column":16},"end":{"line":483,"column":3}},"line":469},"39":{"name":"(anonymous_39)","decl":{"start":{"line":484,"column":2},"end":{"line":484,"column":3}},"loc":{"start":{"line":484,"column":20},"end":{"line":500,"column":3}},"line":484},"40":{"name":"(anonymous_40)","decl":{"start":{"line":501,"column":2},"end":{"line":501,"column":3}},"loc":{"start":{"line":501,"column":18},"end":{"line":511,"column":3}},"line":501},"41":{"name":"(anonymous_41)","decl":{"start":{"line":512,"column":2},"end":{"line":512,"column":3}},"loc":{"start":{"line":512,"column":20},"end":{"line":519,"column":3}},"line":512},"42":{"name":"(anonymous_42)","decl":{"start":{"line":517,"column":46},"end":{"line":517,"column":47}},"loc":{"start":{"line":517,"column":57},"end":{"line":517,"column":73}},"line":517},"43":{"name":"(anonymous_43)","decl":{"start":{"line":520,"column":2},"end":{"line":520,"column":3}},"loc":{"start":{"line":520,"column":24},"end":{"line":534,"column":3}},"line":520},"44":{"name":"(anonymous_44)","decl":{"start":{"line":532,"column":24},"end":{"line":532,"column":25}},"loc":{"start":{"line":532,"column":35},"end":{"line":532,"column":51}},"line":532},"45":{"name":"(anonymous_45)","decl":{"start":{"line":535,"column":2},"end":{"line":535,"column":3}},"loc":{"start":{"line":535,"column":14},"end":{"line":551,"column":3}},"line":535},"46":{"name":"(anonymous_46)","decl":{"start":{"line":543,"column":11},"end":{"line":543,"column":12}},"loc":{"start":{"line":543,"column":21},"end":{"line":543,"column":38}},"line":543},"47":{"name":"(anonymous_47)","decl":{"start":{"line":549,"column":31},"end":{"line":549,"column":32}},"loc":{"start":{"line":549,"column":41},"end":{"line":549,"column":56}},"line":549},"48":{"name":"(anonymous_48)","decl":{"start":{"line":552,"column":2},"end":{"line":552,"column":3}},"loc":{"start":{"line":552,"column":17},"end":{"line":556,"column":3}},"line":552},"49":{"name":"(anonymous_49)","decl":{"start":{"line":557,"column":2},"end":{"line":557,"column":3}},"loc":{"start":{"line":557,"column":15},"end":{"line":564,"column":3}},"line":557},"50":{"name":"(anonymous_50)","decl":{"start":{"line":565,"column":2},"end":{"line":565,"column":3}},"loc":{"start":{"line":565,"column":16},"end":{"line":574,"column":3}},"line":565},"51":{"name":"(anonymous_51)","decl":{"start":{"line":572,"column":40},"end":{"line":572,"column":41}},"loc":{"start":{"line":572,"column":48},"end":{"line":572,"column":61}},"line":572},"52":{"name":"(anonymous_52)","decl":{"start":{"line":575,"column":2},"end":{"line":575,"column":3}},"loc":{"start":{"line":575,"column":23},"end":{"line":581,"column":3}},"line":575},"53":{"name":"(anonymous_53)","decl":{"start":{"line":582,"column":2},"end":{"line":582,"column":3}},"loc":{"start":{"line":582,"column":14},"end":{"line":600,"column":3}},"line":582},"54":{"name":"(anonymous_54)","decl":{"start":{"line":601,"column":46},"end":{"line":601,"column":47}},"loc":{"start":{"line":601,"column":56},"end":{"line":604,"column":3}},"line":601},"55":{"name":"(anonymous_55)","decl":{"start":{"line":605,"column":2},"end":{"line":605,"column":3}},"loc":{"start":{"line":605,"column":15},"end":{"line":607,"column":3}},"line":605},"56":{"name":"(anonymous_56)","decl":{"start":{"line":608,"column":2},"end":{"line":608,"column":3}},"loc":{"start":{"line":608,"column":14},"end":{"line":620,"column":3}},"line":608},"57":{"name":"(anonymous_57)","decl":{"start":{"line":621,"column":2},"end":{"line":621,"column":3}},"loc":{"start":{"line":621,"column":12},"end":{"line":635,"column":3}},"line":621},"58":{"name":"(anonymous_58)","decl":{"start":{"line":633,"column":31},"end":{"line":633,"column":32}},"loc":{"start":{"line":633,"column":41},"end":{"line":633,"column":56}},"line":633},"59":{"name":"(anonymous_59)","decl":{"start":{"line":636,"column":2},"end":{"line":636,"column":3}},"loc":{"start":{"line":636,"column":16},"end":{"line":649,"column":3}},"line":636},"60":{"name":"(anonymous_60)","decl":{"start":{"line":639,"column":28},"end":{"line":639,"column":29}},"loc":{"start":{"line":639,"column":38},"end":{"line":639,"column":53}},"line":639},"61":{"name":"(anonymous_61)","decl":{"start":{"line":650,"column":2},"end":{"line":650,"column":3}},"loc":{"start":{"line":650,"column":19},"end":{"line":662,"column":3}},"line":650},"62":{"name":"(anonymous_62)","decl":{"start":{"line":663,"column":2},"end":{"line":663,"column":3}},"loc":{"start":{"line":663,"column":24},"end":{"line":680,"column":3}},"line":663},"63":{"name":"(anonymous_63)","decl":{"start":{"line":681,"column":2},"end":{"line":681,"column":3}},"loc":{"start":{"line":681,"column":18},"end":{"line":688,"column":3}},"line":681},"64":{"name":"(anonymous_64)","decl":{"start":{"line":689,"column":2},"end":{"line":689,"column":3}},"loc":{"start":{"line":689,"column":16},"end":{"line":697,"column":3}},"line":689},"65":{"name":"(anonymous_65)","decl":{"start":{"line":698,"column":2},"end":{"line":698,"column":3}},"loc":{"start":{"line":698,"column":24},"end":{"line":702,"column":3}},"line":698},"66":{"name":"(anonymous_66)","decl":{"start":{"line":703,"column":2},"end":{"line":703,"column":3}},"loc":{"start":{"line":703,"column":15},"end":{"line":709,"column":3}},"line":703},"67":{"name":"(anonymous_67)","decl":{"start":{"line":710,"column":2},"end":{"line":710,"column":3}},"loc":{"start":{"line":710,"column":16},"end":{"line":712,"column":3}},"line":710},"68":{"name":"(anonymous_68)","decl":{"start":{"line":713,"column":2},"end":{"line":713,"column":3}},"loc":{"start":{"line":713,"column":18},"end":{"line":716,"column":3}},"line":713},"69":{"name":"(anonymous_69)","decl":{"start":{"line":717,"column":2},"end":{"line":717,"column":3}},"loc":{"start":{"line":717,"column":13},"end":{"line":728,"column":3}},"line":717},"70":{"name":"(anonymous_70)","decl":{"start":{"line":719,"column":11},"end":{"line":719,"column":12}},"loc":{"start":{"line":719,"column":21},"end":{"line":719,"column":46}},"line":719},"71":{"name":"(anonymous_71)","decl":{"start":{"line":731,"column":12},"end":{"line":731,"column":13}},"loc":{"start":{"line":731,"column":22},"end":{"line":733,"column":1}},"line":731}},"branchMap":{"0":{"loc":{"start":{"line":11,"column":2},"end":{"line":12,"column":62}},"type":"if","locations":[{"start":{"line":11,"column":2},"end":{"line":12,"column":62}},{"start":{"line":11,"column":2},"end":{"line":12,"column":62}}],"line":11},"1":{"loc":{"start":{"line":13,"column":9},"end":{"line":13,"column":36}},"type":"cond-expr","locations":[{"start":{"line":13,"column":20},"end":{"line":13,"column":29}},{"start":{"line":13,"column":32},"end":{"line":13,"column":36}}],"line":13},"2":{"loc":{"start":{"line":17,"column":2},"end":{"line":62,"column":3}},"type":"if","locations":[{"start":{"line":17,"column":2},"end":{"line":62,"column":3}},{"start":{"line":17,"column":2},"end":{"line":62,"column":3}}],"line":17},"3":{"loc":{"start":{"line":18,"column":4},"end":{"line":24,"column":8}},"type":"if","locations":[{"start":{"line":18,"column":4},"end":{"line":24,"column":8}},{"start":{"line":18,"column":4},"end":{"line":24,"column":8}}],"line":18},"4":{"loc":{"start":{"line":25,"column":4},"end":{"line":33,"column":8}},"type":"if","locations":[{"start":{"line":25,"column":4},"end":{"line":33,"column":8}},{"start":{"line":25,"column":4},"end":{"line":33,"column":8}}],"line":25},"5":{"loc":{"start":{"line":79,"column":18},"end":{"line":81,"column":25}},"type":"cond-expr","locations":[{"start":{"line":80,"column":8},"end":{"line":80,"column":46}},{"start":{"line":81,"column":8},"end":{"line":81,"column":25}}],"line":79},"6":{"loc":{"start":{"line":82,"column":4},"end":{"line":83,"column":55}},"type":"if","locations":[{"start":{"line":82,"column":4},"end":{"line":83,"column":55}},{"start":{"line":82,"column":4},"end":{"line":83,"column":55}}],"line":82},"7":{"loc":{"start":{"line":99,"column":23},"end":{"line":99,"column":76}},"type":"binary-expr","locations":[{"start":{"line":99,"column":23},"end":{"line":99,"column":38}},{"start":{"line":99,"column":42},"end":{"line":99,"column":76}}],"line":99},"8":{"loc":{"start":{"line":101,"column":4},"end":{"line":113,"column":5}},"type":"if","locations":[{"start":{"line":101,"column":4},"end":{"line":113,"column":5}},{"start":{"line":101,"column":4},"end":{"line":113,"column":5}}],"line":101},"9":{"loc":{"start":{"line":103,"column":8},"end":{"line":103,"column":34}},"type":"cond-expr","locations":[{"start":{"line":103,"column":21},"end":{"line":103,"column":29}},{"start":{"line":103,"column":32},"end":{"line":103,"column":34}}],"line":103},"10":{"loc":{"start":{"line":105,"column":8},"end":{"line":105,"column":54}},"type":"cond-expr","locations":[{"start":{"line":105,"column":22},"end":{"line":105,"column":27}},{"start":{"line":105,"column":30},"end":{"line":105,"column":54}}],"line":105},"11":{"loc":{"start":{"line":107,"column":8},"end":{"line":107,"column":37}},"type":"cond-expr","locations":[{"start":{"line":107,"column":22},"end":{"line":107,"column":25}},{"start":{"line":107,"column":28},"end":{"line":107,"column":37}}],"line":107},"12":{"loc":{"start":{"line":109,"column":8},"end":{"line":109,"column":48}},"type":"cond-expr","locations":[{"start":{"line":109,"column":22},"end":{"line":109,"column":25}},{"start":{"line":109,"column":28},"end":{"line":109,"column":48}}],"line":109},"13":{"loc":{"start":{"line":122,"column":4},"end":{"line":133,"column":5}},"type":"if","locations":[{"start":{"line":122,"column":4},"end":{"line":133,"column":5}},{"start":{"line":122,"column":4},"end":{"line":133,"column":5}}],"line":122},"14":{"loc":{"start":{"line":123,"column":20},"end":{"line":123,"column":58}},"type":"cond-expr","locations":[{"start":{"line":123,"column":26},"end":{"line":123,"column":51}},{"start":{"line":123,"column":54},"end":{"line":123,"column":58}}],"line":123},"15":{"loc":{"start":{"line":124,"column":6},"end":{"line":125,"column":57}},"type":"if","locations":[{"start":{"line":124,"column":6},"end":{"line":125,"column":57}},{"start":{"line":124,"column":6},"end":{"line":125,"column":57}}],"line":124},"16":{"loc":{"start":{"line":134,"column":4},"end":{"line":134,"column":60}},"type":"if","locations":[{"start":{"line":134,"column":4},"end":{"line":134,"column":60}},{"start":{"line":134,"column":4},"end":{"line":134,"column":60}}],"line":134},"17":{"loc":{"start":{"line":136,"column":6},"end":{"line":136,"column":70}},"type":"binary-expr","locations":[{"start":{"line":136,"column":6},"end":{"line":136,"column":13}},{"start":{"line":136,"column":17},"end":{"line":136,"column":32}},{"start":{"line":136,"column":36},"end":{"line":136,"column":70}}],"line":136},"18":{"loc":{"start":{"line":140,"column":4},"end":{"line":143,"column":5}},"type":"if","locations":[{"start":{"line":140,"column":4},"end":{"line":143,"column":5}},{"start":{"line":140,"column":4},"end":{"line":143,"column":5}}],"line":140},"19":{"loc":{"start":{"line":154,"column":4},"end":{"line":165,"column":5}},"type":"if","locations":[{"start":{"line":154,"column":4},"end":{"line":165,"column":5}},{"start":{"line":154,"column":4},"end":{"line":165,"column":5}}],"line":154},"20":{"loc":{"start":{"line":155,"column":20},"end":{"line":155,"column":58}},"type":"cond-expr","locations":[{"start":{"line":155,"column":26},"end":{"line":155,"column":51}},{"start":{"line":155,"column":54},"end":{"line":155,"column":58}}],"line":155},"21":{"loc":{"start":{"line":156,"column":6},"end":{"line":157,"column":57}},"type":"if","locations":[{"start":{"line":156,"column":6},"end":{"line":157,"column":57}},{"start":{"line":156,"column":6},"end":{"line":157,"column":57}}],"line":156},"22":{"loc":{"start":{"line":166,"column":4},"end":{"line":166,"column":60}},"type":"if","locations":[{"start":{"line":166,"column":4},"end":{"line":166,"column":60}},{"start":{"line":166,"column":4},"end":{"line":166,"column":60}}],"line":166},"23":{"loc":{"start":{"line":167,"column":20},"end":{"line":167,"column":65}},"type":"binary-expr","locations":[{"start":{"line":167,"column":20},"end":{"line":167,"column":27}},{"start":{"line":167,"column":31},"end":{"line":167,"column":65}}],"line":167},"24":{"loc":{"start":{"line":204,"column":4},"end":{"line":214,"column":5}},"type":"if","locations":[{"start":{"line":204,"column":4},"end":{"line":214,"column":5}},{"start":{"line":204,"column":4},"end":{"line":214,"column":5}}],"line":204},"25":{"loc":{"start":{"line":207,"column":6},"end":{"line":207,"column":60}},"type":"if","locations":[{"start":{"line":207,"column":6},"end":{"line":207,"column":60}},{"start":{"line":207,"column":6},"end":{"line":207,"column":60}}],"line":207},"26":{"loc":{"start":{"line":209,"column":11},"end":{"line":214,"column":5}},"type":"if","locations":[{"start":{"line":209,"column":11},"end":{"line":214,"column":5}},{"start":{"line":209,"column":11},"end":{"line":214,"column":5}}],"line":209},"27":{"loc":{"start":{"line":210,"column":6},"end":{"line":211,"column":50}},"type":"if","locations":[{"start":{"line":210,"column":6},"end":{"line":211,"column":50}},{"start":{"line":210,"column":
[...]
,"/Users/pouya/Projects/roots/examples/clio/syntax/imports/index.js": {"path":"/Users/pouya/Projects/roots/examples/clio/syntax/imports/index.js","statementMap":{"0":{"start":{"line":1,"column":16},"end":{"line":1,"column":44}},"1":{"start":{"line":2,"column":17},"end":{"line":2,"column":37}},"2":{"start":{"line":4,"column":0},"end":{"line":50,"column":2}},"3":{"start":{"line":10,"column":8},"end":{"line":10,"column":65}},"4":{"start":{"line":14,"column":6},"end":{"line":14,"column":58}},"5":{"start":{"line":21,"column":8},"end":{"line":21,"column":28}},"6":{"start":{"line":22,"column":8},"end":{"line":22,"column":19}},"7":{"start":{"line":26,"column":6},"end":{"line":26,"column":21}},"8":{"start":{"line":27,"column":6},"end":{"line":27,"column":34}},"9":{"start":{"line":28,"column":6},"end":{"line":28,"column":17}},"10":{"start":{"line":33,"column":6},"end":{"line":33,"column":21}},"11":{"start":{"line":34,"column":6},"end":{"line":34,"column":28}},"12":{"start":{"line":35,"column":6},"end":{"line":35,"column":17}},"13":{"start":{"line":40,"column":6},"end":{"line":40,"column":46}},"14":{"start":{"line":45,"column":6},"end":{"line":45,"column":20}},"15":{"start":{"line":46,"column":6},"end":{"line":46,"column":28}},"16":{"start":{"line":47,"column":6},"end":{"line":47,"column":17}}},"fnMap":{"0":{"name":"(anonymous_0)","decl":{"start":{"line":9,"column":11},"end":{"line":9,"column":12}},"loc":{"start":{"line":9,"column":25},"end":{"line":11,"column":7}},"line":9},"1":{"name":"(anonymous_1)","decl":{"start":{"line":13,"column":17},"end":{"line":13,"column":18}},"loc":{"start":{"line":13,"column":31},"end":{"line":15,"column":5}},"line":13},"2":{"name":"(anonymous_2)","decl":{"start":{"line":20,"column":11},"end":{"line":20,"column":12}},"loc":{"start":{"line":20,"column":25},"end":{"line":23,"column":7}},"line":20},"3":{"name":"(anonymous_3)","decl":{"start":{"line":25,"column":15},"end":{"line":25,"column":16}},"loc":{"start":{"line":25,"column":29},"end":{"line":29,"column":5}},"line":25},"4":{"name":"(anonymous_4)","decl":{"start":{"line":32,"column":17},"end":{"line":32,"column":18}},"loc":{"start":{"line":32,"column":31},"end":{"line":36,"column":5}},"line":32},"5":{"name":"(anonymous_5)","decl":{"start":{"line":39,"column":13},"end":{"line":39,"column":14}},"loc":{"start":{"line":39,"column":27},"end":{"line":41,"column":5}},"line":39},"6":{"name":"(anonymous_6)","decl":{"start":{"line":44,"column":17},"end":{"line":44,"column":18}},"loc":{"start":{"line":44,"column":31},"end":{"line":48,"column":5}},"line":44}},"branchMap":{},"s":{"0":1,"1":1,"2":1,"3":4,"4":4,"5":5,"6":5,"7":4,"8":4,"9":4,"10":4,"11":4,"12":4,"13":4,"14":4,"15":4,"16":4},"f":{"0":4,"1":4,"2":5,"3":4,"4":4,"5":4,"6":4},"b":{},"_coverageSchema":"1a1c01bbd47fc00a2c39e90264f33305004495a9","hash":"ec3922f4e34eb0b0241d4a569a26af9f292051f7"}
,"/Users/pouya/Projects/roots/examples/clio/syntax/in/index.js": {"path":"/Users/pouya/Projects/roots/examples/clio/syntax/in/index.js","statementMap":{"0":{"start":{"line":1,"column":16},"end":{"line":1,"column":44}},"1":{"start":{"line":2,"column":38},"end":{"line":2,"column":58}},"2":{"start":{"line":4,"column":0},"end":{"line":21,"column":2}},"3":{"start":{"line":8,"column":6},"end":{"line":8,"column":59}},"4":{"start":{"line":15,"column":8},"end":{"line":15,"column":29}},"5":{"start":{"line":16,"column":8},"end":{"line":16,"column":22}},"6":{"start":{"line":17,"column":8},"end":{"line":17,"column":19}}},"fnMap":{"0":{"name":"(anonymous_0)","decl":{"start":{"line":7,"column":13},"end":{"line":7,"column":14}},"loc":{"start":{"line":7,"column":27},"end":{"line":9,"column":5}},"line":7},"1":{"name":"(anonymous_1)","decl":{"start":{"line":14,"column":11},"end":{"line":14,"column":12}},"loc":{"start":{"line":14,"column":25},"end":{"line":18,"column":7}},"line":14}},"branchMap":{},"s":{"0":1,"1":1,"2":1,"3":4,"4":4,"5":4,"6":4},"f":{"0":4,"1":4},"b":{},"_coverageSchema":"1a1c01bbd47fc00a2c39e90264f33305004495a9","hash":"a444a661ba6273ead8e9fc657d5cb2e351d2e286"}
,"/Users/pouya/Projects/roots/examples/clio/syntax/logicals/index.js": {"path":"/Users/pouya/Projects/roots/examples/clio/syntax/logicals/index.js","statementMap":{"0":{"start":{"line":1,"column":24},"end":{"line":1,"column":52}},"1":{"start":{"line":2,"column":14},"end":{"line":2,"column":36}},"2":{"start":{"line":3,"column":38},"end":{"line":3,"column":58}},"3":{"start":{"line":5,"column":0},"end":{"line":56,"column":2}},"4":{"start":{"line":11,"column":8},"end":{"line":16,"column":10}},"5":{"start":{"line":25,"column":8},"end":{"line":29,"column":10}},"6":{"start":{"line":38,"column":8},"end":{"line":43,"column":10}},"7":{"start":{"line":52,"column":8},"end":{"line":52,"column":63}}},"fnMap":{"0":{"name":"(anonymous_0)","decl":{"start":{"line":10,"column":11},"end":{"line":10,"column":12}},"loc":{"start":{"line":10,"column":24},"end":{"line":17,"column":7}},"line":10},"1":{"name":"(anonymous_1)","decl":{"start":{"line":24,"column":11},"end":{"line":24,"column":12}},"loc":{"start":{"line":24,"column":25},"end":{"line":30,"column":7}},"line":24},"2":{"name":"(anonymous_2)","decl":{"start":{"line":37,"column":11},"end":{"line":37,"column":12}},"loc":{"start":{"line":37,"column":24},"end":{"line":44,"column":7}},"line":37},"3":{"name":"(anonymous_3)","decl":{"start":{"line":51,"column":11},"end":{"line":51,"column":12}},"loc":{"start":{"line":51,"column":24},"end":{"line":53,"column":7}},"line":51}},"branchMap":{},"s":{"0":1,"1":1,"2":1,"3":1,"4":4,"5":5,"6":1,"7":8},"f":{"0":4,"1":5,"2":1,"3":8},"b":{},"_coverageSchema":"1a1c01bbd47fc00a2c39e90264f33305004495a9","hash":"c7a90d8050b763328600dc9cfe404a4e40cc51e0"}
,"/Users/pouya/Projects/roots/examples/clio/syntax/math/index.js": {"path":"/Users/pouya/Projects/roots/examples/clio/syntax/math/index.js","statementMap":{"0":{"start":{"line":1,"column":31},"end":{"line":1,"column":59}},"1":{"start":{"line":2,"column":14},"end":{"line":2,"column":36}},"2":{"start":{"line":3,"column":25},"end":{"line":3,"column":45}},"3":{"start":{"line":5,"column":0},"end":{"line":53,"column":2}},"4":{"start":{"line":15,"column":6},"end":{"line":15,"column":57}},"5":{"start":{"line":18,"column":6},"end":{"line":18,"column":57}},"6":{"start":{"line":21,"column":6},"end":{"line":21,"column":57}},"7":{"start":{"line":24,"column":6},"end":{"line":24,"column":57}},"8":{"start":{"line":27,"column":6},"end":{"line":27,"column":57}},"9":{"start":{"line":30,"column":6},"end":{"line":30,"column":57}},"10":{"start":{"line":33,"column":63},"end":{"line":52,"column":3}},"11":{"start":{"line":40,"column":10},"end":{"line":48,"column":12}}},"fnMap":{"0":{"name":"(anonymous_0)","decl":{"start":{"line":14,"column":16},"end":{"line":14,"column":17}},"loc":{"start":{"line":14,"column":29},"end":{"line":16,"column":5}},"line":14},"1":{"name":"(anonymous_1)","decl":{"start":{"line":17,"column":16},"end":{"line":17,"column":17}},"loc":{"start":{"line":17,"column":29},"end":{"line":19,"column":5}},"line":17},"2":{"name":"(anonymous_2)","decl":{"start":{"line":20,"column":16},"end":{"line":20,"column":17}},"loc":{"start":{"line":20,"column":29},"end":{"line":22,"column":5}},"line":20},"3":{"name":"(anonymous_3)","decl":{"start":{"line":23,"column":16},"end":{"line":23,"column":17}},"loc":{"start":{"line":23,"column":29},"end":{"line":25,"column":5}},"line":23},"4":{"name":"(anonymous_4)","decl":{"start":{"line":26,"column":16},"end":{"line":26,"column":17}},"loc":{"start":{"line":26,"column":29},"end":{"line":28,"column":5}},"line":26},"5":{"name":"(anonymous_5)","decl":{"start":{"line":29,"column":16},"end":{"line":29,"column":17}},"loc":{"start":{"line":29,"column":29},"end":{"line":31,"column":5}},"line":29},"6":{"name":"(anonymous_6)","decl":{"start":{"line":33,"column":55},"end":{"line":33,"column":56}},"loc":{"start":{"line":33,"column":63},"end":{"line":52,"column":3}},"line":33},"7":{"name":"(anonymous_7)","decl":{"start":{"line":39,"column":13},"end":{"line":39,"column":14}},"loc":{"start":{"line":39,"column":27},"end":{"line":49,"column":9}},"line":39}},"branchMap":{},"s":{"0":1,"1":1,"2":1,"3":1,"4":1,"5":3,"6":2,"7":27,"8":6,"9":2,"10":6,"11":41},"f":{"0":1,"1":3,"2":2,"3":27,"4":6,"5":2,"6":6,"7":41},"b":{},"_coverageSchema":"1a1c01bbd47fc00a2c39e90264f33305004495a9","hash":"cb420c2ad33f0020147ac16d599d82d2e76dddfb"}
,"/Users/pouya/Projects/roots/examples/clio/syntax/methods/index.js": {"path":"/Users/pouya/Projects/roots/examples/clio/syntax/methods/index.js","statementMap":{"0":{"start":{"line":1,"column":16},"end":{"line":1,"column":44}},"1":{"start":{"line":2,"column":17},"end":{"line":2,"column":37}},"2":{"start":{"line":4,"column":0},"end":{"line":14,"column":2}},"3":{"start":{"line":10,"column":8},"end":{"line":10,"column":54}}},"fnMap":{"0":{"name":"(anonymous_0)","decl":{"start":{"line":9,"column":11},"end":{"line":9,"column":12}},"loc":{"start":{"line":9,"column":25},"end":{"line":11,"column":7}},"line":9}},"branchMap":{},"s":{"0":1,"1":1,"2":1,"3":4},"f":{"0":4},"b":{},"_coverageSchema":"1a1c01bbd47fc00a2c39e90264f33305004495a9","hash":"34f5ae81accafa755c140af4371b7f04c6e792db"}
,"/Users/pouya/Projects/roots/examples/clio/syntax/parallelFns/index.js": {"path":"/Users/pouya/Projects/roots/examples/clio/syntax/parallelFns/index.js","statementMap":{"0":{"start":{"line":1,"column":17},"end":{"line":1,"column":37}},"1":{"start":{"line":2,"column":14},"end":{"line":2,"column":36}},"2":{"start":{"line":4,"column":0},"end":{"line":16,"column":2}},"3":{"start":{"line":8,"column":6},"end":{"line":8,"column":67}},"4":{"start":{"line":13,"column":6},"end":{"line":13,"column":66}}},"fnMap":{"0":{"name":"(anonymous_0)","decl":{"start":{"line":7,"column":17},"end":{"line":7,"column":18}},"loc":{"start":{"line":7,"column":32},"end":{"line":9,"column":5}},"line":7},"1":{"name":"(anonymous_1)","decl":{"start":{"line":12,"column":15},"end":{"line":12,"column":16}},"loc":{"start":{"line":12,"column":24},"end":{"line":14,"column":5}},"line":12}},"branchMap":{},"s":{"0":1,"1":1,"2":1,"3":21,"4":21},"f":{"0":21,"1":21},"b":{},"_coverageSchema":"1a1c01bbd47fc00a2c39e90264f33305004495a9","hash":"c4fd2ecadd10ad186a91da84e71de7409fab38b8"}
,"/Users/pouya/Projects/roots/examples/clio/syntax/properties/index.js": {"path":"/Users/pouya/Projects/roots/examples/clio/syntax/properties/index.js","statementMap":{"0":{"start":{"line":1,"column":16},"end":{"line":1,"column":44}},"1":{"start":{"line":2,"column":17},"end":{"line":2,"column":37}},"2":{"start":{"line":4,"column":0},"end":{"line":16,"column":2}},"3":{"start":{"line":8,"column":6},"end":{"line":8,"column":54}},"4":{"start":{"line":13,"column":6},"end":{"line":13,"column":53}}},"fnMap":{"0":{"name":"(anonymous_0)","decl":{"start":{"line":7,"column":14},"end":{"line":7,"column":15}},"loc":{"start":{"line":7,"column":28},"end":{"line":9,"column":5}},"line":7},"1":{"name":"(anonymous_1)","decl":{"start":{"line":12,"column":17},"end":{"line":12,"column":18}},"loc":{"start":{"line":12,"column":31},"end":{"line":14,"column":5}},"line":12}},"branchMap":{},"s":{"0":1,"1":1,"2":1,"3":13,"4":13},"f":{"0":13,"1":13},"b":{},"_coverageSchema":"1a1c01bbd47fc00a2c39e90264f33305004495a9","hash":"fffa11b7931182da12ac8998948add89486071b0"}
,"/Users/pouya/Projects/roots/examples/clio/syntax/ranges/index.js": {"path":"/Users/pouya/Projects/roots/examples/clio/syntax/ranges/index.js","statementMap":{"0":{"start":{"line":1,"column":16},"end":{"line":1,"column":44}},"1":{"start":{"line":2,"column":14},"end":{"line":2,"column":36}},"2":{"start":{"line":3,"column":33},"end":{"line":3,"column":53}},"3":{"start":{"line":5,"column":0},"end":{"line":52,"column":2}},"4":{"start":{"line":9,"column":30},"end":{"line":9,"column":52}},"5":{"start":{"line":11,"column":8},"end":{"line":11,"column":69}},"6":{"start":{"line":15,"column":6},"end":{"line":15,"column":64}},"7":{"start":{"line":19,"column":28},"end":{"line":19,"column":50}},"8":{"start":{"line":22,"column":8},"end":{"line":22,"column":71}},"9":{"start":{"line":28,"column":30},"end":{"line":28,"column":52}},"10":{"start":{"line":30,"column":8},"end":{"line":30,"column":31}},"11":{"start":{"line":31,"column":8},"end":{"line":31,"column":33}},"12":{"start":{"line":32,"column":8},"end":{"line":32,"column":19}},"13":{"start":{"line":36,"column":6},"end":{"line":36,"column":57}},"14":{"start":{"line":41,"column":6},"end":{"line":41,"column":57}},"15":{"start":{"line":46,"column":30},"end":{"line":46,"column":52}},"16":{"start":{"line":48,"column":8},"end":{"line":48,"column":72}}},"fnMap":{"0":{"name":"(anonymous_0)","decl":{"start":{"line":9,"column":20},"end":{"line":9,"column":21}},"loc":{"start":{"line":9,"column":30},"end":{"line":9,"column":52}},"line":9},"1":{"name":"(anonymous_1)","decl":{"start":{"line":10,"column":11},"end":{"line":10,"column":12}},"loc":{"start":{"line":10,"column":25},"end":{"line":12,"column":7}},"line":10},"2":{"name":"(anonymous_2)","decl":{"start":{"line":14,"column":18},"end":{"line":14,"column":19}},"loc":{"start":{"line":14,"column":32},"end":{"line":16,"column":5}},"line":14},"3":{"name":"(anonymous_3)","decl":{"start":{"line":19,"column":18},"end":{"line":19,"column":19}},"loc":{"start":{"line":19,"column":28},"end":{"line":19,"column":50}},"line":19},"4":{"name":"(anonymous_4)","decl":{"start":{"line":21,"column":19},"end":{"line":21,"column":20}},"loc":{"start":{"line":21,"column":33},"end":{"line":23,"column":7}},"line":21},"5":{"name":"(anonymous_5)","decl":{"start":{"line":28,"column":20},"end":{"line":28,"column":21}},"loc":{"start":{"line":28,"column":30},"end":{"line":28,"column":52}},"line":28},"6":{"name":"(anonymous_6)","decl":{"start":{"line":29,"column":11},"end":{"line":29,"column":12}},"loc":{"start":{"line":29,"column":25},"end":{"line":33,"column":7}},"line":29},"7":{"name":"(anonymous_7)","decl":{"start":{"line":35,"column":18},"end":{"line":35,"column":19}},"loc":{"start":{"line":35,"column":32},"end":{"line":37,"column":5}},"line":35},"8":{"name":"(anonymous_8)","decl":{"start":{"line":40,"column":18},"end":{"line":40,"column":19}},"loc":{"start":{"line":40,"column":32},"end":{"line":42,"column":5}},"line":40},"9":{"name":"(anonymous_9)","decl":{"start":{"line":46,"column":20},"end":{"line":46,"column":21}},"loc":{"start":{"line":46,"column":30},"end":{"line":46,"column":52}},"line":46},"10":{"name":"(anonymous_10)","decl":{"start":{"line":47,"column":11},"end":{"line":47,"column":12}},"loc":{"start":{"line":47,"column":25},"end":{"line":49,"column":7}},"line":47}},"branchMap":{},"s":{"0":1,"1":1,"2":1,"3":1,"4":22,"5":2,"6":1,"7":22,"8":6,"9":22,"10":4,"11":4,"12":4,"13":2,"14":1,"15":22,"16":6},"f":{"0":22,"1":2,"2":1,"3":22,"4":6,"5":22,"6":4,"7":2,"8":1,"9":22,"10":6},"b":{},"_coverageSchema":"1a1c01bbd47fc00a2c39e90264f33305004495a9","hash":"2d148cb3c9d33fae079dc54b7ca407e56c3fea68"}
,"/Users/pouya/Projects/roots/examples/clio/syntax/sets/index.js": {"path":"/Users/pouya/Projects/roots/examples/clio/syntax/sets/index.js","statementMap":{"0":{"start":{"line":1,"column":24},"end":{"line":1,"column":52}},"1":{"start":{"line":2,"column":14},"end":{"line":2,"column":36}},"2":{"start":{"line":3,"column":38},"end":{"line":3,"column":58}},"3":{"start":{"line":5,"column":0},"end":{"line":34,"column":2}},"4":{"start":{"line":12,"column":8},"end":{"line":12,"column":72}},"5":{"start":{"line":16,"column":6},"end":{"line":16,"column":62}},"6":{"start":{"line":24,"column":8},"end":{"line":24,"column":39}},"7":{"start":{"line":25,"column":8},"end":{"line":25,"column":19}},"8":{"start":{"line":29,"column":6},"end":{"line":29,"column":23}},"9":{"start":{"line":30,"column":6},"end":{"line":30,"column":20}},"10":{"start":{"line":31,"column":6},"end":{"line":31,"column":17}}},"fnMap":{"0":{"name":"(anonymous_0)","decl":{"start":{"line":11,"column":11},"end":{"line":11,"column":12}},"loc":{"start":{"line":11,"column":25},"end":{"line":13,"column":7}},"line":11},"1":{"name":"(anonymous_1)","decl":{"start":{"line":15,"column":17},"end":{"line":15,"column":18}},"loc":{"start":{"line":15,"column":31},"end":{"line":17,"column":5}},"line":15},"2":{"name":"(anonymous_2)","decl":{"start":{"line":23,"column":11},"end":{"line":23,"column":12}},"loc":{"start":{"line":23,"column":25},"end":{"line":26,"column":7}},"line":23},"3":{"name":"(anonymous_3)","decl":{"start":{"line":28,"column":17},"end":{"line":28,"column":18}},"loc":{"start":{"line":28,"column":31},"end":{"line":32,"column":5}},"line":28}},"branchMap":{},"s":{"0":1,"1":1,"2":1,"3":1,"4":2,"5":1,"6":4,"7":4,"8":2,"9":2,"10":2},"f":{"0":2,"1":1,"2":4,"3":2},"b":{},"_coverageSchema":"1a1c01bbd47fc00a2c39e90264f33305004495a9","hash":"62ef5d4731736c968504ff4084e9d66e84929347"}
,"/Users/pouya/Projects/roots/examples/clio/syntax/slices/index.js": {"path":"/Users/pouya/Projects/roots/examples/clio/syntax/slices/index.js","statementMap":{"0":{"start":{"line":1,"column":16},"end":{"line":1,"column":44}},"1":{"start":{"line":2,"column":14},"end":{"line":2,"column":36}},"2":{"start":{"line":3,"column":28},"end":{"line":3,"column":48}},"3":{"start":{"line":5,"column":0},"end":{"line":22,"column":2}},"4":{"start":{"line":9,"column":6},"end":{"line":9,"column":25}},"5":{"start":{"line":10,"column":6},"end":{"line":10,"column":34}},"6":{"start":{"line":11,"column":6},"end":{"line":11,"column":17}},"7":{"start":{"line":16,"column":6},"end":{"line":19,"column":8}}},"fnMap":{"0":{"name":"(anonymous_0)","decl":{"start":{"line":8,"column":16},"end":{"line":8,"column":17}},"loc":{"start":{"line":8,"column":30},"end":{"line":12,"column":5}},"line":8},"1":{"name":"(anonymous_1)","decl":{"start":{"line":15,"column":17},"end":{"line":15,"column":18}},"loc":{"start":{"line":15,"column":26},"end":{"line":20,"column":5}},"line":15}},"branchMap":{},"s":{"0":1,"1":1,"2":1,"3":1,"4":1,"5":1,"6":1,"7":1},"f":{"0":1,"1":1},"b":{},"_coverageSchema":"1a1c01bbd47fc00a2c39e90264f33305004495a9","hash":"9c31693fde02e069ec14409c947d21030a6a8071"}
,"/Users/pouya/Projects/roots/examples/clio/syntax/wrapped/index.js": {"path":"/Users/pouya/Projects/roots/examples/clio/syntax/wrapped/index.js","statementMap":{"0":{"start":{"line":1,"column":30},"end":{"line":1,"column":58}},"1":{"start":{"line":2,"column":19},"end":{"line":2,"column":47}},"2":{"start":{"line":3,"column":38},"end":{"line":3,"column":58}},"3":{"start":{"line":5,"column":0},"end":{"line":28,"column":2}},"4":{"start":{"line":12,"column":8},"end":{"line":12,"column":65}},"5":{"start":{"line":16,"column":6},"end":{"line":16,"column":48}},"6":{"start":{"line":18,"column":25},"end":{"line":18,"column":28}},"7":{"start":{"line":23,"column":6},"end":{"line":23,"column":27}},"8":{"start":{"line":24,"column":6},"end":{"line":24,"column":20}},"9":{"start":{"line":25,"column":6},"end":{"line":25,"column":17}}},"fnMap":{"0":{"name":"(anonymous_0)","decl":{"start":{"line":11,"column":11},"end":{"line":11,"column":12}},"loc":{"start":{"line":11,"column":25},"end":{"line":13,"column":7}},"line":11},"1":{"name":"(anonymous_1)","decl":{"start":{"line":15,"column":17},"end":{"line":15,"column":18}},"loc":{"start":{"line":15,"column":23},"end":{"line":17,"column":5}},"line":15},"2":{"name":"(anonymous_2)","decl":{"start":{"line":18,"column":16},"end":{"line":18,"column":17}},"loc":{"start":{"line":18,"column":25},"end":{"line":18,"column":28}},"line":18},"3":{"name":"(anonymous_3)","decl":{"start":{"line":22,"column":17},"end":{"line":22,"column":18}},"loc":{"start":{"line":22,"column":31},"end":{"line":26,"column":5}},"line":22}},"branchMap":{},"s":{"0":1,"1":1,"2":1,"3":1,"4":26,"5":2,"6":2,"7":26,"8":26,"9":26},"f":{"0":26,"1":2,"2":2,"3":26},"b":{},"_coverageSchema":"1a1c01bbd47fc00a2c39e90264f33305004495a9","hash":"a4305bfe89bb9aca1db108cf595f8e29c655d076"}
}
