TN:
SF:index.js
FN:74,(anonymous_0)
FN:75,(anonymous_1)
FNF:2
FNH:2
FNDA:140,(anonymous_0)
FNDA:146,(anonymous_1)
DA:1,1
DA:2,1
DA:3,1
DA:4,1
DA:13,1
DA:15,1
DA:74,140
DA:75,1
DA:76,146
DA:79,140
DA:114,1
LF:11
LH:11
BRDA:75,0,0,146
BRF:1
BRH:1
end_of_record
TN:
SF:lexer.js
FN:18,(anonymous_0)
FN:26,(anonymous_1)
FN:32,(anonymous_2)
FN:38,(anonymous_3)
FN:88,(anonymous_4)
FN:97,(anonymous_5)
FN:106,(anonymous_6)
FN:133,(anonymous_7)
FN:170,(anonymous_8)
FN:178,(anonymous_9)
FN:184,(anonymous_10)
FN:190,(anonymous_11)
FN:196,(anonymous_12)
FN:202,(anonymous_13)
FNF:14
FNH:14
FNDA:156,(anonymous_0)
FNDA:2130,(anonymous_1)
FNDA:94,(anonymous_2)
FNDA:10,(anonymous_3)
FNDA:32,(anonymous_4)
FNDA:9,(anonymous_5)
FNDA:3,(anonymous_6)
FNDA:97,(anonymous_7)
FNDA:704,(anonymous_8)
FNDA:563,(anonymous_9)
FNDA:31,(anonymous_10)
FNDA:436,(anonymous_11)
FNDA:448,(anonymous_12)
FNDA:1905,(anonymous_13)
DA:1,1
DA:3,1
DA:4,1
DA:6,1
DA:7,1
DA:8,1
DA:9,1
DA:10,1
DA:11,1
DA:12,1
DA:14,1
DA:15,1
DA:16,1
DA:18,1
DA:19,156
DA:20,156
DA:21,156
DA:22,156
DA:23,156
DA:24,156
DA:25,156
DA:26,156
DA:27,2130
DA:28,2130
DA:29,2130
DA:32,156
DA:33,94
DA:34,94
DA:35,94
DA:38,156
DA:39,10
DA:42,10
DA:43,10
DA:45,34
DA:46,34
DA:47,10
DA:48,10
DA:49,24
DA:50,1
DA:51,23
DA:52,10
DA:53,10
DA:54,10
DA:55,84
DA:57,10
DA:58,10
DA:60,10
DA:61,10
DA:63,64
DA:65,84
DA:66,84
DA:67,84
DA:69,10
DA:70,10
DA:71,10
DA:72,9
DA:73,9
DA:74,9
DA:75,9
DA:79,10
DA:80,10
DA:82,13
DA:85,10
DA:88,156
DA:89,32
DA:90,22
DA:93,22
DA:94,22
DA:97,156
DA:98,9
DA:99,9
DA:100,3
DA:101,3
DA:102,3
DA:104,9
DA:106,156
DA:107,3
DA:108,3
DA:109,3
DA:110,3
DA:111,14
DA:112,14
DA:113,7
DA:114,7
DA:115,7
DA:116,4
DA:117,4
DA:118,4
DA:120,3
DA:121,3
DA:122,3
DA:124,14
DA:125,12
DA:127,2
DA:130,2
DA:133,156
DA:135,97
DA:137,92
DA:138,92
DA:141,8
DA:143,84
DA:145,83
DA:146,83
DA:148,74
DA:150,74
DA:151,74
DA:152,74
DA:154,55
DA:155,12
DA:156,1
DA:157,11
DA:158,12
DA:159,12
DA:163,43
DA:166,43
DA:170,156
DA:171,704
DA:174,704
DA:175,704
DA:178,156
DA:179,563
DA:180,563
DA:181,563
DA:184,156
DA:185,31
DA:186,31
DA:187,31
DA:190,156
DA:191,436
DA:192,436
DA:193,436
DA:196,156
DA:197,448
DA:198,448
DA:199,448
DA:202,156
DA:203,1905
DA:204,1905
DA:205,1038
DA:206,1028
DA:208,156
DA:209,1911
DA:210,1911
DA:212,10
DA:213,10
DA:215,27
DA:216,17
DA:217,27
DA:219,42
DA:220,42
DA:222,3
DA:223,3
DA:224,3
DA:226,4
DA:227,4
DA:228,4
DA:229,3
DA:231,31
DA:232,17
DA:233,17
DA:235,31
DA:237,18
DA:238,18
DA:239,18
DA:240,17
DA:242,28
DA:243,28
DA:244,28
DA:246,29
DA:247,29
DA:248,29
DA:249,29
DA:250,28
DA:252,49
DA:253,49
DA:255,32
DA:256,32
DA:258,76
DA:259,67
DA:260,67
DA:261,9
DA:262,6
DA:264,76
DA:266,30
DA:267,3
DA:269,27
DA:271,29
DA:273,9
DA:274,8
DA:275,9
DA:277,6
DA:278,4
DA:279,6
DA:281,20
DA:282,8
DA:283,8
DA:284,12
DA:285,7
DA:286,20
DA:288,2
DA:289,2
DA:291,2
DA:292,2
DA:294,42
DA:295,41
DA:296,42
DA:307,85
DA:308,85
DA:310,704
DA:311,704
DA:313,2
DA:314,2
DA:315,2
DA:317,97
DA:318,97
DA:319,97
DA:320,97
DA:321,96
DA:323,563
DA:324,1
DA:325,562
DA:327,1905
DA:329,150
DA:330,30
DA:331,30
DA:333,150
DA:334,150
DA:335,150
DA:336,150
DA:337,150
DA:346,150
DA:349,1
LF:232
LH:232
BRDA:18,0,0,146
BRDA:18,1,0,146
BRDA:26,2,0,55
BRDA:26,3,0,1455
BRDA:34,4,0,85
BRDA:34,4,1,9
BRDA:46,5,0,10
BRDA:46,5,1,24
BRDA:49,6,0,1
BRDA:49,6,1,23
BRDA:51,7,0,10
BRDA:51,7,1,13
BRDA:55,8,0,10
BRDA:55,8,1,10
BRDA:55,8,2,64
BRDA:67,9,0,10
BRDA:67,9,1,74
BRDA:71,10,0,9
BRDA:71,10,1,1
BRDA:89,11,0,10
BRDA:89,11,1,22
BRDA:99,12,0,3
BRDA:99,12,1,6
BRDA:102,13,0,2
BRDA:102,13,1,1
BRDA:112,14,0,7
BRDA:112,14,1,7
BRDA:115,15,0,4
BRDA:115,15,1,3
BRDA:124,16,0,2
BRDA:124,16,1,12
BRDA:125,17,0,1
BRDA:125,17,1,11
BRDA:125,18,0,12
BRDA:125,18,1,1
BRDA:135,19,0,5
BRDA:135,19,1,92
BRDA:135,20,0,97
BRDA:135,20,1,92
BRDA:135,20,2,92
BRDA:138,21,0,8
BRDA:138,21,1,84
BRDA:143,22,0,1
BRDA:143,22,1,83
BRDA:146,23,0,9
BRDA:146,23,1,74
BRDA:152,24,0,19
BRDA:152,24,1,55
BRDA:154,25,0,12
BRDA:154,25,1,43
BRDA:155,26,0,1
BRDA:155,26,1,11
BRDA:180,27,0,115
BRDA:180,27,1,448
BRDA:186,28,0,14
BRDA:186,28,1,17
BRDA:192,29,0,435
BRDA:192,29,1,1
BRDA:198,30,0,12
BRDA:198,30,1,436
BRDA:204,31,0,867
BRDA:204,31,1,1038
BRDA:205,32,0,10
BRDA:205,32,1,1028
BRDA:206,33,0,1
BRDA:206,33,1,1027
BRDA:210,34,0,10
BRDA:210,34,1,27
BRDA:210,34,2,42
BRDA:210,34,3,3
BRDA:210,34,4,4
BRDA:210,34,5,31
BRDA:210,34,6,18
BRDA:210,34,7,28
BRDA:210,34,8,29
BRDA:210,34,9,49
BRDA:210,34,10,32
BRDA:210,34,11,76
BRDA:210,34,12,30
BRDA:210,34,13,9
BRDA:210,34,14,6
BRDA:210,34,15,20
BRDA:210,34,16,2
BRDA:210,34,17,2
BRDA:210,34,18,42
BRDA:210,34,19,2
BRDA:210,34,20,22
BRDA:210,34,21,62
BRDA:210,34,22,77
BRDA:210,34,23,84
BRDA:210,34,24,85
BRDA:210,34,25,85
BRDA:210,34,26,85
BRDA:210,34,27,85
BRDA:210,34,28,85
BRDA:210,34,29,704
BRDA:210,34,30,2
BRDA:210,34,31,97
BRDA:210,34,32,563
BRDA:215,35,0,10
BRDA:215,35,1,17
BRDA:228,36,0,1
BRDA:228,36,1,3
BRDA:231,37,0,17
BRDA:231,37,1,14
BRDA:239,38,0,1
BRDA:239,38,1,17
BRDA:249,39,0,1
BRDA:249,39,1,28
BRDA:258,40,0,67
BRDA:258,40,1,9
BRDA:261,41,0,6
BRDA:261,41,1,3
BRDA:261,42,0,9
BRDA:261,42,1,9
BRDA:266,43,0,3
BRDA:266,43,1,27
BRDA:273,44,0,1
BRDA:273,44,1,8
BRDA:277,45,0,2
BRDA:277,45,1,4
BRDA:281,46,0,8
BRDA:281,46,1,12
BRDA:284,47,0,5
BRDA:284,47,1,7
BRDA:294,48,0,1
BRDA:294,48,1,41
BRDA:323,49,0,1
BRDA:323,49,1,562
BRDA:323,50,0,563
BRDA:323,50,1,448
BRDA:323,50,2,436
BRF:132
BRH:132
end_of_record
TN:
SF:types.js
FN:4,(anonymous_0)
FN:5,(anonymous_1)
FN:10,(anonymous_2)
FN:16,(anonymous_3)
FN:67,(anonymous_4)
FN:70,(anonymous_5)
FN:78,(anonymous_6)
FN:93,(anonymous_7)
FN:96,(anonymous_8)
FN:97,(anonymous_9)
FN:99,(anonymous_10)
FN:136,(anonymous_11)
FN:139,(anonymous_12)
FN:146,(anonymous_13)
FN:147,(anonymous_14)
FN:167,(anonymous_15)
FN:170,(anonymous_16)
FN:172,(anonymous_17)
FN:181,(anonymous_18)
FN:184,(anonymous_19)
FN:187,(anonymous_20)
FN:193,(anonymous_21)
FN:196,(anonymous_22)
FN:201,(anonymous_23)
FN:206,(anonymous_24)
FN:228,(anonymous_25)
FN:231,(anonymous_26)
FN:271,(anonymous_27)
FN:282,(anonymous_28)
FN:293,(anonymous_29)
FN:305,(anonymous_30)
FN:369,(anonymous_31)
FN:392,(anonymous_32)
FN:399,(anonymous_33)
FN:433,(anonymous_34)
FN:444,(anonymous_35)
FN:451,(anonymous_36)
FN:466,(anonymous_37)
FN:469,(anonymous_38)
FN:484,(anonymous_39)
FN:501,(anonymous_40)
FN:512,(anonymous_41)
FN:517,(anonymous_42)
FN:520,(anonymous_43)
FN:532,(anonymous_44)
FN:535,(anonymous_45)
FN:543,(anonymous_46)
FN:549,(anonymous_47)
FN:552,(anonymous_48)
FN:557,(anonymous_49)
FN:565,(anonymous_50)
FN:572,(anonymous_51)
FN:575,(anonymous_52)
FN:582,(anonymous_53)
FN:601,(anonymous_54)
FN:605,(anonymous_55)
FN:608,(anonymous_56)
FN:621,(anonymous_57)
FN:633,(anonymous_58)
FN:636,(anonymous_59)
FN:639,(anonymous_60)
FN:650,(anonymous_61)
FN:663,(anonymous_62)
FN:681,(anonymous_63)
FN:689,(anonymous_64)
FN:698,(anonymous_65)
FN:703,(anonymous_66)
FN:710,(anonymous_67)
FN:713,(anonymous_68)
FN:717,(anonymous_69)
FN:719,(anonymous_70)
FN:731,(anonymous_71)
FNF:72
FNH:72
FNDA:87,(anonymous_0)
FNDA:959,(anonymous_1)
FNDA:317,(anonymous_2)
FNDA:133,(anonymous_3)
FNDA:688,(anonymous_4)
FNDA:102,(anonymous_5)
FNDA:6,(anonymous_6)
FNDA:50,(anonymous_7)
FNDA:54,(anonymous_8)
FNDA:54,(anonymous_9)
FNDA:4,(anonymous_10)
FNDA:4,(anonymous_11)
FNDA:119,(anonymous_12)
FNDA:114,(anonymous_13)
FNDA:114,(anonymous_14)
FNDA:104,(anonymous_15)
FNDA:6,(anonymous_16)
FNDA:41,(anonymous_17)
FNDA:59,(anonymous_18)
FNDA:14,(anonymous_19)
FNDA:14,(anonymous_20)
FNDA:14,(anonymous_21)
FNDA:35,(anonymous_22)
FNDA:4,(anonymous_23)
FNDA:1,(anonymous_24)
FNDA:7,(anonymous_25)
FNDA:28,(anonymous_26)
FNDA:4,(anonymous_27)
FNDA:1,(anonymous_28)
FNDA:8,(anonymous_29)
FNDA:8,(anonymous_30)
FNDA:10,(anonymous_31)
FNDA:58,(anonymous_32)
FNDA:19,(anonymous_33)
FNDA:8,(anonymous_34)
FNDA:4,(anonymous_35)
FNDA:5,(anonymous_36)
FNDA:5,(anonymous_37)
FNDA:11,(anonymous_38)
FNDA:5,(anonymous_39)
FNDA:6,(anonymous_40)
FNDA:5,(anonymous_41)
FNDA:1,(anonymous_42)
FNDA:6,(anonymous_43)
FNDA:4,(anonymous_44)
FNDA:25,(anonymous_45)
FNDA:67,(anonymous_46)
FNDA:67,(anonymous_47)
FNDA:16,(anonymous_48)
FNDA:21,(anonymous_49)
FNDA:12,(anonymous_50)
FNDA:16,(anonymous_51)
FNDA:32,(anonymous_52)
FNDA:12,(anonymous_53)
FNDA:9,(anonymous_54)
FNDA:1,(anonymous_55)
FNDA:1,(anonymous_56)
FNDA:3,(anonymous_57)
FNDA:6,(anonymous_58)
FNDA:50,(anonymous_59)
FNDA:2,(anonymous_60)
FNDA:7,(anonymous_61)
FNDA:11,(anonymous_62)
FNDA:25,(anonymous_63)
FNDA:4,(anonymous_64)
FNDA:14,(anonymous_65)
FNDA:19,(anonymous_66)
FNDA:15,(anonymous_67)
FNDA:1,(anonymous_68)
FNDA:140,(anonymous_69)
FNDA:147,(anonymous_70)
FNDA:1705,(anonymous_71)
DA:1,1
DA:2,1
DA:4,87
DA:5,1
DA:6,959
DA:8,1
DA:10,1
DA:11,317
DA:12,10
DA:13,307
DA:16,1
DA:17,133
DA:18,4
DA:19,2
DA:25,2
DA:26,1
DA:34,1
DA:63,129
DA:66,1
DA:68,688
DA:71,102
DA:79,6
DA:82,6
DA:83,1
DA:84,6
DA:90,6
DA:91,6
DA:94,50
DA:95,50
DA:96,54
DA:97,54
DA:98,50
DA:99,50
DA:101,50
DA:102,4
DA:112,46
DA:114,50
DA:122,50
DA:123,26
DA:124,26
DA:125,9
DA:126,26
DA:134,50
DA:135,50
DA:136,4
DA:137,50
DA:140,119
DA:141,36
DA:142,36
DA:144,83
DA:145,83
DA:146,114
DA:147,114
DA:148,83
DA:154,83
DA:155,9
DA:156,9
DA:157,4
DA:158,9
DA:166,83
DA:167,104
DA:168,83
DA:170,6
DA:173,41
DA:174,41
DA:182,59
DA:185,14
DA:187,14
DA:190,14
DA:193,14
DA:194,14
DA:197,35
DA:198,35
DA:199,35
DA:201,4
DA:204,35
DA:205,4
DA:206,4
DA:207,4
DA:208,4
DA:209,31
DA:210,2
DA:211,1
DA:212,2
DA:213,2
DA:215,35
DA:220,35
DA:221,35
DA:228,35
DA:229,35
DA:232,28
DA:233,28
DA:234,28
DA:253,28
DA:266,28
DA:267,28
DA:268,28
DA:269,28
DA:272,4
DA:273,4
DA:279,4
DA:280,4
DA:283,1
DA:284,1
DA:290,1
DA:291,1
DA:298,8
DA:299,8
DA:306,8
DA:310,8
DA:316,8
DA:317,4
DA:337,8
DA:338,4
DA:340,4
DA:342,4
DA:343,9
DA:344,5
DA:345,4
DA:346,2
DA:354,2
DA:360,4
DA:361,4
DA:367,8
DA:370,10
DA:371,10
DA:372,10
DA:373,10
DA:374,198
DA:375,12
DA:376,12
DA:379,10
DA:380,10
DA:393,58
DA:394,58
DA:400,19
DA:401,19
DA:402,19
DA:403,19
DA:415,19
DA:416,19
DA:417,1
DA:418,1
DA:426,1
DA:428,19
DA:429,19
DA:430,19
DA:431,19
DA:434,8
DA:435,8
DA:441,8
DA:442,8
DA:445,4
DA:446,4
DA:451,5
DA:464,4
DA:465,4
DA:466,5
DA:467,4
DA:470,11
DA:471,11
DA:472,11
DA:481,11
DA:482,11
DA:485,5
DA:486,5
DA:487,5
DA:498,5
DA:499,5
DA:502,6
DA:503,6
DA:509,6
DA:510,6
DA:513,5
DA:514,5
DA:515,5
DA:516,5
DA:517,1
DA:518,5
DA:521,6
DA:522,6
DA:523,6
DA:524,6
DA:529,6
DA:532,4
DA:533,6
DA:536,25
DA:537,25
DA:542,25
DA:543,67
DA:545,25
DA:546,1
DA:549,67
DA:550,25
DA:553,16
DA:554,16
DA:555,16
DA:558,21
DA:562,21
DA:563,21
DA:566,12
DA:572,16
DA:573,12
DA:576,32
DA:583,12
DA:584,12
DA:585,12
DA:586,12
DA:587,12
DA:597,12
DA:599,12
DA:602,9
DA:603,9
DA:606,1
DA:609,1
DA:610,1
DA:618,1
DA:619,1
DA:622,3
DA:623,3
DA:633,6
DA:634,3
DA:637,50
DA:638,44
DA:639,2
DA:640,44
DA:641,44
DA:646,44
DA:647,44
DA:648,44
DA:651,7
DA:652,7
DA:659,7
DA:660,7
DA:661,7
DA:664,11
DA:671,11
DA:677,11
DA:678,11
DA:679,11
DA:682,25
DA:690,4
DA:699,14
DA:700,14
DA:701,14
DA:704,19
DA:711,15
DA:714,1
DA:715,1
DA:718,140
DA:719,147
DA:722,140
DA:723,140
DA:731,1
DA:732,1705
DA:735,1
DA:736,1
DA:737,1
LF:258
LH:258
BRDA:11,0,0,10
BRDA:11,0,1,307
BRDA:13,1,0,300
BRDA:13,1,1,7
BRDA:17,2,0,4
BRDA:17,2,1,129
BRDA:18,3,0,2
BRDA:18,3,1,2
BRDA:25,4,0,1
BRDA:25,4,1,1
BRDA:79,5,0,1
BRDA:79,5,1,5
BRDA:82,6,0,1
BRDA:82,6,1,5
BRDA:99,7,0,50
BRDA:99,7,1,45
BRDA:101,8,0,4
BRDA:101,8,1,46
BRDA:103,9,0,1
BRDA:103,9,1,3
BRDA:105,10,0,1
BRDA:105,10,1,3
BRDA:107,11,0,1
BRDA:107,11,1,3
BRDA:109,12,0,1
BRDA:109,12,1,3
BRDA:122,13,0,26
BRDA:122,13,1,24
BRDA:123,14,0,14
BRDA:123,14,1,12
BRDA:124,15,0,9
BRDA:124,15,1,17
BRDA:134,16,0,1
BRDA:134,16,1,49
BRDA:136,17,0,50
BRDA:136,17,1,24
BRDA:136,17,2,23
BRDA:140,18,0,36
BRDA:140,18,1,83
BRDA:154,19,0,9
BRDA:154,19,1,74
BRDA:155,20,0,4
BRDA:155,20,1,5
BRDA:156,21,0,4
BRDA:156,21,1,5
BRDA:166,22,0,2
BRDA:166,22,1,81
BRDA:167,23,0,83
BRDA:167,23,1,74
BRDA:204,24,0,4
BRDA:204,24,1,31
BRDA:207,25,0,3
BRDA:207,25,1,1
BRDA:209,26,0,2
BRDA:209,26,1,29
BRDA:210,27,0,1
BRDA:210,27,1,1
BRDA:215,28,0,33
BRDA:215,28,1,2
BRDA:216,29,0,1
BRDA:216,29,1,32
BRDA:220,30,0,1
BRDA:220,30,1,34
BRDA:223,31,0,4
BRDA:223,31,1,31
BRDA:224,32,0,3
BRDA:224,32,1,32
BRDA:225,33,0,31
BRDA:225,33,1,4
BRDA:228,34,0,35
BRDA:228,34,1,32
BRDA:233,35,0,4
BRDA:233,35,1,24
BRDA:234,36,0,2
BRDA:234,36,1,26
BRDA:254,37,0,26
BRDA:254,37,1,2
BRDA:256,38,0,3
BRDA:256,38,1,25
BRDA:306,39,0,8
BRDA:310,40,0,8
BRDA:310,40,1,4
BRDA:316,41,0,4
BRDA:316,41,1,4
BRDA:337,42,0,4
BRDA:337,42,1,4
BRDA:343,43,0,5
BRDA:343,43,1,4
BRDA:345,44,0,2
BRDA:345,44,1,2
BRDA:360,45,0,2
BRDA:360,45,1,2
BRDA:374,46,0,12
BRDA:374,46,1,186
BRDA:417,47,0,1
BRDA:417,47,1,1
BRDA:456,48,0,4
BRDA:456,48,1,1
BRDA:466,49,0,4
BRDA:466,49,1,4
BRDA:517,50,0,5
BRDA:517,50,1,5
BRDA:530,51,0,6
BRDA:530,51,1,6
BRDA:530,51,2,6
BRDA:545,52,0,1
BRDA:545,52,1,24
BRDA:583,53,0,12
BRDA:583,53,1,6
BRDA:584,54,0,12
BRDA:584,54,1,6
BRDA:585,55,0,12
BRDA:585,55,1,6
BRDA:598,56,0,12
BRDA:598,56,1,12
BRDA:598,56,2,12
BRDA:618,57,0,1
BRDA:618,57,1,1
BRDA:637,58,0,6
BRDA:637,58,1,44
BRDA:638,59,0,2
BRDA:638,59,1,42
BRDA:638,60,0,44
BRDA:638,60,1,7
BRDA:711,61,0,15
BRDA:711,61,1,1
BRF:126
BRH:126
end_of_record
TN:
SF:syntax/common.js
FN:2,(anonymous_0)
FN:3,(anonymous_1)
FNF:2
FNH:2
FNDA:124,(anonymous_0)
FNDA:1435,(anonymous_1)
DA:1,1
DA:2,1
DA:3,124
DA:4,1435
DA:5,1435
DA:6,1435
DA:7,2870
DA:8,2816
DA:9,2804
DA:11,1435
DA:18,1435
DA:21,1
DA:23,1
DA:43,1
DA:44,1
DA:52,1
DA:53,1
DA:63,1
DA:64,1
DA:65,1
DA:66,1
DA:67,1
DA:68,1
DA:69,1
LF:24
LH:24
BRDA:5,0,0,1435
BRDA:5,0,1,821
BRDA:7,1,0,54
BRDA:7,1,1,2816
BRDA:8,2,0,12
BRDA:8,2,1,2804
BRDA:9,3,0,47
BRDA:9,3,1,2757
BRDA:12,4,0,1435
BRDA:12,4,1,1040
BRF:10
BRH:10
end_of_record
TN:
SF:syntax/arrays/index.js
FN:11,(anonymous_0)
FN:15,(anonymous_1)
FN:23,(anonymous_2)
FN:28,(anonymous_3)
FNF:4
FNH:4
FNDA:16,(anonymous_0)
FNDA:1,(anonymous_1)
FNDA:22,(anonymous_2)
FNDA:16,(anonymous_3)
DA:1,1
DA:2,1
DA:3,1
DA:5,1
DA:12,16
DA:16,1
DA:24,22
DA:25,22
DA:29,16
DA:30,16
DA:31,16
LF:11
LH:11
BRF:0
BRH:0
end_of_record
TN:
SF:syntax/assignments/index.js
FN:8,(anonymous_0)
FN:15,(anonymous_1)
FNF:2
FNH:2
FNDA:7,(anonymous_0)
FNDA:7,(anonymous_1)
DA:1,1
DA:2,1
DA:3,1
DA:5,1
DA:9,7
DA:16,7
DA:17,7
DA:18,7
LF:8
LH:8
BRF:0
BRH:0
end_of_record
TN:
SF:syntax/await/index.js
FN:9,(anonymous_0)
FN:17,(anonymous_1)
FNF:2
FNH:2
FNDA:17,(anonymous_0)
FNDA:14,(anonymous_1)
DA:1,1
DA:2,1
DA:4,1
DA:10,17
DA:18,14
LF:5
LH:5
BRF:0
BRH:0
end_of_record
TN:
SF:syntax/blocks/index.js
FN:7,(anonymous_0)
FN:12,(anonymous_1)
FN:21,(anonymous_2)
FN:26,(anonymous_3)
FNF:4
FNH:4
FNDA:1,(anonymous_0)
FNDA:36,(anonymous_1)
FNDA:4,(anonymous_2)
FNDA:36,(anonymous_3)
DA:1,1
DA:2,1
DA:4,1
DA:7,1
DA:13,36
DA:22,4
DA:23,4
DA:27,36
DA:28,36
LF:9
LH:9
BRF:0
BRH:0
end_of_record
TN:
SF:syntax/boosters/index.js
FNF:0
FNH:0
DA:1,1
DA:2,1
DA:4,1
LF:3
LH:3
BRF:0
BRH:0
end_of_record
TN:
SF:syntax/calls/index.js
FN:10,(anonymous_0)
FN:23,(anonymous_1)
FN:30,(anonymous_2)
FN:37,(anonymous_3)
FN:45,(anonymous_4)
FN:56,(anonymous_5)
FN:80,(anonymous_6)
FN:88,(anonymous_7)
FN:94,(anonymous_8)
FNF:9
FNH:9
FNDA:45,(anonymous_0)
FNDA:25,(anonymous_1)
FNDA:81,(anonymous_2)
FNDA:5,(anonymous_3)
FNDA:36,(anonymous_4)
FNDA:26,(anonymous_5)
FNDA:36,(anonymous_6)
FNDA:29,(anonymous_7)
FNDA:36,(anonymous_8)
DA:1,1
DA:2,1
DA:4,1
DA:11,45
DA:12,45
DA:24,25
DA:25,25
DA:31,81
DA:32,81
DA:38,5
DA:39,5
DA:40,5
DA:41,5
DA:46,36
DA:47,36
DA:57,26
DA:58,26
DA:59,1
DA:60,1
DA:61,1
DA:62,1
DA:63,1
DA:64,1
DA:65,1
DA:67,25
DA:81,36
DA:89,29
DA:95,36
LF:28
LH:28
BRDA:58,0,0,1
BRDA:58,0,1,25
BRF:2
BRH:2
end_of_record
TN:
SF:syntax/clio/index.js
FN:8,(anonymous_0)
FN:11,(anonymous_1)
FN:17,(anonymous_2)
FN:18,(anonymous_3)
FNF:4
FNH:4
FNDA:50,(anonymous_0)
FNDA:97,(anonymous_1)
FNDA:7,(anonymous_2)
FNDA:90,(anonymous_3)
DA:1,1
DA:2,1
DA:3,1
DA:5,1
DA:9,50
DA:12,97
DA:13,97
DA:17,7
DA:19,90
LF:9
LH:9
BRF:0
BRH:0
end_of_record
TN:
SF:syntax/comparisons/index.js
FN:10,(anonymous_0)
FN:24,(anonymous_1)
FN:40,(anonymous_2)
FNF:3
FNH:3
FNDA:19,(anonymous_0)
FNDA:20,(anonymous_1)
FNDA:1,(anonymous_2)
DA:1,1
DA:2,1
DA:3,1
DA:5,1
DA:11,19
DA:25,20
DA:41,1
LF:7
LH:7
BRF:0
BRH:0
end_of_record
TN:
SF:syntax/conditionals/index.js
FN:10,(anonymous_0)
FN:20,(anonymous_1)
FN:30,(anonymous_2)
FN:37,(anonymous_3)
FN:46,(anonymous_4)
FN:57,(anonymous_5)
FN:58,(anonymous_6)
FN:68,(anonymous_7)
FN:72,(anonymous_8)
FN:81,(anonymous_9)
FN:89,(anonymous_10)
FN:96,(anonymous_11)
FN:109,(anonymous_12)
FN:122,(anonymous_13)
FN:132,(anonymous_14)
FNF:15
FNH:15
FNDA:9,(anonymous_0)
FNDA:2,(anonymous_1)
FNDA:11,(anonymous_2)
FNDA:6,(anonymous_3)
FNDA:5,(anonymous_4)
FNDA:5,(anonymous_5)
FNDA:11,(anonymous_6)
FNDA:6,(anonymous_7)
FNDA:5,(anonymous_8)
FNDA:5,(anonymous_9)
FNDA:5,(anonymous_10)
FNDA:3,(anonymous_11)
FNDA:2,(anonymous_12)
FNDA:3,(anonymous_13)
FNDA:3,(anonymous_14)
DA:1,1
DA:2,1
DA:3,1
DA:5,1
DA:11,9
DA:21,2
DA:31,11
DA:32,11
DA:38,6
DA:47,5
DA:48,5
DA:57,5
DA:59,11
DA:69,6
DA:70,6
DA:73,5
DA:74,5
DA:75,5
DA:82,5
DA:83,5
DA:84,5
DA:90,5
DA:91,5
DA:97,3
DA:110,2
DA:111,2
DA:123,3
DA:133,3
DA:134,3
LF:29
LH:29
BRF:0
BRH:0
end_of_record
TN:
SF:syntax/exports/index.js
FN:6,(anonymous_0)
FN:14,(anonymous_1)
FNF:2
FNH:2
FNDA:4,(anonymous_0)
FNDA:1,(anonymous_1)
DA:1,1
DA:3,1
DA:7,4
DA:15,1
LF:4
LH:4
BRF:0
BRH:0
end_of_record
TN:
SF:syntax/fatAssignments/index.js
FN:8,(anonymous_0)
FN:9,(anonymous_1)
FN:18,(anonymous_2)
FN:26,(anonymous_3)
FN:32,(anonymous_4)
FNF:5
FNH:5
FNDA:79,(anonymous_0)
FNDA:8,(anonymous_1)
FNDA:8,(anonymous_2)
FNDA:2,(anonymous_3)
FNDA:4,(anonymous_4)
DA:1,1
DA:2,1
DA:3,1
DA:5,1
DA:8,79
DA:10,8
DA:19,8
DA:20,8
DA:21,8
DA:27,2
DA:32,4
LF:11
LH:11
BRF:0
BRH:0
end_of_record
TN:
SF:syntax/formattedStrings/index.js
FN:9,(anonymous_0)
FN:14,(anonymous_1)
FN:22,(anonymous_2)
FN:27,(anonymous_3)
FN:37,(anonymous_4)
FN:41,(anonymous_5)
FN:44,(anonymous_6)
FN:48,(anonymous_7)
FNF:8
FNH:8
FNDA:10,(anonymous_0)
FNDA:10,(anonymous_1)
FNDA:24,(anonymous_2)
FNDA:10,(anonymous_3)
FNDA:9,(anonymous_4)
FNDA:1,(anonymous_5)
FNDA:1,(anonymous_6)
FNDA:9,(anonymous_7)
DA:1,1
DA:2,1
DA:3,1
DA:4,1
DA:6,1
DA:10,10
DA:15,10
DA:16,10
DA:23,24
DA:24,24
DA:28,10
DA:29,10
DA:38,9
DA:42,1
DA:44,1
DA:49,9
DA:50,9
DA:51,9
LF:18
LH:18
BRF:0
BRH:0
end_of_record
TN:
SF:syntax/functions/index.js
FN:8,(anonymous_0)
FN:13,(anonymous_1)
FN:17,(anonymous_2)
FN:24,(anonymous_3)
FN:32,(anonymous_4)
FN:41,(anonymous_5)
FN:45,(anonymous_6)
FNF:7
FNH:7
FNDA:26,(anonymous_0)
FNDA:44,(anonymous_1)
FNDA:26,(anonymous_2)
FNDA:24,(anonymous_3)
FNDA:2,(anonymous_4)
FNDA:3,(anonymous_5)
FNDA:1,(anonymous_6)
DA:1,1
DA:2,1
DA:3,1
DA:5,1
DA:9,26
DA:14,44
DA:15,44
DA:18,26
DA:19,26
DA:25,24
DA:26,24
DA:27,24
DA:28,24
DA:33,2
DA:34,2
DA:35,2
DA:42,3
DA:43,3
DA:46,1
DA:47,1
LF:20
LH:20
BRF:0
BRH:0
end_of_record
TN:
SF:syntax/hashmaps/index.js
FN:9,(anonymous_0)
FN:17,(anonymous_1)
FN:29,(anonymous_2)
FN:41,(anonymous_3)
FN:51,(anonymous_4)
FN:56,(anonymous_5)
FN:67,(anonymous_6)
FN:79,(anonymous_7)
FN:90,(anonymous_8)
FN:95,(anonymous_9)
FNF:10
FNH:10
FNDA:8,(anonymous_0)
FNDA:2,(anonymous_1)
FNDA:8,(anonymous_2)
FNDA:1,(anonymous_3)
FNDA:1,(anonymous_4)
FNDA:2,(anonymous_5)
FNDA:6,(anonymous_6)
FNDA:1,(anonymous_7)
FNDA:7,(anonymous_8)
FNDA:6,(anonymous_9)
DA:1,1
DA:2,1
DA:3,1
DA:4,1
DA:6,1
DA:10,8
DA:18,2
DA:30,8
DA:31,8
DA:38,8
DA:42,1
DA:52,1
DA:53,1
DA:54,1
DA:57,2
DA:58,2
DA:59,2
DA:68,6
DA:69,6
DA:76,6
DA:80,1
DA:91,7
DA:92,7
DA:93,7
DA:96,6
DA:97,6
DA:98,4
DA:99,4
DA:101,2
DA:102,2
DA:103,2
DA:110,2
LF:32
LH:32
BRDA:97,0,0,4
BRDA:97,0,1,2
BRDA:102,1,0,1
BRDA:102,1,1,1
BRF:4
BRH:4
end_of_record
TN:
SF:syntax/imports/index.js
FN:9,(anonymous_0)
FN:13,(anonymous_1)
FN:20,(anonymous_2)
FN:25,(anonymous_3)
FN:32,(anonymous_4)
FN:39,(anonymous_5)
FN:44,(anonymous_6)
FNF:7
FNH:7
FNDA:4,(anonymous_0)
FNDA:4,(anonymous_1)
FNDA:5,(anonymous_2)
FNDA:4,(anonymous_3)
FNDA:4,(anonymous_4)
FNDA:4,(anonymous_5)
FNDA:4,(anonymous_6)
DA:1,1
DA:2,1
DA:4,1
DA:10,4
DA:14,4
DA:21,5
DA:22,5
DA:26,4
DA:27,4
DA:28,4
DA:33,4
DA:34,4
DA:35,4
DA:40,4
DA:45,4
DA:46,4
DA:47,4
LF:17
LH:17
BRF:0
BRH:0
end_of_record
TN:
SF:syntax/in/index.js
FN:7,(anonymous_0)
FN:14,(anonymous_1)
FNF:2
FNH:2
FNDA:4,(anonymous_0)
FNDA:4,(anonymous_1)
DA:1,1
DA:2,1
DA:4,1
DA:8,4
DA:15,4
DA:16,4
DA:17,4
LF:7
LH:7
BRF:0
BRH:0
end_of_record
TN:
SF:syntax/logicals/index.js
FN:10,(anonymous_0)
FN:24,(anonymous_1)
FN:37,(anonymous_2)
FN:51,(anonymous_3)
FNF:4
FNH:4
FNDA:4,(anonymous_0)
FNDA:5,(anonymous_1)
FNDA:1,(anonymous_2)
FNDA:8,(anonymous_3)
DA:1,1
DA:2,1
DA:3,1
DA:5,1
DA:11,4
DA:25,5
DA:38,1
DA:52,8
LF:8
LH:8
BRF:0
BRH:0
end_of_record
TN:
SF:syntax/math/index.js
FN:14,(anonymous_0)
FN:17,(anonymous_1)
FN:20,(anonymous_2)
FN:23,(anonymous_3)
FN:26,(anonymous_4)
FN:29,(anonymous_5)
FN:33,(anonymous_6)
FN:39,(anonymous_7)
FNF:8
FNH:8
FNDA:1,(anonymous_0)
FNDA:3,(anonymous_1)
FNDA:2,(anonymous_2)
FNDA:27,(anonymous_3)
FNDA:6,(anonymous_4)
FNDA:2,(anonymous_5)
FNDA:6,(anonymous_6)
FNDA:41,(anonymous_7)
DA:1,1
DA:2,1
DA:3,1
DA:5,1
DA:15,1
DA:18,3
DA:21,2
DA:24,27
DA:27,6
DA:30,2
DA:33,6
DA:40,41
LF:12
LH:12
BRF:0
BRH:0
end_of_record
TN:
SF:syntax/methods/index.js
FN:9,(anonymous_0)
FNF:1
FNH:1
FNDA:4,(anonymous_0)
DA:1,1
DA:2,1
DA:4,1
DA:10,4
LF:4
LH:4
BRF:0
BRH:0
end_of_record
TN:
SF:syntax/parallelFns/index.js
FN:7,(anonymous_0)
FN:12,(anonymous_1)
FNF:2
FNH:2
FNDA:21,(anonymous_0)
FNDA:21,(anonymous_1)
DA:1,1
DA:2,1
DA:4,1
DA:8,21
DA:13,21
LF:5
LH:5
BRF:0
BRH:0
end_of_record
TN:
SF:syntax/properties/index.js
FN:7,(anonymous_0)
FN:12,(anonymous_1)
FNF:2
FNH:2
FNDA:13,(anonymous_0)
FNDA:13,(anonymous_1)
DA:1,1
DA:2,1
DA:4,1
DA:8,13
DA:13,13
LF:5
LH:5
BRF:0
BRH:0
end_of_record
TN:
SF:syntax/ranges/index.js
FN:9,(anonymous_0)
FN:10,(anonymous_1)
FN:14,(anonymous_2)
FN:19,(anonymous_3)
FN:21,(anonymous_4)
FN:28,(anonymous_5)
FN:29,(anonymous_6)
FN:35,(anonymous_7)
FN:40,(anonymous_8)
FN:46,(anonymous_9)
FN:47,(anonymous_10)
FNF:11
FNH:11
FNDA:22,(anonymous_0)
FNDA:2,(anonymous_1)
FNDA:1,(anonymous_2)
FNDA:22,(anonymous_3)
FNDA:6,(anonymous_4)
FNDA:22,(anonymous_5)
FNDA:4,(anonymous_6)
FNDA:2,(anonymous_7)
FNDA:1,(anonymous_8)
FNDA:22,(anonymous_9)
FNDA:6,(anonymous_10)
DA:1,1
DA:2,1
DA:3,1
DA:5,1
DA:9,22
DA:11,2
DA:15,1
DA:19,22
DA:22,6
DA:28,22
DA:30,4
DA:31,4
DA:32,4
DA:36,2
DA:41,1
DA:46,22
DA:48,6
LF:17
LH:17
BRF:0
BRH:0
end_of_record
TN:
SF:syntax/sets/index.js
FN:11,(anonymous_0)
FN:15,(anonymous_1)
FN:23,(anonymous_2)
FN:28,(anonymous_3)
FNF:4
FNH:4
FNDA:2,(anonymous_0)
FNDA:1,(anonymous_1)
FNDA:4,(anonymous_2)
FNDA:2,(anonymous_3)
DA:1,1
DA:2,1
DA:3,1
DA:5,1
DA:12,2
DA:16,1
DA:24,4
DA:25,4
DA:29,2
DA:30,2
DA:31,2
LF:11
LH:11
BRF:0
BRH:0
end_of_record
TN:
SF:syntax/slices/index.js
FN:8,(anonymous_0)
FN:15,(anonymous_1)
FNF:2
FNH:2
FNDA:1,(anonymous_0)
FNDA:1,(anonymous_1)
DA:1,1
DA:2,1
DA:3,1
DA:5,1
DA:9,1
DA:10,1
DA:11,1
DA:16,1
LF:8
LH:8
BRF:0
BRH:0
end_of_record
TN:
SF:syntax/wrapped/index.js
FN:11,(anonymous_0)
FN:15,(anonymous_1)
FN:18,(anonymous_2)
FN:22,(anonymous_3)
FNF:4
FNH:4
FNDA:26,(anonymous_0)
FNDA:2,(anonymous_1)
FNDA:2,(anonymous_2)
FNDA:26,(anonymous_3)
DA:1,1
DA:2,1
DA:3,1
DA:5,1
DA:12,26
DA:16,2
DA:18,2
DA:23,26
DA:24,26
DA:25,26
LF:10
LH:10
BRF:0
BRH:0
end_of_record
